{"C:\\Users\\kgdsk\\CascadeProjects\\assistpro-ai-v3\\src\\middleware.ts": {"path":"C:\\Users\\kgdsk\\CascadeProjects\\assistpro-ai-v3\\src\\middleware.ts","statementMap":{"0":{"start":{"line":4,"column":16},"end":{"line":4,"column":27}},"1":{"start":{"line":1,"column":29},"end":{"line":1,"column":null}},"2":{"start":{"line":5,"column":2},"end":{"line":5,"column":null}}},"fnMap":{"0":{"name":"middleware","decl":{"start":{"line":4,"column":16},"end":{"line":4,"column":27}},"loc":{"start":{"line":4,"column":43},"end":{"line":6,"column":null}}}},"branchMap":{},"s":{"0":0,"1":0,"2":0},"f":{"0":0},"b":{}}
,"C:\\Users\\kgdsk\\CascadeProjects\\assistpro-ai-v3\\src\\app\\layout.tsx": {"path":"C:\\Users\\kgdsk\\CascadeProjects\\assistpro-ai-v3\\src\\app\\layout.tsx","statementMap":{"0":{"start":{"line":12,"column":24},"end":{"line":12,"column":35}},"1":{"start":{"line":7,"column":13},"end":{"line":7,"column":21}},"2":{"start":{"line":2,"column":22},"end":{"line":2,"column":null}},"3":{"start":{"line":3,"column":7},"end":{"line":3,"column":null}},"4":{"start":{"line":5,"column":14},"end":{"line":5,"column":null}},"5":{"start":{"line":7,"column":34},"end":{"line":10,"column":null}},"6":{"start":{"line":17,"column":37},"end":{"line":17,"column":null}},"7":{"start":{"line":19,"column":24},"end":{"line":22,"column":null}},"8":{"start":{"line":20,"column":4},"end":{"line":20,"column":null}}},"fnMap":{"0":{"name":"RootLayout","decl":{"start":{"line":12,"column":24},"end":{"line":12,"column":35}},"loc":{"start":{"line":16,"column":1},"end":{"line":44,"column":1}}},"1":{"name":"(anonymous_4)","decl":{"start":{"line":19,"column":24},"end":{"line":19,"column":null}},"loc":{"start":{"line":19,"column":24},"end":{"line":22,"column":null}}}},"branchMap":{"0":{"loc":{"start":{"line":27,"column":53},"end":{"line":27,"column":96}},"type":"cond-expr","locations":[{"start":{"line":27,"column":70},"end":{"line":27,"column":90}},{"start":{"line":27,"column":93},"end":{"line":27,"column":96}}]},"1":{"loc":{"start":{"line":33,"column":19},"end":{"line":33,"column":null}},"type":"cond-expr","locations":[{"start":{"line":33,"column":35},"end":{"line":33,"column":53}},{"start":{"line":33,"column":53},"end":{"line":33,"column":null}}]},"2":{"loc":{"start":{"line":35,"column":29},"end":{"line":35,"column":61}},"type":"cond-expr","locations":[{"start":{"line":35,"column":29},"end":{"line":35,"column":61}}]}},"s":{"0":0,"1":0,"2":0,"3":0,"4":0,"5":0,"6":0,"7":0,"8":0},"f":{"0":0,"1":0},"b":{"0":[0,0],"1":[0,0],"2":[0]}}
,"C:\\Users\\kgdsk\\CascadeProjects\\assistpro-ai-v3\\src\\app\\page.tsx": {"path":"C:\\Users\\kgdsk\\CascadeProjects\\assistpro-ai-v3\\src\\app\\page.tsx","statementMap":{"0":{"start":{"line":27,"column":24},"end":{"line":27,"column":null}},"1":{"start":{"line":4,"column":17},"end":{"line":4,"column":null}},"2":{"start":{"line":5,"column":23},"end":{"line":5,"column":null}},"3":{"start":{"line":6,"column":34},"end":{"line":6,"column":null}},"4":{"start":{"line":18,"column":7},"end":{"line":18,"column":null}},"5":{"start":{"line":19,"column":22},"end":{"line":19,"column":null}},"6":{"start":{"line":20,"column":84},"end":{"line":20,"column":null}},"7":{"start":{"line":21,"column":44},"end":{"line":21,"column":null}},"8":{"start":{"line":22,"column":58},"end":{"line":22,"column":null}},"9":{"start":{"line":23,"column":30},"end":{"line":23,"column":null}},"10":{"start":{"line":24,"column":48},"end":{"line":24,"column":null}},"11":{"start":{"line":25,"column":26},"end":{"line":25,"column":null}},"12":{"start":{"line":28,"column":17},"end":{"line":28,"column":null}},"13":{"start":{"line":29,"column":46},"end":{"line":29,"column":null}},"14":{"start":{"line":31,"column":2},"end":{"line":36,"column":null}},"15":{"start":{"line":32,"column":35},"end":{"line":32,"column":null}},"16":{"start":{"line":33,"column":4},"end":{"line":35,"column":null}},"17":{"start":{"line":34,"column":6},"end":{"line":34,"column":null}},"18":{"start":{"line":38,"column":35},"end":{"line":43,"column":null}},"19":{"start":{"line":39,"column":4},"end":{"line":39,"column":null}},"20":{"start":{"line":40,"column":4},"end":{"line":40,"column":null}},"21":{"start":{"line":41,"column":4},"end":{"line":41,"column":null}},"22":{"start":{"line":42,"column":4},"end":{"line":42,"column":null}},"23":{"start":{"line":45,"column":32},"end":{"line":48,"column":null}},"24":{"start":{"line":46,"column":4},"end":{"line":46,"column":null}},"25":{"start":{"line":47,"column":4},"end":{"line":47,"column":null}},"26":{"start":{"line":50,"column":32},"end":{"line":50,"column":null}},"27":{"start":{"line":51,"column":42},"end":{"line":51,"column":null}},"28":{"start":{"line":52,"column":36},"end":{"line":52,"column":null}},"29":{"start":{"line":53,"column":40},"end":{"line":53,"column":null}},"30":{"start":{"line":54,"column":48},"end":{"line":54,"column":null}},"31":{"start":{"line":55,"column":27},"end":{"line":55,"column":null}},"32":{"start":{"line":56,"column":25},"end":{"line":56,"column":null}},"33":{"start":{"line":58,"column":20},"end":{"line":71,"column":null}},"34":{"start":{"line":73,"column":33},"end":{"line":100,"column":null}},"35":{"start":{"line":74,"column":4},"end":{"line":99,"column":null}},"36":{"start":{"line":75,"column":21},"end":{"line":75,"column":null}},"37":{"start":{"line":76,"column":21},"end":{"line":76,"column":null}},"38":{"start":{"line":77,"column":6},"end":{"line":79,"column":null}},"39":{"start":{"line":78,"column":8},"end":{"line":78,"column":null}},"40":{"start":{"line":80,"column":6},"end":{"line":80,"column":null}},"41":{"start":{"line":80,"column":42},"end":{"line":80,"column":null}},"42":{"start":{"line":81,"column":6},"end":{"line":81,"column":null}},"43":{"start":{"line":83,"column":6},"end":{"line":83,"column":null}},"44":{"start":{"line":84,"column":25},"end":{"line":84,"column":null}},"45":{"start":{"line":85,"column":6},"end":{"line":97,"column":null}},"46":{"start":{"line":86,"column":8},"end":{"line":96,"column":null}},"47":{"start":{"line":88,"column":12},"end":{"line":88,"column":null}},"48":{"start":{"line":89,"column":12},"end":{"line":89,"column":null}},"49":{"start":{"line":91,"column":12},"end":{"line":91,"column":null}},"50":{"start":{"line":92,"column":12},"end":{"line":92,"column":null}},"51":{"start":{"line":94,"column":12},"end":{"line":94,"column":null}},"52":{"start":{"line":95,"column":12},"end":{"line":95,"column":null}},"53":{"start":{"line":98,"column":6},"end":{"line":98,"column":null}},"54":{"start":{"line":102,"column":2},"end":{"line":104,"column":null}},"55":{"start":{"line":103,"column":4},"end":{"line":103,"column":null}},"56":{"start":{"line":106,"column":25},"end":{"line":136,"column":null}},"57":{"start":{"line":107,"column":4},"end":{"line":107,"column":null}},"58":{"start":{"line":107,"column":25},"end":{"line":107,"column":null}},"59":{"start":{"line":108,"column":4},"end":{"line":135,"column":null}},"60":{"start":{"line":109,"column":21},"end":{"line":111,"column":null}},"61":{"start":{"line":112,"column":6},"end":{"line":112,"column":null}},"62":{"start":{"line":113,"column":6},"end":{"line":113,"column":null}},"63":{"start":{"line":114,"column":6},"end":{"line":116,"column":null}},"64":{"start":{"line":115,"column":8},"end":{"line":115,"column":null}},"65":{"start":{"line":117,"column":6},"end":{"line":129,"column":null}},"66":{"start":{"line":118,"column":26},"end":{"line":118,"column":null}},"67":{"start":{"line":119,"column":8},"end":{"line":128,"column":null}},"68":{"start":{"line":120,"column":32},"end":{"line":120,"column":null}},"69":{"start":{"line":121,"column":10},"end":{"line":124,"column":null}},"70":{"start":{"line":122,"column":12},"end":{"line":122,"column":null}},"71":{"start":{"line":123,"column":12},"end":{"line":123,"column":null}},"72":{"start":{"line":126,"column":10},"end":{"line":126,"column":null}},"73":{"start":{"line":127,"column":10},"end":{"line":127,"column":null}},"74":{"start":{"line":130,"column":6},"end":{"line":130,"column":null}},"75":{"start":{"line":131,"column":6},"end":{"line":131,"column":null}},"76":{"start":{"line":133,"column":6},"end":{"line":133,"column":null}},"77":{"start":{"line":134,"column":6},"end":{"line":134,"column":null}},"78":{"start":{"line":138,"column":24},"end":{"line":143,"column":null}},"79":{"start":{"line":139,"column":4},"end":{"line":142,"column":null}},"80":{"start":{"line":140,"column":6},"end":{"line":140,"column":null}},"81":{"start":{"line":141,"column":6},"end":{"line":141,"column":null}},"82":{"start":{"line":145,"column":28},"end":{"line":181,"column":null}},"83":{"start":{"line":146,"column":27},"end":{"line":146,"column":null}},"84":{"start":{"line":147,"column":4},"end":{"line":147,"column":null}},"85":{"start":{"line":147,"column":32},"end":{"line":147,"column":null}},"86":{"start":{"line":148,"column":28},"end":{"line":151,"column":null}},"87":{"start":{"line":152,"column":4},"end":{"line":152,"column":null}},"88":{"start":{"line":153,"column":4},"end":{"line":153,"column":null}},"89":{"start":{"line":154,"column":4},"end":{"line":154,"column":null}},"90":{"start":{"line":155,"column":4},"end":{"line":180,"column":null}},"91":{"start":{"line":156,"column":22},"end":{"line":158,"column":null}},"92":{"start":{"line":157,"column":20},"end":{"line":157,"column":49}},"93":{"start":{"line":159,"column":23},"end":{"line":159,"column":null}},"94":{"start":{"line":160,"column":6},"end":{"line":163,"column":null}},"95":{"start":{"line":160,"column":30},"end":{"line":163,"column":null}},"96":{"start":{"line":164,"column":6},"end":{"line":171,"column":null}},"97":{"start":{"line":165,"column":26},"end":{"line":165,"column":null}},"98":{"start":{"line":166,"column":25},"end":{"line":166,"column":null}},"99":{"start":{"line":167,"column":22},"end":{"line":167,"column":null}},"100":{"start":{"line":168,"column":8},"end":{"line":168,"column":null}},"101":{"start":{"line":170,"column":8},"end":{"line":170,"column":null}},"102":{"start":{"line":173,"column":6},"end":{"line":173,"column":null}},"103":{"start":{"line":174,"column":6},"end":{"line":177,"column":null}},"104":{"start":{"line":174,"column":30},"end":{"line":177,"column":null}},"105":{"start":{"line":179,"column":6},"end":{"line":179,"column":null}},"106":{"start":{"line":183,"column":23},"end":{"line":204,"column":null}},"107":{"start":{"line":250,"column":14},"end":{"line":250,"column":32}},"108":{"start":{"line":270,"column":16},"end":{"line":271,"column":null}},"109":{"start":{"line":297,"column":33},"end":{"line":297,"column":null}},"110":{"start":{"line":298,"column":34},"end":{"line":298,"column":null}},"111":{"start":{"line":303,"column":31},"end":{"line":303,"column":null}},"112":{"start":{"line":401,"column":59},"end":{"line":401,"column":null}}},"fnMap":{"0":{"name":"Home","decl":{"start":{"line":27,"column":24},"end":{"line":27,"column":null}},"loc":{"start":{"line":27,"column":24},"end":{"line":425,"column":null}}},"1":{"name":"(anonymous_3)","decl":{"start":{"line":31,"column":12},"end":{"line":31,"column":null}},"loc":{"start":{"line":31,"column":12},"end":{"line":36,"column":5}}},"2":{"name":"(anonymous_4)","decl":{"start":{"line":38,"column":35},"end":{"line":38,"column":36}},"loc":{"start":{"line":38,"column":36},"end":{"line":43,"column":null}}},"3":{"name":"(anonymous_5)","decl":{"start":{"line":45,"column":32},"end":{"line":45,"column":null}},"loc":{"start":{"line":45,"column":32},"end":{"line":48,"column":null}}},"4":{"name":"(anonymous_6)","decl":{"start":{"line":73,"column":33},"end":{"line":73,"column":null}},"loc":{"start":{"line":73,"column":33},"end":{"line":100,"column":null}}},"5":{"name":"(anonymous_7)","decl":{"start":{"line":80,"column":33},"end":{"line":80,"column":42}},"loc":{"start":{"line":80,"column":42},"end":{"line":80,"column":null}}},"6":{"name":"(anonymous_8)","decl":{"start":{"line":102,"column":12},"end":{"line":102,"column":null}},"loc":{"start":{"line":102,"column":12},"end":{"line":104,"column":5}}},"7":{"name":"(anonymous_9)","decl":{"start":{"line":106,"column":25},"end":{"line":106,"column":null}},"loc":{"start":{"line":106,"column":25},"end":{"line":136,"column":null}}},"8":{"name":"(anonymous_10)","decl":{"start":{"line":114,"column":49},"end":{"line":114,"column":50}},"loc":{"start":{"line":114,"column":50},"end":{"line":116,"column":null}}},"9":{"name":"(anonymous_11)","decl":{"start":{"line":117,"column":40},"end":{"line":117,"column":null}},"loc":{"start":{"line":117,"column":40},"end":{"line":129,"column":null}}},"10":{"name":"(anonymous_12)","decl":{"start":{"line":138,"column":24},"end":{"line":138,"column":null}},"loc":{"start":{"line":138,"column":24},"end":{"line":143,"column":null}}},"11":{"name":"(anonymous_13)","decl":{"start":{"line":145,"column":28},"end":{"line":145,"column":35}},"loc":{"start":{"line":145,"column":35},"end":{"line":181,"column":null}}},"12":{"name":"(anonymous_14)","decl":{"start":{"line":157,"column":13},"end":{"line":157,"column":20}},"loc":{"start":{"line":157,"column":20},"end":{"line":157,"column":49}}},"13":{"name":"(anonymous_15)","decl":{"start":{"line":160,"column":22},"end":{"line":160,"column":30}},"loc":{"start":{"line":160,"column":30},"end":{"line":163,"column":null}}},"14":{"name":"(anonymous_16)","decl":{"start":{"line":174,"column":22},"end":{"line":174,"column":30}},"loc":{"start":{"line":174,"column":30},"end":{"line":177,"column":null}}},"15":{"name":"(anonymous_17)","decl":{"start":{"line":249,"column":30},"end":{"line":249,"column":31}},"loc":{"start":{"line":250,"column":14},"end":{"line":250,"column":32}}},"16":{"name":"(anonymous_18)","decl":{"start":{"line":269,"column":32},"end":{"line":269,"column":33}},"loc":{"start":{"line":270,"column":16},"end":{"line":271,"column":null}}},"17":{"name":"(anonymous_19)","decl":{"start":{"line":297,"column":26},"end":{"line":297,"column":27}},"loc":{"start":{"line":297,"column":33},"end":{"line":297,"column":null}}},"18":{"name":"(anonymous_20)","decl":{"start":{"line":298,"column":27},"end":{"line":298,"column":28}},"loc":{"start":{"line":298,"column":34},"end":{"line":298,"column":null}}},"19":{"name":"(anonymous_21)","decl":{"start":{"line":303,"column":25},"end":{"line":303,"column":31}},"loc":{"start":{"line":303,"column":31},"end":{"line":303,"column":null}}},"20":{"name":"(anonymous_22)","decl":{"start":{"line":401,"column":53},"end":{"line":401,"column":59}},"loc":{"start":{"line":401,"column":59},"end":{"line":401,"column":null}}}},"branchMap":{"0":{"loc":{"start":{"line":33,"column":4},"end":{"line":35,"column":null}},"type":"if","locations":[{"start":{"line":33,"column":4},"end":{"line":35,"column":null}}]},"1":{"loc":{"start":{"line":77,"column":6},"end":{"line":79,"column":null}},"type":"if","locations":[{"start":{"line":77,"column":6},"end":{"line":79,"column":null}}]},"2":{"loc":{"start":{"line":85,"column":6},"end":{"line":97,"column":null}},"type":"if","locations":[{"start":{"line":85,"column":6},"end":{"line":97,"column":null}}]},"3":{"loc":{"start":{"line":86,"column":8},"end":{"line":96,"column":null}},"type":"switch","locations":[{"start":{"line":87,"column":10},"end":{"line":89,"column":null}},{"start":{"line":90,"column":10},"end":{"line":92,"column":null}},{"start":{"line":93,"column":10},"end":{"line":95,"column":null}}]},"4":{"loc":{"start":{"line":107,"column":4},"end":{"line":107,"column":null}},"type":"if","locations":[{"start":{"line":107,"column":4},"end":{"line":107,"column":null}}]},"5":{"loc":{"start":{"line":121,"column":10},"end":{"line":124,"column":null}},"type":"if","locations":[{"start":{"line":121,"column":10},"end":{"line":124,"column":null}}]},"6":{"loc":{"start":{"line":139,"column":4},"end":{"line":142,"column":null}},"type":"if","locations":[{"start":{"line":139,"column":4},"end":{"line":142,"column":null}}]},"7":{"loc":{"start":{"line":146,"column":27},"end":{"line":146,"column":null}},"type":"binary-expr","locations":[{"start":{"line":146,"column":27},"end":{"line":146,"column":43}},{"start":{"line":146,"column":43},"end":{"line":146,"column":null}}]},"8":{"loc":{"start":{"line":147,"column":4},"end":{"line":147,"column":null}},"type":"if","locations":[{"start":{"line":147,"column":4},"end":{"line":147,"column":null}}]},"9":{"loc":{"start":{"line":273,"column":20},"end":{"line":273,"column":null}},"type":"cond-expr","locations":[{"start":{"line":273,"column":42},"end":{"line":273,"column":58}},{"start":{"line":273,"column":58},"end":{"line":273,"column":null}}]},"10":{"loc":{"start":{"line":278,"column":22},"end":{"line":280,"column":null}},"type":"cond-expr","locations":[{"start":{"line":279,"column":24},"end":{"line":279,"column":null}},{"start":{"line":280,"column":24},"end":{"line":280,"column":null}}]},"11":{"loc":{"start":{"line":287,"column":15},"end":{"line":287,"column":null}},"type":"binary-expr","locations":[{"start":{"line":287,"column":15},"end":{"line":287,"column":null}}]},"12":{"loc":{"start":{"line":298,"column":34},"end":{"line":298,"column":null}},"type":"binary-expr","locations":[{"start":{"line":298,"column":34},"end":{"line":298,"column":55}},{"start":{"line":298,"column":55},"end":{"line":298,"column":null}}]},"13":{"loc":{"start":{"line":311,"column":25},"end":{"line":311,"column":null}},"type":"cond-expr","locations":[{"start":{"line":311,"column":39},"end":{"line":311,"column":55}},{"start":{"line":311,"column":55},"end":{"line":311,"column":null}}]},"14":{"loc":{"start":{"line":312,"column":25},"end":{"line":312,"column":null}},"type":"cond-expr","locations":[{"start":{"line":312,"column":39},"end":{"line":312,"column":55}},{"start":{"line":312,"column":55},"end":{"line":312,"column":null}}]},"15":{"loc":{"start":{"line":314,"column":28},"end":{"line":314,"column":null}},"type":"cond-expr","locations":[{"start":{"line":314,"column":42},"end":{"line":314,"column":61}},{"start":{"line":314,"column":61},"end":{"line":314,"column":null}}]},"16":{"loc":{"start":{"line":316,"column":31},"end":{"line":316,"column":69}},"type":"cond-expr","locations":[{"start":{"line":316,"column":31},"end":{"line":316,"column":69}}]}},"s":{"0":6,"1":1,"2":1,"3":1,"4":1,"5":1,"6":1,"7":1,"8":1,"9":1,"10":1,"11":1,"12":25,"13":0,"14":0,"15":0,"16":0,"17":0,"18":0,"19":0,"20":0,"21":0,"22":0,"23":0,"24":0,"25":0,"26":0,"27":0,"28":0,"29":0,"30":0,"31":0,"32":0,"33":0,"34":0,"35":0,"36":0,"37":0,"38":0,"39":0,"40":0,"41":0,"42":0,"43":0,"44":0,"45":0,"46":0,"47":0,"48":0,"49":0,"50":0,"51":0,"52":0,"53":0,"54":0,"55":0,"56":0,"57":0,"58":0,"59":0,"60":0,"61":0,"62":0,"63":0,"64":0,"65":0,"66":0,"67":0,"68":0,"69":0,"70":0,"71":0,"72":0,"73":0,"74":0,"75":0,"76":0,"77":0,"78":0,"79":0,"80":0,"81":0,"82":0,"83":0,"84":0,"85":0,"86":0,"87":0,"88":0,"89":0,"90":0,"91":0,"92":0,"93":0,"94":0,"95":0,"96":0,"97":0,"98":0,"99":0,"100":0,"101":0,"102":0,"103":0,"104":0,"105":0,"106":0,"107":0,"108":0,"109":0,"110":0,"111":0,"112":0},"f":{"0":25,"1":0,"2":0,"3":0,"4":0,"5":0,"6":0,"7":0,"8":0,"9":0,"10":0,"11":0,"12":0,"13":0,"14":0,"15":0,"16":0,"17":0,"18":0,"19":0,"20":0},"b":{"0":[0],"1":[0],"2":[0],"3":[0,0,0],"4":[0],"5":[0],"6":[0],"7":[0,0],"8":[0],"9":[0,0],"10":[0,0],"11":[0],"12":[0,0],"13":[0,0],"14":[0,0],"15":[0,0],"16":[0]}}
,"C:\\Users\\kgdsk\\CascadeProjects\\assistpro-ai-v3\\src\\app\\[locale]\\layout.tsx": {"path":"C:\\Users\\kgdsk\\CascadeProjects\\assistpro-ai-v3\\src\\app\\[locale]\\layout.tsx","statementMap":{"0":{"start":{"line":19,"column":30},"end":{"line":19,"column":43}},"1":{"start":{"line":14,"column":13},"end":{"line":14,"column":21}},"2":{"start":{"line":1,"column":39},"end":{"line":1,"column":null}},"3":{"start":{"line":2,"column":28},"end":{"line":2,"column":null}},"4":{"start":{"line":4,"column":22},"end":{"line":4,"column":null}},"5":{"start":{"line":5,"column":7},"end":{"line":5,"column":null}},"6":{"start":{"line":7,"column":14},"end":{"line":12,"column":null}},"7":{"start":{"line":14,"column":34},"end":{"line":17,"column":null}},"8":{"start":{"line":26,"column":19},"end":{"line":26,"column":null}}},"fnMap":{"0":{"name":"LocaleLayout","decl":{"start":{"line":19,"column":30},"end":{"line":19,"column":43}},"loc":{"start":{"line":25,"column":1},"end":{"line":37,"column":1}}}},"branchMap":{},"s":{"0":0,"1":0,"2":0,"3":0,"4":0,"5":0,"6":0,"7":0,"8":0},"f":{"0":0},"b":{}}
,"C:\\Users\\kgdsk\\CascadeProjects\\assistpro-ai-v3\\src\\app\\[locale]\\page.tsx": {"path":"C:\\Users\\kgdsk\\CascadeProjects\\assistpro-ai-v3\\src\\app\\[locale]\\page.tsx","statementMap":{"0":{"start":{"line":6,"column":24},"end":{"line":6,"column":null}},"1":{"start":{"line":1,"column":32},"end":{"line":1,"column":null}},"2":{"start":{"line":2,"column":27},"end":{"line":2,"column":null}},"3":{"start":{"line":3,"column":31},"end":{"line":3,"column":null}},"4":{"start":{"line":4,"column":17},"end":{"line":4,"column":null}},"5":{"start":{"line":7,"column":12},"end":{"line":7,"column":null}}},"fnMap":{"0":{"name":"Home","decl":{"start":{"line":6,"column":24},"end":{"line":6,"column":null}},"loc":{"start":{"line":6,"column":24},"end":{"line":33,"column":null}}}},"branchMap":{},"s":{"0":0,"1":0,"2":0,"3":0,"4":0,"5":0},"f":{"0":0},"b":{}}
,"C:\\Users\\kgdsk\\CascadeProjects\\assistpro-ai-v3\\src\\app\\agentes\\criar\\page.tsx": {"path":"C:\\Users\\kgdsk\\CascadeProjects\\assistpro-ai-v3\\src\\app\\agentes\\criar\\page.tsx","statementMap":{"0":{"start":{"line":37,"column":24},"end":{"line":37,"column":null}},"1":{"start":{"line":3,"column":25},"end":{"line":3,"column":null}},"2":{"start":{"line":4,"column":51},"end":{"line":4,"column":null}},"3":{"start":{"line":5,"column":28},"end":{"line":5,"column":null}},"4":{"start":{"line":6,"column":18},"end":{"line":6,"column":null}},"5":{"start":{"line":12,"column":7},"end":{"line":12,"column":null}},"6":{"start":{"line":13,"column":22},"end":{"line":13,"column":null}},"7":{"start":{"line":14,"column":23},"end":{"line":14,"column":null}},"8":{"start":{"line":15,"column":78},"end":{"line":15,"column":null}},"9":{"start":{"line":16,"column":25},"end":{"line":16,"column":null}},"10":{"start":{"line":17,"column":57},"end":{"line":17,"column":null}},"11":{"start":{"line":20,"column":28},"end":{"line":33,"column":null}},"12":{"start":{"line":43,"column":6},"end":{"line":51,"column":null}},"13":{"start":{"line":53,"column":48},"end":{"line":53,"column":null}},"14":{"start":{"line":55,"column":57},"end":{"line":69,"column":null}},"15":{"start":{"line":56,"column":4},"end":{"line":68,"column":null}},"16":{"start":{"line":57,"column":23},"end":{"line":61,"column":null}},"17":{"start":{"line":63,"column":6},"end":{"line":65,"column":null}},"18":{"start":{"line":67,"column":6},"end":{"line":67,"column":null}},"19":{"start":{"line":105,"column":24},"end":{"line":105,"column":47}},"20":{"start":{"line":146,"column":24},"end":{"line":146,"column":47}}},"fnMap":{"0":{"name":"CriarAgentePage","decl":{"start":{"line":37,"column":24},"end":{"line":37,"column":null}},"loc":{"start":{"line":37,"column":24},"end":{"line":164,"column":null}}},"1":{"name":"(anonymous_2)","decl":{"start":{"line":55,"column":57},"end":{"line":55,"column":64}},"loc":{"start":{"line":55,"column":64},"end":{"line":69,"column":null}}},"2":{"name":"(anonymous_4)","decl":{"start":{"line":104,"column":52},"end":{"line":104,"column":53}},"loc":{"start":{"line":105,"column":24},"end":{"line":105,"column":47}}},"3":{"name":"(anonymous_6)","decl":{"start":{"line":145,"column":55},"end":{"line":145,"column":null}},"loc":{"start":{"line":146,"column":24},"end":{"line":146,"column":47}}}},"branchMap":{"0":{"loc":{"start":{"line":63,"column":6},"end":{"line":65,"column":null}},"type":"if","locations":[{"start":{"line":63,"column":6},"end":{"line":65,"column":null}}]},"1":{"loc":{"start":{"line":87,"column":15},"end":{"line":87,"column":26}},"type":"binary-expr","locations":[{"start":{"line":87,"column":15},"end":{"line":87,"column":26}}]},"2":{"loc":{"start":{"line":113,"column":15},"end":{"line":113,"column":26}},"type":"binary-expr","locations":[{"start":{"line":113,"column":15},"end":{"line":113,"column":26}}]}},"s":{"0":3,"1":1,"2":1,"3":1,"4":1,"5":1,"6":1,"7":1,"8":1,"9":1,"10":1,"11":1,"12":5,"13":5,"14":5,"15":0,"16":0,"17":0,"18":0,"19":25,"20":15},"f":{"0":5,"1":0,"2":25,"3":15},"b":{"0":[0],"1":[5],"2":[5]}}
,"C:\\Users\\kgdsk\\CascadeProjects\\assistpro-ai-v3\\src\\app\\analytics\\page.tsx": {"path":"C:\\Users\\kgdsk\\CascadeProjects\\assistpro-ai-v3\\src\\app\\analytics\\page.tsx","statementMap":{"0":{"start":{"line":39,"column":24},"end":{"line":39,"column":null}},"1":{"start":{"line":1,"column":33},"end":{"line":1,"column":null}},"2":{"start":{"line":2,"column":31},"end":{"line":2,"column":null}},"3":{"start":{"line":3,"column":57},"end":{"line":3,"column":null}},"4":{"start":{"line":4,"column":57},"end":{"line":4,"column":null}},"5":{"start":{"line":10,"column":7},"end":{"line":10,"column":null}},"6":{"start":{"line":12,"column":24},"end":{"line":37,"column":null}},"7":{"start":{"line":51,"column":23},"end":{"line":51,"column":34}},"8":{"start":{"line":52,"column":10},"end":{"line":53,"column":null}}},"fnMap":{"0":{"name":"AnalyticsPage","decl":{"start":{"line":39,"column":24},"end":{"line":39,"column":null}},"loc":{"start":{"line":39,"column":24},"end":{"line":91,"column":null}}},"1":{"name":"(anonymous_2)","decl":{"start":{"line":50,"column":29},"end":{"line":50,"column":30}},"loc":{"start":{"line":50,"column":30},"end":{"line":68,"column":null}}}},"branchMap":{},"s":{"0":0,"1":0,"2":0,"3":0,"4":0,"5":0,"6":0,"7":0,"8":0},"f":{"0":0,"1":0},"b":{}}
,"C:\\Users\\kgdsk\\CascadeProjects\\assistpro-ai-v3\\src\\app\\api\\onboarding\\route.ts": {"path":"C:\\Users\\kgdsk\\CascadeProjects\\assistpro-ai-v3\\src\\app\\api\\onboarding\\route.ts","statementMap":{"0":{"start":{"line":4,"column":22},"end":{"line":4,"column":27}},"1":{"start":{"line":1,"column":42},"end":{"line":1,"column":null}},"2":{"start":{"line":2,"column":23},"end":{"line":2,"column":null}},"3":{"start":{"line":5,"column":2},"end":{"line":50,"column":null}},"4":{"start":{"line":6,"column":17},"end":{"line":6,"column":null}},"5":{"start":{"line":9,"column":24},"end":{"line":17,"column":null}},"6":{"start":{"line":20,"column":22},"end":{"line":31,"column":5}},"7":{"start":{"line":34,"column":4},"end":{"line":39,"column":null}},"8":{"start":{"line":41,"column":4},"end":{"line":43,"column":null}},"9":{"start":{"line":46,"column":4},"end":{"line":46,"column":null}},"10":{"start":{"line":47,"column":4},"end":{"line":49,"column":null}}},"fnMap":{"0":{"name":"POST","decl":{"start":{"line":4,"column":22},"end":{"line":4,"column":27}},"loc":{"start":{"line":4,"column":47},"end":{"line":51,"column":null}}}},"branchMap":{"0":{"loc":{"start":{"line":27,"column":8},"end":{"line":27,"column":77}},"type":"cond-expr","locations":[{"start":{"line":27,"column":29},"end":{"line":27,"column":71}},{"start":{"line":27,"column":74},"end":{"line":27,"column":77}}]}},"s":{"0":0,"1":0,"2":0,"3":0,"4":0,"5":0,"6":0,"7":0,"8":0,"9":0,"10":0},"f":{"0":0},"b":{"0":[0,0]}}
,"C:\\Users\\kgdsk\\CascadeProjects\\assistpro-ai-v3\\src\\app\\api\\voice\\call\\route.ts": {"path":"C:\\Users\\kgdsk\\CascadeProjects\\assistpro-ai-v3\\src\\app\\api\\voice\\call\\route.ts","statementMap":{"0":{"start":{"line":5,"column":22},"end":{"line":5,"column":27}},"1":{"start":{"line":1,"column":29},"end":{"line":1,"column":null}},"2":{"start":{"line":2,"column":28},"end":{"line":2,"column":null}},"3":{"start":{"line":3,"column":31},"end":{"line":3,"column":null}},"4":{"start":{"line":6,"column":2},"end":{"line":41,"column":null}},"5":{"start":{"line":7,"column":37},"end":{"line":7,"column":null}},"6":{"start":{"line":10,"column":4},"end":{"line":14,"column":null}},"7":{"start":{"line":11,"column":6},"end":{"line":13,"column":null}},"8":{"start":{"line":17,"column":4},"end":{"line":21,"column":null}},"9":{"start":{"line":23,"column":4},"end":{"line":28,"column":null}},"10":{"start":{"line":30,"column":4},"end":{"line":30,"column":null}},"11":{"start":{"line":32,"column":4},"end":{"line":36,"column":null}},"12":{"start":{"line":38,"column":4},"end":{"line":40,"column":null}}},"fnMap":{"0":{"name":"POST","decl":{"start":{"line":5,"column":22},"end":{"line":5,"column":27}},"loc":{"start":{"line":5,"column":43},"end":{"line":42,"column":null}}}},"branchMap":{"0":{"loc":{"start":{"line":10,"column":4},"end":{"line":14,"column":null}},"type":"if","locations":[{"start":{"line":10,"column":4},"end":{"line":14,"column":null}}]}},"s":{"0":0,"1":0,"2":0,"3":0,"4":0,"5":0,"6":0,"7":0,"8":0,"9":0,"10":0,"11":0,"12":0},"f":{"0":0},"b":{"0":[0]}}
,"C:\\Users\\kgdsk\\CascadeProjects\\assistpro-ai-v3\\src\\app\\api\\voice\\synthesize\\route.ts": {"path":"C:\\Users\\kgdsk\\CascadeProjects\\assistpro-ai-v3\\src\\app\\api\\voice\\synthesize\\route.ts","statementMap":{"0":{"start":{"line":5,"column":22},"end":{"line":5,"column":27}},"1":{"start":{"line":1,"column":29},"end":{"line":1,"column":null}},"2":{"start":{"line":2,"column":28},"end":{"line":2,"column":null}},"3":{"start":{"line":3,"column":31},"end":{"line":3,"column":null}},"4":{"start":{"line":6,"column":2},"end":{"line":45,"column":null}},"5":{"start":{"line":7,"column":81},"end":{"line":7,"column":null}},"6":{"start":{"line":10,"column":4},"end":{"line":14,"column":null}},"7":{"start":{"line":11,"column":6},"end":{"line":13,"column":null}},"8":{"start":{"line":17,"column":4},"end":{"line":21,"column":null}},"9":{"start":{"line":24,"column":24},"end":{"line":24,"column":null}},"10":{"start":{"line":26,"column":4},"end":{"line":32,"column":null}},"11":{"start":{"line":34,"column":4},"end":{"line":34,"column":null}},"12":{"start":{"line":36,"column":4},"end":{"line":40,"column":null}},"13":{"start":{"line":42,"column":4},"end":{"line":44,"column":null}}},"fnMap":{"0":{"name":"POST","decl":{"start":{"line":5,"column":22},"end":{"line":5,"column":27}},"loc":{"start":{"line":5,"column":43},"end":{"line":46,"column":null}}}},"branchMap":{"0":{"loc":{"start":{"line":7,"column":18},"end":{"line":7,"column":34}},"type":"default-arg","locations":[{"start":{"line":7,"column":26},"end":{"line":7,"column":34}}]},"1":{"loc":{"start":{"line":7,"column":36},"end":{"line":7,"column":54}},"type":"default-arg","locations":[{"start":{"line":7,"column":47},"end":{"line":7,"column":54}}]},"2":{"loc":{"start":{"line":7,"column":56},"end":{"line":7,"column":76}},"type":"default-arg","locations":[{"start":{"line":7,"column":67},"end":{"line":7,"column":76}}]},"3":{"loc":{"start":{"line":10,"column":4},"end":{"line":14,"column":null}},"type":"if","locations":[{"start":{"line":10,"column":4},"end":{"line":14,"column":null}}]}},"s":{"0":0,"1":0,"2":0,"3":0,"4":0,"5":0,"6":0,"7":0,"8":0,"9":0,"10":0,"11":0,"12":0,"13":0},"f":{"0":0},"b":{"0":[0],"1":[0],"2":[0],"3":[0]}}
,"C:\\Users\\kgdsk\\CascadeProjects\\assistpro-ai-v3\\src\\app\\api\\voice\\train\\route.ts": {"path":"C:\\Users\\kgdsk\\CascadeProjects\\assistpro-ai-v3\\src\\app\\api\\voice\\train\\route.ts","statementMap":{"0":{"start":{"line":4,"column":22},"end":{"line":4,"column":27}},"1":{"start":{"line":1,"column":29},"end":{"line":1,"column":null}},"2":{"start":{"line":2,"column":28},"end":{"line":2,"column":null}},"3":{"start":{"line":5,"column":2},"end":{"line":39,"column":null}},"4":{"start":{"line":6,"column":41},"end":{"line":6,"column":null}},"5":{"start":{"line":9,"column":4},"end":{"line":13,"column":null}},"6":{"start":{"line":10,"column":6},"end":{"line":12,"column":null}},"7":{"start":{"line":16,"column":4},"end":{"line":20,"column":null}},"8":{"start":{"line":22,"column":4},"end":{"line":26,"column":null}},"9":{"start":{"line":28,"column":4},"end":{"line":28,"column":null}},"10":{"start":{"line":30,"column":4},"end":{"line":34,"column":null}},"11":{"start":{"line":36,"column":4},"end":{"line":38,"column":null}}},"fnMap":{"0":{"name":"POST","decl":{"start":{"line":4,"column":22},"end":{"line":4,"column":27}},"loc":{"start":{"line":4,"column":43},"end":{"line":40,"column":null}}}},"branchMap":{"0":{"loc":{"start":{"line":9,"column":4},"end":{"line":13,"column":null}},"type":"if","locations":[{"start":{"line":9,"column":4},"end":{"line":13,"column":null}}]}},"s":{"0":0,"1":0,"2":0,"3":0,"4":0,"5":0,"6":0,"7":0,"8":0,"9":0,"10":0,"11":0},"f":{"0":0},"b":{"0":[0]}}
,"C:\\Users\\kgdsk\\CascadeProjects\\assistpro-ai-v3\\src\\app\\api\\voice\\transcribe\\route.ts": {"path":"C:\\Users\\kgdsk\\CascadeProjects\\assistpro-ai-v3\\src\\app\\api\\voice\\transcribe\\route.ts","statementMap":{"0":{"start":{"line":5,"column":22},"end":{"line":5,"column":27}},"1":{"start":{"line":1,"column":29},"end":{"line":1,"column":null}},"2":{"start":{"line":2,"column":28},"end":{"line":2,"column":null}},"3":{"start":{"line":3,"column":31},"end":{"line":3,"column":null}},"4":{"start":{"line":6,"column":2},"end":{"line":46,"column":null}},"5":{"start":{"line":7,"column":21},"end":{"line":7,"column":null}},"6":{"start":{"line":8,"column":22},"end":{"line":8,"column":null}},"7":{"start":{"line":10,"column":4},"end":{"line":14,"column":null}},"8":{"start":{"line":11,"column":6},"end":{"line":13,"column":null}},"9":{"start":{"line":17,"column":27},"end":{"line":17,"column":null}},"10":{"start":{"line":20,"column":4},"end":{"line":24,"column":null}},"11":{"start":{"line":26,"column":4},"end":{"line":33,"column":null}},"12":{"start":{"line":35,"column":4},"end":{"line":35,"column":null}},"13":{"start":{"line":37,"column":4},"end":{"line":41,"column":null}},"14":{"start":{"line":43,"column":4},"end":{"line":45,"column":null}}},"fnMap":{"0":{"name":"POST","decl":{"start":{"line":5,"column":22},"end":{"line":5,"column":27}},"loc":{"start":{"line":5,"column":43},"end":{"line":47,"column":null}}}},"branchMap":{"0":{"loc":{"start":{"line":10,"column":4},"end":{"line":14,"column":null}},"type":"if","locations":[{"start":{"line":10,"column":4},"end":{"line":14,"column":null}}]}},"s":{"0":0,"1":0,"2":0,"3":0,"4":0,"5":0,"6":0,"7":0,"8":0,"9":0,"10":0,"11":0,"12":0,"13":0,"14":0},"f":{"0":0},"b":{"0":[0]}}
,"C:\\Users\\kgdsk\\CascadeProjects\\assistpro-ai-v3\\src\\app\\chat\\page.tsx": {"path":"C:\\Users\\kgdsk\\CascadeProjects\\assistpro-ai-v3\\src\\app\\chat\\page.tsx","statementMap":{"0":{"start":{"line":3,"column":24},"end":{"line":3,"column":null}},"1":{"start":{"line":1,"column":30},"end":{"line":1,"column":null}}},"fnMap":{"0":{"name":"ChatPage","decl":{"start":{"line":3,"column":24},"end":{"line":3,"column":null}},"loc":{"start":{"line":3,"column":24},"end":{"line":15,"column":null}}}},"branchMap":{},"s":{"0":0,"1":0},"f":{"0":0},"b":{}}
,"C:\\Users\\kgdsk\\CascadeProjects\\assistpro-ai-v3\\src\\app\\dashboard\\layout.tsx": {"path":"C:\\Users\\kgdsk\\CascadeProjects\\assistpro-ai-v3\\src\\app\\dashboard\\layout.tsx","statementMap":{"0":{"start":{"line":113,"column":24},"end":{"line":113,"column":31}},"1":{"start":{"line":3,"column":36},"end":{"line":3,"column":null}},"2":{"start":{"line":4,"column":20},"end":{"line":4,"column":null}},"3":{"start":{"line":5,"column":28},"end":{"line":5,"column":null}},"4":{"start":{"line":13,"column":7},"end":{"line":13,"column":null}},"5":{"start":{"line":14,"column":22},"end":{"line":14,"column":null}},"6":{"start":{"line":15,"column":23},"end":{"line":15,"column":null}},"7":{"start":{"line":21,"column":7},"end":{"line":21,"column":null}},"8":{"start":{"line":23,"column":24},"end":{"line":111,"column":null}},"9":{"start":{"line":28,"column":46},"end":{"line":28,"column":null}},"10":{"start":{"line":29,"column":44},"end":{"line":29,"column":null}},"11":{"start":{"line":31,"column":2},"end":{"line":37,"column":null}},"12":{"start":{"line":32,"column":32},"end":{"line":32,"column":null}},"13":{"start":{"line":34,"column":4},"end":{"line":36,"column":null}},"14":{"start":{"line":35,"column":6},"end":{"line":35,"column":null}},"15":{"start":{"line":39,"column":32},"end":{"line":42,"column":null}},"16":{"start":{"line":40,"column":4},"end":{"line":40,"column":null}},"17":{"start":{"line":41,"column":4},"end":{"line":41,"column":null}},"18":{"start":{"line":44,"column":24},"end":{"line":46,"column":null}},"19":{"start":{"line":45,"column":4},"end":{"line":45,"column":null}},"20":{"start":{"line":114,"column":34},"end":{"line":114,"column":null}},"21":{"start":{"line":116,"column":2},"end":{"line":118,"column":null}},"22":{"start":{"line":117,"column":4},"end":{"line":117,"column":null}},"23":{"start":{"line":120,"column":2},"end":{"line":122,"column":null}},"24":{"start":{"line":121,"column":4},"end":{"line":121,"column":17}}},"fnMap":{"0":{"name":"(anonymous_2)","decl":{"start":{"line":23,"column":24},"end":{"line":23,"column":25}},"loc":{"start":{"line":27,"column":1},"end":{"line":111,"column":null}}},"1":{"name":"(anonymous_3)","decl":{"start":{"line":31,"column":12},"end":{"line":31,"column":null}},"loc":{"start":{"line":31,"column":12},"end":{"line":37,"column":5}}},"2":{"name":"(anonymous_4)","decl":{"start":{"line":39,"column":32},"end":{"line":39,"column":null}},"loc":{"start":{"line":39,"column":32},"end":{"line":42,"column":null}}},"3":{"name":"(anonymous_5)","decl":{"start":{"line":44,"column":24},"end":{"line":44,"column":null}},"loc":{"start":{"line":44,"column":24},"end":{"line":46,"column":null}}},"4":{"name":"Layout","decl":{"start":{"line":113,"column":24},"end":{"line":113,"column":31}},"loc":{"start":{"line":113,"column":74},"end":{"line":125,"column":null}}},"5":{"name":"(anonymous_7)","decl":{"start":{"line":116,"column":12},"end":{"line":116,"column":null}},"loc":{"start":{"line":116,"column":12},"end":{"line":118,"column":5}}}},"branchMap":{"0":{"loc":{"start":{"line":34,"column":4},"end":{"line":36,"column":null}},"type":"if","locations":[{"start":{"line":34,"column":4},"end":{"line":36,"column":null}}]},"1":{"loc":{"start":{"line":51,"column":7},"end":{"line":51,"column":null}},"type":"binary-expr","locations":[{"start":{"line":51,"column":7},"end":{"line":51,"column":24}},{"start":{"line":51,"column":24},"end":{"line":51,"column":null}}]},"2":{"loc":{"start":{"line":54,"column":32},"end":{"line":54,"column":61}},"type":"cond-expr","locations":[{"start":{"line":54,"column":48},"end":{"line":54,"column":58}},{"start":{"line":54,"column":58},"end":{"line":54,"column":61}}]},"3":{"loc":{"start":{"line":62,"column":11},"end":{"line":62,"column":null}},"type":"cond-expr","locations":[{"start":{"line":62,"column":27},"end":{"line":62,"column":48}},{"start":{"line":62,"column":48},"end":{"line":62,"column":null}}]},"4":{"loc":{"start":{"line":106,"column":7},"end":{"line":106,"column":null}},"type":"binary-expr","locations":[{"start":{"line":106,"column":7},"end":{"line":106,"column":null}}]},"5":{"loc":{"start":{"line":120,"column":2},"end":{"line":122,"column":null}},"type":"if","locations":[{"start":{"line":120,"column":2},"end":{"line":122,"column":null}}]}},"s":{"0":0,"1":0,"2":0,"3":0,"4":0,"5":0,"6":0,"7":0,"8":0,"9":0,"10":0,"11":0,"12":0,"13":0,"14":0,"15":0,"16":0,"17":0,"18":0,"19":0,"20":0,"21":0,"22":0,"23":0,"24":0},"f":{"0":0,"1":0,"2":0,"3":0,"4":0,"5":0},"b":{"0":[0],"1":[0,0],"2":[0,0],"3":[0,0],"4":[0],"5":[0]}}
,"C:\\Users\\kgdsk\\CascadeProjects\\assistpro-ai-v3\\src\\app\\dashboard\\page.tsx": {"path":"C:\\Users\\kgdsk\\CascadeProjects\\assistpro-ai-v3\\src\\app\\dashboard\\page.tsx","statementMap":{"0":{"start":{"line":49,"column":24},"end":{"line":49,"column":null}},"1":{"start":{"line":3,"column":18},"end":{"line":3,"column":null}},"2":{"start":{"line":14,"column":7},"end":{"line":14,"column":null}},"3":{"start":{"line":15,"column":19},"end":{"line":15,"column":null}},"4":{"start":{"line":50,"column":18},"end":{"line":79,"column":null}},"5":{"start":{"line":81,"column":28},"end":{"line":83,"column":null}},"6":{"start":{"line":82,"column":4},"end":{"line":82,"column":null}},"7":{"start":{"line":85,"column":23},"end":{"line":106,"column":null}},"8":{"start":{"line":89,"column":21},"end":{"line":89,"column":null}},"9":{"start":{"line":94,"column":21},"end":{"line":94,"column":null}},"10":{"start":{"line":99,"column":21},"end":{"line":99,"column":null}},"11":{"start":{"line":104,"column":21},"end":{"line":104,"column":null}},"12":{"start":{"line":108,"column":23},"end":{"line":110,"column":null}},"13":{"start":{"line":109,"column":4},"end":{"line":109,"column":null}},"14":{"start":{"line":131,"column":10},"end":{"line":131,"column":35}},"15":{"start":{"line":140,"column":12},"end":{"line":140,"column":44}}},"fnMap":{"0":{"name":"DashboardPage","decl":{"start":{"line":49,"column":24},"end":{"line":49,"column":null}},"loc":{"start":{"line":49,"column":24},"end":{"line":146,"column":null}}},"1":{"name":"(anonymous_5)","decl":{"start":{"line":81,"column":28},"end":{"line":81,"column":29}},"loc":{"start":{"line":81,"column":29},"end":{"line":83,"column":null}}},"2":{"name":"(anonymous_6)","decl":{"start":{"line":89,"column":15},"end":{"line":89,"column":21}},"loc":{"start":{"line":89,"column":21},"end":{"line":89,"column":null}}},"3":{"name":"(anonymous_7)","decl":{"start":{"line":94,"column":15},"end":{"line":94,"column":21}},"loc":{"start":{"line":94,"column":21},"end":{"line":94,"column":null}}},"4":{"name":"(anonymous_8)","decl":{"start":{"line":99,"column":15},"end":{"line":99,"column":21}},"loc":{"start":{"line":99,"column":21},"end":{"line":99,"column":null}}},"5":{"name":"(anonymous_9)","decl":{"start":{"line":104,"column":15},"end":{"line":104,"column":21}},"loc":{"start":{"line":104,"column":21},"end":{"line":104,"column":null}}},"6":{"name":"(anonymous_10)","decl":{"start":{"line":108,"column":23},"end":{"line":108,"column":24}},"loc":{"start":{"line":108,"column":24},"end":{"line":110,"column":null}}},"7":{"name":"(anonymous_11)","decl":{"start":{"line":130,"column":21},"end":{"line":130,"column":22}},"loc":{"start":{"line":131,"column":10},"end":{"line":131,"column":35}}},"8":{"name":"(anonymous_12)","decl":{"start":{"line":139,"column":28},"end":{"line":139,"column":29}},"loc":{"start":{"line":140,"column":12},"end":{"line":140,"column":44}}}},"branchMap":{},"s":{"0":0,"1":0,"2":0,"3":0,"4":0,"5":0,"6":0,"7":0,"8":0,"9":0,"10":0,"11":0,"12":0,"13":0,"14":0,"15":0},"f":{"0":0,"1":0,"2":0,"3":0,"4":0,"5":0,"6":0,"7":0,"8":0},"b":{}}
,"C:\\Users\\kgdsk\\CascadeProjects\\assistpro-ai-v3\\src\\app\\dashboard\\assistants\\page.tsx": {"path":"C:\\Users\\kgdsk\\CascadeProjects\\assistpro-ai-v3\\src\\app\\dashboard\\assistants\\page.tsx","statementMap":{"0":{"start":{"line":9,"column":24},"end":{"line":9,"column":null}},"1":{"start":{"line":3,"column":45},"end":{"line":3,"column":null}},"2":{"start":{"line":4,"column":35},"end":{"line":4,"column":null}},"3":{"start":{"line":5,"column":28},"end":{"line":5,"column":null}},"4":{"start":{"line":6,"column":33},"end":{"line":6,"column":null}},"5":{"start":{"line":7,"column":19},"end":{"line":7,"column":null}},"6":{"start":{"line":10,"column":40},"end":{"line":10,"column":null}},"7":{"start":{"line":11,"column":50},"end":{"line":11,"column":null}},"8":{"start":{"line":13,"column":23},"end":{"line":15,"column":null}},"9":{"start":{"line":14,"column":4},"end":{"line":14,"column":null}},"10":{"start":{"line":17,"column":31},"end":{"line":19,"column":null}},"11":{"start":{"line":18,"column":4},"end":{"line":18,"column":null}},"12":{"start":{"line":21,"column":28},"end":{"line":24,"column":null}},"13":{"start":{"line":23,"column":4},"end":{"line":23,"column":null}}},"fnMap":{"0":{"name":"AssistantsPage","decl":{"start":{"line":9,"column":24},"end":{"line":9,"column":null}},"loc":{"start":{"line":9,"column":24},"end":{"line":70,"column":null}}},"1":{"name":"(anonymous_6)","decl":{"start":{"line":13,"column":35},"end":{"line":13,"column":36}},"loc":{"start":{"line":13,"column":36},"end":{"line":15,"column":5}}},"2":{"name":"(anonymous_7)","decl":{"start":{"line":17,"column":43},"end":{"line":17,"column":44}},"loc":{"start":{"line":17,"column":44},"end":{"line":19,"column":5}}},"3":{"name":"(anonymous_8)","decl":{"start":{"line":21,"column":40},"end":{"line":21,"column":41}},"loc":{"start":{"line":21,"column":41},"end":{"line":24,"column":5}}}},"branchMap":{},"s":{"0":0,"1":0,"2":0,"3":0,"4":0,"5":0,"6":0,"7":0,"8":0,"9":0,"10":0,"11":0,"12":0,"13":0},"f":{"0":0,"1":0,"2":0,"3":0},"b":{}}
,"C:\\Users\\kgdsk\\CascadeProjects\\assistpro-ai-v3\\src\\app\\dashboard\\assistants\\create\\page.tsx": {"path":"C:\\Users\\kgdsk\\CascadeProjects\\assistpro-ai-v3\\src\\app\\dashboard\\assistants\\create\\page.tsx","statementMap":{"0":{"start":{"line":61,"column":24},"end":{"line":61,"column":null}},"1":{"start":{"line":3,"column":25},"end":{"line":3,"column":null}},"2":{"start":{"line":11,"column":7},"end":{"line":11,"column":null}},"3":{"start":{"line":12,"column":23},"end":{"line":12,"column":null}},"4":{"start":{"line":13,"column":22},"end":{"line":13,"column":null}},"5":{"start":{"line":14,"column":57},"end":{"line":14,"column":null}},"6":{"start":{"line":16,"column":18},"end":{"line":59,"column":null}},"7":{"start":{"line":62,"column":50},"end":{"line":62,"column":null}},"8":{"start":{"line":63,"column":44},"end":{"line":63,"column":null}},"9":{"start":{"line":65,"column":31},"end":{"line":67,"column":null}},"10":{"start":{"line":66,"column":4},"end":{"line":66,"column":null}},"11":{"start":{"line":69,"column":32},"end":{"line":75,"column":null}},"12":{"start":{"line":71,"column":4},"end":{"line":74,"column":null}},"13":{"start":{"line":85,"column":12},"end":{"line":86,"column":null}},"14":{"start":{"line":91,"column":29},"end":{"line":91,"column":null}},"15":{"start":{"line":119,"column":31},"end":{"line":119,"column":null}}},"fnMap":{"0":{"name":"CreateAssistantPage","decl":{"start":{"line":61,"column":24},"end":{"line":61,"column":null}},"loc":{"start":{"line":61,"column":24},"end":{"line":134,"column":null}}},"1":{"name":"(anonymous_2)","decl":{"start":{"line":65,"column":31},"end":{"line":65,"column":32}},"loc":{"start":{"line":65,"column":32},"end":{"line":67,"column":null}}},"2":{"name":"(anonymous_3)","decl":{"start":{"line":69,"column":32},"end":{"line":69,"column":null}},"loc":{"start":{"line":69,"column":32},"end":{"line":75,"column":null}}},"3":{"name":"(anonymous_4)","decl":{"start":{"line":84,"column":25},"end":{"line":84,"column":26}},"loc":{"start":{"line":85,"column":12},"end":{"line":86,"column":null}}},"4":{"name":"(anonymous_5)","decl":{"start":{"line":91,"column":23},"end":{"line":91,"column":29}},"loc":{"start":{"line":91,"column":29},"end":{"line":91,"column":null}}},"5":{"name":"(anonymous_6)","decl":{"start":{"line":119,"column":24},"end":{"line":119,"column":25}},"loc":{"start":{"line":119,"column":31},"end":{"line":119,"column":null}}}},"branchMap":{"0":{"loc":{"start":{"line":88,"column":18},"end":{"line":90,"column":29}},"type":"cond-expr","locations":[{"start":{"line":89,"column":20},"end":{"line":89,"column":null}},{"start":{"line":90,"column":20},"end":{"line":90,"column":29}}]},"1":{"loc":{"start":{"line":96,"column":19},"end":{"line":96,"column":39}},"type":"binary-expr","locations":[{"start":{"line":96,"column":19},"end":{"line":96,"column":39}}]},"2":{"loc":{"start":{"line":112,"column":7},"end":{"line":112,"column":null}},"type":"binary-expr","locations":[{"start":{"line":112,"column":7},"end":{"line":112,"column":null}}]}},"s":{"0":0,"1":0,"2":0,"3":0,"4":0,"5":0,"6":0,"7":0,"8":0,"9":0,"10":0,"11":0,"12":0,"13":0,"14":0,"15":0},"f":{"0":0,"1":0,"2":0,"3":0,"4":0,"5":0},"b":{"0":[0,0],"1":[0],"2":[0]}}
,"C:\\Users\\kgdsk\\CascadeProjects\\assistpro-ai-v3\\src\\app\\landing\\page.tsx": {"path":"C:\\Users\\kgdsk\\CascadeProjects\\assistpro-ai-v3\\src\\app\\landing\\page.tsx","statementMap":{"0":{"start":{"line":26,"column":24},"end":{"line":26,"column":null}},"1":{"start":{"line":3,"column":23},"end":{"line":3,"column":null}},"2":{"start":{"line":4,"column":99},"end":{"line":4,"column":null}},"3":{"start":{"line":22,"column":7},"end":{"line":22,"column":null}},"4":{"start":{"line":23,"column":25},"end":{"line":23,"column":null}},"5":{"start":{"line":24,"column":18},"end":{"line":24,"column":null}},"6":{"start":{"line":27,"column":19},"end":{"line":52,"column":null}},"7":{"start":{"line":54,"column":19},"end":{"line":79,"column":null}},"8":{"start":{"line":81,"column":23},"end":{"line":100,"column":null}},"9":{"start":{"line":102,"column":23},"end":{"line":139,"column":null}},"10":{"start":{"line":191,"column":25},"end":{"line":191,"column":37}},"11":{"start":{"line":192,"column":12},"end":{"line":194,"column":null}},"12":{"start":{"line":217,"column":12},"end":{"line":218,"column":null}},"13":{"start":{"line":244,"column":14},"end":{"line":245,"column":null}},"14":{"start":{"line":273,"column":27},"end":{"line":273,"column":42}},"15":{"start":{"line":274,"column":14},"end":{"line":276,"column":null}}},"fnMap":{"0":{"name":"AssistProLandingPage","decl":{"start":{"line":26,"column":24},"end":{"line":26,"column":null}},"loc":{"start":{"line":26,"column":24},"end":{"line":320,"column":null}}},"1":{"name":"(anonymous_3)","decl":{"start":{"line":190,"column":24},"end":{"line":190,"column":25}},"loc":{"start":{"line":190,"column":34},"end":{"line":208,"column":null}}},"2":{"name":"(anonymous_4)","decl":{"start":{"line":216,"column":24},"end":{"line":216,"column":25}},"loc":{"start":{"line":217,"column":12},"end":{"line":218,"column":null}}},"3":{"name":"(anonymous_5)","decl":{"start":{"line":243,"column":30},"end":{"line":243,"column":31}},"loc":{"start":{"line":244,"column":14},"end":{"line":245,"column":null}}},"4":{"name":"(anonymous_6)","decl":{"start":{"line":272,"column":30},"end":{"line":272,"column":31}},"loc":{"start":{"line":272,"column":43},"end":{"line":292,"column":null}}}},"branchMap":{},"s":{"0":0,"1":0,"2":0,"3":0,"4":0,"5":0,"6":0,"7":0,"8":0,"9":0,"10":0,"11":0,"12":0,"13":0,"14":0,"15":0},"f":{"0":0,"1":0,"2":0,"3":0,"4":0},"b":{}}
,"C:\\Users\\kgdsk\\CascadeProjects\\assistpro-ai-v3\\src\\app\\login\\page.tsx": {"path":"C:\\Users\\kgdsk\\CascadeProjects\\assistpro-ai-v3\\src\\app\\login\\page.tsx","statementMap":{"0":{"start":{"line":9,"column":24},"end":{"line":9,"column":null}},"1":{"start":{"line":3,"column":25},"end":{"line":3,"column":null}},"2":{"start":{"line":4,"column":23},"end":{"line":4,"column":null}},"3":{"start":{"line":5,"column":22},"end":{"line":5,"column":null}},"4":{"start":{"line":6,"column":57},"end":{"line":6,"column":null}},"5":{"start":{"line":7,"column":26},"end":{"line":7,"column":null}},"6":{"start":{"line":10,"column":34},"end":{"line":10,"column":null}},"7":{"start":{"line":11,"column":34},"end":{"line":11,"column":null}},"8":{"start":{"line":12,"column":17},"end":{"line":12,"column":null}},"9":{"start":{"line":14,"column":22},"end":{"line":24,"column":null}},"10":{"start":{"line":15,"column":4},"end":{"line":15,"column":null}},"11":{"start":{"line":17,"column":4},"end":{"line":23,"column":null}},"12":{"start":{"line":19,"column":6},"end":{"line":19,"column":null}},"13":{"start":{"line":20,"column":6},"end":{"line":20,"column":null}},"14":{"start":{"line":22,"column":6},"end":{"line":22,"column":null}},"15":{"start":{"line":39,"column":33},"end":{"line":39,"column":null}},"16":{"start":{"line":49,"column":33},"end":{"line":49,"column":null}}},"fnMap":{"0":{"name":"LoginPage","decl":{"start":{"line":9,"column":24},"end":{"line":9,"column":null}},"loc":{"start":{"line":9,"column":24},"end":{"line":59,"column":null}}},"1":{"name":"(anonymous_2)","decl":{"start":{"line":14,"column":22},"end":{"line":14,"column":23}},"loc":{"start":{"line":14,"column":23},"end":{"line":24,"column":null}}},"2":{"name":"(anonymous_3)","decl":{"start":{"line":39,"column":26},"end":{"line":39,"column":27}},"loc":{"start":{"line":39,"column":33},"end":{"line":39,"column":null}}},"3":{"name":"(anonymous_4)","decl":{"start":{"line":49,"column":26},"end":{"line":49,"column":27}},"loc":{"start":{"line":49,"column":33},"end":{"line":49,"column":null}}}},"branchMap":{"0":{"loc":{"start":{"line":17,"column":4},"end":{"line":23,"column":null}},"type":"if","locations":[{"start":{"line":17,"column":4},"end":{"line":23,"column":null}},{"start":{"line":21,"column":11},"end":{"line":23,"column":null}}]},"1":{"loc":{"start":{"line":17,"column":8},"end":{"line":17,"column":54}},"type":"binary-expr","locations":[{"start":{"line":17,"column":8},"end":{"line":17,"column":32}},{"start":{"line":17,"column":32},"end":{"line":17,"column":54}}]}},"s":{"0":0,"1":0,"2":0,"3":0,"4":0,"5":0,"6":0,"7":0,"8":0,"9":0,"10":0,"11":0,"12":0,"13":0,"14":0,"15":0,"16":0},"f":{"0":0,"1":0,"2":0,"3":0},"b":{"0":[0,0],"1":[0,0]}}
,"C:\\Users\\kgdsk\\CascadeProjects\\assistpro-ai-v3\\src\\app\\precos\\page.tsx": {"path":"C:\\Users\\kgdsk\\CascadeProjects\\assistpro-ai-v3\\src\\app\\precos\\page.tsx","statementMap":{"0":{"start":{"line":14,"column":24},"end":{"line":14,"column":null}},"1":{"start":{"line":8,"column":7},"end":{"line":8,"column":null}},"2":{"start":{"line":9,"column":23},"end":{"line":9,"column":null}},"3":{"start":{"line":10,"column":29},"end":{"line":10,"column":null}},"4":{"start":{"line":11,"column":22},"end":{"line":11,"column":null}},"5":{"start":{"line":12,"column":17},"end":{"line":12,"column":null}},"6":{"start":{"line":29,"column":12},"end":{"line":30,"column":null}},"7":{"start":{"line":60,"column":20},"end":{"line":61,"column":null}}},"fnMap":{"0":{"name":"PrecosPage","decl":{"start":{"line":14,"column":24},"end":{"line":14,"column":null}},"loc":{"start":{"line":14,"column":24},"end":{"line":104,"column":null}}},"1":{"name":"(anonymous_3)","decl":{"start":{"line":28,"column":28},"end":{"line":28,"column":29}},"loc":{"start":{"line":29,"column":12},"end":{"line":30,"column":null}}},"2":{"name":"(anonymous_4)","decl":{"start":{"line":59,"column":37},"end":{"line":59,"column":38}},"loc":{"start":{"line":60,"column":20},"end":{"line":61,"column":null}}}},"branchMap":{"0":{"loc":{"start":{"line":33,"column":18},"end":{"line":33,"column":73}},"type":"cond-expr","locations":[{"start":{"line":33,"column":32},"end":{"line":33,"column":70}},{"start":{"line":33,"column":70},"end":{"line":33,"column":73}}]},"1":{"loc":{"start":{"line":40,"column":22},"end":{"line":40,"column":69}},"type":"cond-expr","locations":[{"start":{"line":40,"column":36},"end":{"line":40,"column":53}},{"start":{"line":40,"column":53},"end":{"line":40,"column":69}}]},"2":{"loc":{"start":{"line":77,"column":29},"end":{"line":77,"column":null}},"type":"cond-expr","locations":[{"start":{"line":77,"column":43},"end":{"line":77,"column":55}},{"start":{"line":77,"column":55},"end":{"line":77,"column":null}}]},"3":{"loc":{"start":{"line":80,"column":21},"end":{"line":82,"column":null}},"type":"cond-expr","locations":[{"start":{"line":81,"column":24},"end":{"line":81,"column":null}},{"start":{"line":82,"column":24},"end":{"line":82,"column":null}}]}},"s":{"0":0,"1":0,"2":0,"3":0,"4":0,"5":0,"6":0,"7":0},"f":{"0":0,"1":0,"2":0},"b":{"0":[0,0],"1":[0,0],"2":[0,0],"3":[0,0]}}
,"C:\\Users\\kgdsk\\CascadeProjects\\assistpro-ai-v3\\src\\app\\pricing\\page.tsx": {"path":"C:\\Users\\kgdsk\\CascadeProjects\\assistpro-ai-v3\\src\\app\\pricing\\page.tsx","statementMap":{"0":{"start":{"line":58,"column":24},"end":{"line":58,"column":null}},"1":{"start":{"line":1,"column":22},"end":{"line":1,"column":null}},"2":{"start":{"line":2,"column":23},"end":{"line":2,"column":null}},"3":{"start":{"line":3,"column":21},"end":{"line":3,"column":null}},"4":{"start":{"line":5,"column":14},"end":{"line":56,"column":null}},"5":{"start":{"line":74,"column":14},"end":{"line":75,"column":null}},"6":{"start":{"line":96,"column":22},"end":{"line":96,"column":40}},"7":{"start":{"line":148,"column":14},"end":{"line":148,"column":37}}},"fnMap":{"0":{"name":"PricingPage","decl":{"start":{"line":58,"column":24},"end":{"line":58,"column":null}},"loc":{"start":{"line":58,"column":24},"end":{"line":158,"column":null}}},"1":{"name":"(anonymous_2)","decl":{"start":{"line":73,"column":23},"end":{"line":73,"column":24}},"loc":{"start":{"line":74,"column":14},"end":{"line":75,"column":null}}},"2":{"name":"(anonymous_3)","decl":{"start":{"line":95,"column":39},"end":{"line":95,"column":40}},"loc":{"start":{"line":96,"column":22},"end":{"line":96,"column":40}}},"3":{"name":"(anonymous_4)","decl":{"start":{"line":147,"column":18},"end":{"line":147,"column":19}},"loc":{"start":{"line":148,"column":14},"end":{"line":148,"column":37}}}},"branchMap":{"0":{"loc":{"start":{"line":77,"column":18},"end":{"line":77,"column":null}},"type":"cond-expr","locations":[{"start":{"line":77,"column":33},"end":{"line":77,"column":71}},{"start":{"line":77,"column":71},"end":{"line":77,"column":null}}]},"1":{"loc":{"start":{"line":81,"column":19},"end":{"line":81,"column":31}},"type":"binary-expr","locations":[{"start":{"line":81,"column":19},"end":{"line":81,"column":31}}]},"2":{"loc":{"start":{"line":106,"column":27},"end":{"line":106,"column":null}},"type":"cond-expr","locations":[{"start":{"line":106,"column":42},"end":{"line":106,"column":54}},{"start":{"line":106,"column":54},"end":{"line":106,"column":null}}]}},"s":{"0":0,"1":0,"2":0,"3":0,"4":0,"5":0,"6":0,"7":0},"f":{"0":0,"1":0,"2":0,"3":0},"b":{"0":[0,0],"1":[0],"2":[0,0]}}
,"C:\\Users\\kgdsk\\CascadeProjects\\assistpro-ai-v3\\src\\app\\settings\\page.tsx": {"path":"C:\\Users\\kgdsk\\CascadeProjects\\assistpro-ai-v3\\src\\app\\settings\\page.tsx","statementMap":{"0":{"start":{"line":22,"column":24},"end":{"line":22,"column":null}},"1":{"start":{"line":1,"column":57},"end":{"line":1,"column":null}},"2":{"start":{"line":8,"column":7},"end":{"line":8,"column":null}},"3":{"start":{"line":9,"column":22},"end":{"line":9,"column":null}},"4":{"start":{"line":10,"column":22},"end":{"line":10,"column":null}},"5":{"start":{"line":11,"column":23},"end":{"line":11,"column":null}},"6":{"start":{"line":18,"column":7},"end":{"line":18,"column":null}},"7":{"start":{"line":19,"column":25},"end":{"line":19,"column":null}},"8":{"start":{"line":20,"column":23},"end":{"line":20,"column":null}}},"fnMap":{"0":{"name":"SettingsPage","decl":{"start":{"line":22,"column":24},"end":{"line":22,"column":null}},"loc":{"start":{"line":22,"column":24},"end":{"line":160,"column":null}}}},"branchMap":{},"s":{"0":0,"1":0,"2":0,"3":0,"4":0,"5":0,"6":0,"7":0,"8":0},"f":{"0":0},"b":{}}
,"C:\\Users\\kgdsk\\CascadeProjects\\assistpro-ai-v3\\src\\app\\settings\\voice\\page.tsx": {"path":"C:\\Users\\kgdsk\\CascadeProjects\\assistpro-ai-v3\\src\\app\\settings\\voice\\page.tsx","statementMap":{"0":{"start":{"line":7,"column":24},"end":{"line":7,"column":null}},"1":{"start":{"line":3,"column":39},"end":{"line":3,"column":null}},"2":{"start":{"line":4,"column":35},"end":{"line":4,"column":null}},"3":{"start":{"line":5,"column":57},"end":{"line":5,"column":null}}},"fnMap":{"0":{"name":"VoiceAssistantPage","decl":{"start":{"line":7,"column":24},"end":{"line":7,"column":null}},"loc":{"start":{"line":7,"column":24},"end":{"line":28,"column":null}}}},"branchMap":{},"s":{"0":0,"1":0,"2":0,"3":0},"f":{"0":0},"b":{}}
,"C:\\Users\\kgdsk\\CascadeProjects\\assistpro-ai-v3\\src\\components\\RoleManager.tsx": {"path":"C:\\Users\\kgdsk\\CascadeProjects\\assistpro-ai-v3\\src\\components\\RoleManager.tsx","statementMap":{"0":{"start":{"line":19,"column":0},"end":{"line":19,"column":15}},"1":{"start":{"line":1,"column":43},"end":{"line":1,"column":null}},"2":{"start":{"line":3,"column":20},"end":{"line":17,"column":null}},"3":{"start":{"line":4,"column":26},"end":{"line":4,"column":null}},"4":{"start":{"line":6,"column":2},"end":{"line":8,"column":null}},"5":{"start":{"line":7,"column":4},"end":{"line":7,"column":null}},"6":{"start":{"line":13,"column":29},"end":{"line":13,"column":52}},"7":{"start":{"line":14,"column":29},"end":{"line":14,"column":51}},"8":{"start":{"line":19,"column":15},"end":{"line":19,"column":null}}},"fnMap":{"0":{"name":"(anonymous_4)","decl":{"start":{"line":3,"column":20},"end":{"line":3,"column":21}},"loc":{"start":{"line":3,"column":47},"end":{"line":17,"column":null}}},"1":{"name":"(anonymous_5)","decl":{"start":{"line":6,"column":12},"end":{"line":6,"column":null}},"loc":{"start":{"line":6,"column":12},"end":{"line":8,"column":5}}},"2":{"name":"(anonymous_6)","decl":{"start":{"line":13,"column":23},"end":{"line":13,"column":29}},"loc":{"start":{"line":13,"column":29},"end":{"line":13,"column":52}}},"3":{"name":"(anonymous_7)","decl":{"start":{"line":14,"column":23},"end":{"line":14,"column":29}},"loc":{"start":{"line":14,"column":29},"end":{"line":14,"column":51}}}},"branchMap":{},"s":{"0":0,"1":0,"2":0,"3":0,"4":0,"5":0,"6":0,"7":0,"8":0},"f":{"0":0,"1":0,"2":0,"3":0},"b":{}}
,"C:\\Users\\kgdsk\\CascadeProjects\\assistpro-ai-v3\\src\\components\\SubscriptionManager.tsx": {"path":"C:\\Users\\kgdsk\\CascadeProjects\\assistpro-ai-v3\\src\\components\\SubscriptionManager.tsx","statementMap":{"0":{"start":{"line":20,"column":0},"end":{"line":20,"column":15}},"1":{"start":{"line":1,"column":32},"end":{"line":1,"column":null}},"2":{"start":{"line":3,"column":28},"end":{"line":18,"column":null}},"3":{"start":{"line":4,"column":26},"end":{"line":4,"column":null}},"4":{"start":{"line":6,"column":24},"end":{"line":9,"column":null}},"5":{"start":{"line":7,"column":4},"end":{"line":7,"column":null}},"6":{"start":{"line":8,"column":4},"end":{"line":8,"column":null}},"7":{"start":{"line":14,"column":29},"end":{"line":14,"column":56}},"8":{"start":{"line":15,"column":29},"end":{"line":15,"column":55}},"9":{"start":{"line":20,"column":15},"end":{"line":20,"column":null}}},"fnMap":{"0":{"name":"(anonymous_4)","decl":{"start":{"line":3,"column":28},"end":{"line":3,"column":29}},"loc":{"start":{"line":3,"column":58},"end":{"line":18,"column":null}}},"1":{"name":"(anonymous_5)","decl":{"start":{"line":6,"column":24},"end":{"line":6,"column":25}},"loc":{"start":{"line":6,"column":25},"end":{"line":9,"column":null}}},"2":{"name":"(anonymous_6)","decl":{"start":{"line":14,"column":23},"end":{"line":14,"column":29}},"loc":{"start":{"line":14,"column":29},"end":{"line":14,"column":56}}},"3":{"name":"(anonymous_7)","decl":{"start":{"line":15,"column":23},"end":{"line":15,"column":29}},"loc":{"start":{"line":15,"column":29},"end":{"line":15,"column":55}}}},"branchMap":{},"s":{"0":0,"1":0,"2":0,"3":0,"4":0,"5":0,"6":0,"7":0,"8":0,"9":0},"f":{"0":0,"1":0,"2":0,"3":0},"b":{}}
,"C:\\Users\\kgdsk\\CascadeProjects\\assistpro-ai-v3\\src\\components\\demo-chat.tsx": {"path":"C:\\Users\\kgdsk\\CascadeProjects\\assistpro-ai-v3\\src\\components\\demo-chat.tsx","statementMap":{"0":{"start":{"line":36,"column":16},"end":{"line":36,"column":null}},"1":{"start":{"line":3,"column":51},"end":{"line":3,"column":null}},"2":{"start":{"line":4,"column":40},"end":{"line":4,"column":null}},"3":{"start":{"line":10,"column":7},"end":{"line":10,"column":null}},"4":{"start":{"line":18,"column":32},"end":{"line":34,"column":null}},"5":{"start":{"line":37,"column":34},"end":{"line":37,"column":null}},"6":{"start":{"line":38,"column":28},"end":{"line":38,"column":null}},"7":{"start":{"line":39,"column":40},"end":{"line":39,"column":null}},"8":{"start":{"line":40,"column":25},"end":{"line":40,"column":null}},"9":{"start":{"line":42,"column":25},"end":{"line":44,"column":null}},"10":{"start":{"line":43,"column":4},"end":{"line":43,"column":null}},"11":{"start":{"line":46,"column":2},"end":{"line":48,"column":null}},"12":{"start":{"line":47,"column":4},"end":{"line":47,"column":null}},"13":{"start":{"line":50,"column":21},"end":{"line":57,"column":null}},"14":{"start":{"line":51,"column":32},"end":{"line":55,"column":null}},"15":{"start":{"line":56,"column":4},"end":{"line":56,"column":null}},"16":{"start":{"line":56,"column":24},"end":{"line":56,"column":null}},"17":{"start":{"line":59,"column":28},"end":{"line":70,"column":null}},"18":{"start":{"line":60,"column":4},"end":{"line":69,"column":null}},"19":{"start":{"line":61,"column":6},"end":{"line":61,"column":null}},"20":{"start":{"line":62,"column":6},"end":{"line":62,"column":null}},"21":{"start":{"line":65,"column":6},"end":{"line":68,"column":null}},"22":{"start":{"line":66,"column":27},"end":{"line":66,"column":47}},"23":{"start":{"line":67,"column":8},"end":{"line":67,"column":null}},"24":{"start":{"line":72,"column":31},"end":{"line":81,"column":null}},"25":{"start":{"line":73,"column":4},"end":{"line":73,"column":null}},"26":{"start":{"line":74,"column":4},"end":{"line":80,"column":null}},"27":{"start":{"line":76,"column":6},"end":{"line":79,"column":null}},"28":{"start":{"line":77,"column":8},"end":{"line":77,"column":null}},"29":{"start":{"line":78,"column":8},"end":{"line":78,"column":null}},"30":{"start":{"line":97,"column":12},"end":{"line":98,"column":null}},"31":{"start":{"line":132,"column":29},"end":{"line":132,"column":null}},"32":{"start":{"line":135,"column":30},"end":{"line":135,"column":null}}},"fnMap":{"0":{"name":"DemoChat","decl":{"start":{"line":36,"column":16},"end":{"line":36,"column":null}},"loc":{"start":{"line":36,"column":16},"end":{"line":165,"column":null}}},"1":{"name":"(anonymous_5)","decl":{"start":{"line":42,"column":25},"end":{"line":42,"column":null}},"loc":{"start":{"line":42,"column":25},"end":{"line":44,"column":null}}},"2":{"name":"(anonymous_6)","decl":{"start":{"line":46,"column":12},"end":{"line":46,"column":null}},"loc":{"start":{"line":46,"column":12},"end":{"line":48,"column":5}}},"3":{"name":"(anonymous_7)","decl":{"start":{"line":50,"column":21},"end":{"line":50,"column":22}},"loc":{"start":{"line":50,"column":36},"end":{"line":57,"column":null}}},"4":{"name":"(anonymous_8)","decl":{"start":{"line":56,"column":16},"end":{"line":56,"column":24}},"loc":{"start":{"line":56,"column":24},"end":{"line":56,"column":null}}},"5":{"name":"(anonymous_9)","decl":{"start":{"line":59,"column":28},"end":{"line":59,"column":null}},"loc":{"start":{"line":59,"column":28},"end":{"line":70,"column":null}}},"6":{"name":"(anonymous_10)","decl":{"start":{"line":65,"column":17},"end":{"line":65,"column":null}},"loc":{"start":{"line":65,"column":17},"end":{"line":68,"column":9}}},"7":{"name":"(anonymous_11)","decl":{"start":{"line":72,"column":31},"end":{"line":72,"column":null}},"loc":{"start":{"line":72,"column":31},"end":{"line":81,"column":null}}},"8":{"name":"(anonymous_12)","decl":{"start":{"line":76,"column":17},"end":{"line":76,"column":null}},"loc":{"start":{"line":76,"column":17},"end":{"line":79,"column":9}}},"9":{"name":"(anonymous_13)","decl":{"start":{"line":96,"column":24},"end":{"line":96,"column":25}},"loc":{"start":{"line":97,"column":12},"end":{"line":98,"column":null}}},"10":{"name":"(anonymous_14)","decl":{"start":{"line":132,"column":22},"end":{"line":132,"column":23}},"loc":{"start":{"line":132,"column":29},"end":{"line":132,"column":null}}},"11":{"name":"(anonymous_15)","decl":{"start":{"line":135,"column":23},"end":{"line":135,"column":24}},"loc":{"start":{"line":135,"column":30},"end":{"line":135,"column":null}}}},"branchMap":{"0":{"loc":{"start":{"line":60,"column":4},"end":{"line":69,"column":null}},"type":"if","locations":[{"start":{"line":60,"column":4},"end":{"line":69,"column":null}}]},"1":{"loc":{"start":{"line":74,"column":4},"end":{"line":80,"column":null}},"type":"if","locations":[{"start":{"line":74,"column":4},"end":{"line":80,"column":null}}]},"2":{"loc":{"start":{"line":99,"column":40},"end":{"line":99,"column":73}},"type":"cond-expr","locations":[{"start":{"line":99,"column":64},"end":{"line":99,"column":69}},{"start":{"line":99,"column":69},"end":{"line":99,"column":73}}]},"3":{"loc":{"start":{"line":103,"column":16},"end":{"line":103,"column":null}},"type":"cond-expr","locations":[{"start":{"line":103,"column":40},"end":{"line":103,"column":56}},{"start":{"line":103,"column":56},"end":{"line":103,"column":null}}]},"4":{"loc":{"start":{"line":109,"column":20},"end":{"line":111,"column":null}},"type":"cond-expr","locations":[{"start":{"line":110,"column":22},"end":{"line":110,"column":null}},{"start":{"line":111,"column":22},"end":{"line":111,"column":null}}]},"5":{"loc":{"start":{"line":135,"column":30},"end":{"line":135,"column":null}},"type":"binary-expr","locations":[{"start":{"line":135,"column":30},"end":{"line":135,"column":51}},{"start":{"line":135,"column":51},"end":{"line":135,"column":null}}]},"6":{"loc":{"start":{"line":154,"column":14},"end":{"line":156,"column":null}},"type":"cond-expr","locations":[{"start":{"line":155,"column":16},"end":{"line":155,"column":null}},{"start":{"line":156,"column":16},"end":{"line":156,"column":null}}]},"7":{"loc":{"start":{"line":160,"column":11},"end":{"line":160,"column":null}},"type":"cond-expr","locations":[{"start":{"line":160,"column":25},"end":{"line":160,"column":46}},{"start":{"line":160,"column":46},"end":{"line":160,"column":null}}]}},"s":{"0":0,"1":0,"2":0,"3":0,"4":0,"5":0,"6":0,"7":0,"8":0,"9":0,"10":0,"11":0,"12":0,"13":0,"14":0,"15":0,"16":0,"17":0,"18":0,"19":0,"20":0,"21":0,"22":0,"23":0,"24":0,"25":0,"26":0,"27":0,"28":0,"29":0,"30":0,"31":0,"32":0},"f":{"0":0,"1":0,"2":0,"3":0,"4":0,"5":0,"6":0,"7":0,"8":0,"9":0,"10":0,"11":0},"b":{"0":[0],"1":[0],"2":[0,0],"3":[0,0],"4":[0,0],"5":[0,0],"6":[0,0],"7":[0,0]}}
,"C:\\Users\\kgdsk\\CascadeProjects\\assistpro-ai-v3\\src\\components\\main-nav.tsx": {"path":"C:\\Users\\kgdsk\\CascadeProjects\\assistpro-ai-v3\\src\\components\\main-nav.tsx","statementMap":{"0":{"start":{"line":85,"column":24},"end":{"line":85,"column":null}},"1":{"start":{"line":3,"column":17},"end":{"line":3,"column":null}},"2":{"start":{"line":4,"column":25},"end":{"line":4,"column":null}},"3":{"start":{"line":13,"column":7},"end":{"line":13,"column":null}},"4":{"start":{"line":15,"column":18},"end":{"line":83,"column":null}},"5":{"start":{"line":86,"column":34},"end":{"line":86,"column":null}},"6":{"start":{"line":88,"column":21},"end":{"line":90,"column":null}},"7":{"start":{"line":89,"column":4},"end":{"line":89,"column":null}},"8":{"start":{"line":105,"column":12},"end":{"line":105,"column":29}},"9":{"start":{"line":107,"column":31},"end":{"line":107,"column":null}},"10":{"start":{"line":124,"column":20},"end":{"line":125,"column":null}}},"fnMap":{"0":{"name":"MainNavigation","decl":{"start":{"line":85,"column":24},"end":{"line":85,"column":null}},"loc":{"start":{"line":85,"column":24},"end":{"line":161,"column":null}}},"1":{"name":"(anonymous_3)","decl":{"start":{"line":88,"column":21},"end":{"line":88,"column":22}},"loc":{"start":{"line":88,"column":22},"end":{"line":90,"column":null}}},"2":{"name":"(anonymous_4)","decl":{"start":{"line":104,"column":25},"end":{"line":104,"column":26}},"loc":{"start":{"line":105,"column":12},"end":{"line":105,"column":29}}},"3":{"name":"(anonymous_5)","decl":{"start":{"line":107,"column":25},"end":{"line":107,"column":31}},"loc":{"start":{"line":107,"column":31},"end":{"line":107,"column":null}}},"4":{"name":"(anonymous_6)","decl":{"start":{"line":123,"column":36},"end":{"line":123,"column":37}},"loc":{"start":{"line":124,"column":20},"end":{"line":125,"column":null}}}},"branchMap":{"0":{"loc":{"start":{"line":89,"column":16},"end":{"line":89,"column":null}},"type":"cond-expr","locations":[{"start":{"line":89,"column":37},"end":{"line":89,"column":44}},{"start":{"line":89,"column":44},"end":{"line":89,"column":null}}]},"1":{"loc":{"start":{"line":107,"column":31},"end":{"line":107,"column":null}},"type":"cond-expr","locations":[{"start":{"line":107,"column":46},"end":{"line":107,"column":71}},{"start":{"line":107,"column":71},"end":{"line":107,"column":null}}]},"2":{"loc":{"start":{"line":110,"column":17},"end":{"line":110,"column":26}},"type":"binary-expr","locations":[{"start":{"line":110,"column":17},"end":{"line":110,"column":26}}]},"3":{"loc":{"start":{"line":112,"column":17},"end":{"line":112,"column":29}},"type":"binary-expr","locations":[{"start":{"line":112,"column":17},"end":{"line":112,"column":29}}]},"4":{"loc":{"start":{"line":115,"column":22},"end":{"line":115,"column":null}},"type":"cond-expr","locations":[{"start":{"line":115,"column":48},"end":{"line":115,"column":63}},{"start":{"line":115,"column":63},"end":{"line":115,"column":null}}]},"5":{"loc":{"start":{"line":121,"column":15},"end":{"line":121,"column":27}},"type":"binary-expr","locations":[{"start":{"line":121,"column":15},"end":{"line":121,"column":27}},{"start":{"line":121,"column":31},"end":{"line":121,"column":54}}]},"6":{"loc":{"start":{"line":129,"column":23},"end":{"line":129,"column":35}},"type":"binary-expr","locations":[{"start":{"line":129,"column":23},"end":{"line":129,"column":35}}]}},"s":{"0":0,"1":0,"2":0,"3":0,"4":0,"5":0,"6":0,"7":0,"8":0,"9":0,"10":0},"f":{"0":0,"1":0,"2":0,"3":0,"4":0},"b":{"0":[0,0],"1":[0,0],"2":[0],"3":[0],"4":[0,0],"5":[0,0],"6":[0]}}
,"C:\\Users\\kgdsk\\CascadeProjects\\assistpro-ai-v3\\src\\components\\openai-status.tsx": {"path":"C:\\Users\\kgdsk\\CascadeProjects\\assistpro-ai-v3\\src\\components\\openai-status.tsx","statementMap":{"0":{"start":{"line":7,"column":16},"end":{"line":7,"column":null}},"1":{"start":{"line":3,"column":36},"end":{"line":3,"column":null}},"2":{"start":{"line":4,"column":22},"end":{"line":4,"column":null}},"3":{"start":{"line":5,"column":30},"end":{"line":5,"column":null}},"4":{"start":{"line":8,"column":36},"end":{"line":12,"column":null}},"5":{"start":{"line":14,"column":2},"end":{"line":21,"column":null}},"6":{"start":{"line":16,"column":21},"end":{"line":16,"column":null}},"7":{"start":{"line":17,"column":6},"end":{"line":17,"column":null}},"8":{"start":{"line":20,"column":4},"end":{"line":20,"column":null}},"9":{"start":{"line":23,"column":2},"end":{"line":39,"column":null}}},"fnMap":{"0":{"name":"OpenAIStatus","decl":{"start":{"line":7,"column":16},"end":{"line":7,"column":null}},"loc":{"start":{"line":7,"column":16},"end":{"line":46,"column":null}}},"1":{"name":"(anonymous_2)","decl":{"start":{"line":14,"column":12},"end":{"line":14,"column":null}},"loc":{"start":{"line":14,"column":12},"end":{"line":21,"column":5}}},"2":{"name":"checkStatus","decl":{"start":{"line":15,"column":19},"end":{"line":15,"column":null}},"loc":{"start":{"line":15,"column":19},"end":{"line":18,"column":null}}}},"branchMap":{"0":{"loc":{"start":{"line":23,"column":2},"end":{"line":39,"column":null}},"type":"if","locations":[{"start":{"line":23,"column":2},"end":{"line":39,"column":null}}]},"1":{"loc":{"start":{"line":27,"column":9},"end":{"line":27,"column":31}},"type":"binary-expr","locations":[{"start":{"line":27,"column":9},"end":{"line":27,"column":31}}]},"2":{"loc":{"start":{"line":32,"column":9},"end":{"line":32,"column":26}},"type":"binary-expr","locations":[{"start":{"line":32,"column":9},"end":{"line":32,"column":26}}]}},"s":{"0":0,"1":0,"2":0,"3":0,"4":0,"5":0,"6":0,"7":0,"8":0,"9":0},"f":{"0":0,"1":0,"2":0},"b":{"0":[0],"1":[0],"2":[0]}}
,"C:\\Users\\kgdsk\\CascadeProjects\\assistpro-ai-v3\\src\\components\\pricing-table.tsx": {"path":"C:\\Users\\kgdsk\\CascadeProjects\\assistpro-ai-v3\\src\\components\\pricing-table.tsx","statementMap":{"0":{"start":{"line":57,"column":16},"end":{"line":57,"column":null}},"1":{"start":{"line":3,"column":23},"end":{"line":3,"column":null}},"2":{"start":{"line":4,"column":86},"end":{"line":4,"column":null}},"3":{"start":{"line":5,"column":22},"end":{"line":5,"column":null}},"4":{"start":{"line":6,"column":22},"end":{"line":6,"column":null}},"5":{"start":{"line":8,"column":14},"end":{"line":55,"column":null}},"6":{"start":{"line":61,"column":8},"end":{"line":62,"column":null}},"7":{"start":{"line":90,"column":16},"end":{"line":90,"column":34}}},"fnMap":{"0":{"name":"PricingTable","decl":{"start":{"line":57,"column":16},"end":{"line":57,"column":null}},"loc":{"start":{"line":57,"column":16},"end":{"line":109,"column":null}}},"1":{"name":"(anonymous_2)","decl":{"start":{"line":60,"column":17},"end":{"line":60,"column":18}},"loc":{"start":{"line":61,"column":8},"end":{"line":62,"column":null}}},"2":{"name":"(anonymous_3)","decl":{"start":{"line":89,"column":33},"end":{"line":89,"column":34}},"loc":{"start":{"line":90,"column":16},"end":{"line":90,"column":34}}}},"branchMap":{"0":{"loc":{"start":{"line":64,"column":12},"end":{"line":66,"column":null}},"type":"cond-expr","locations":[{"start":{"line":65,"column":16},"end":{"line":65,"column":null}},{"start":{"line":66,"column":16},"end":{"line":66,"column":null}}]},"1":{"loc":{"start":{"line":69,"column":11},"end":{"line":69,"column":23}},"type":"binary-expr","locations":[{"start":{"line":69,"column":11},"end":{"line":69,"column":23}}]},"2":{"loc":{"start":{"line":81,"column":15},"end":{"line":81,"column":48}},"type":"binary-expr","locations":[{"start":{"line":81,"column":15},"end":{"line":81,"column":48}}]},"3":{"loc":{"start":{"line":100,"column":23},"end":{"line":100,"column":null}},"type":"cond-expr","locations":[{"start":{"line":100,"column":38},"end":{"line":100,"column":50}},{"start":{"line":100,"column":50},"end":{"line":100,"column":null}}]},"4":{"loc":{"start":{"line":102,"column":15},"end":{"line":102,"column":null}},"type":"cond-expr","locations":[{"start":{"line":102,"column":44},"end":{"line":102,"column":61}},{"start":{"line":102,"column":61},"end":{"line":102,"column":null}}]}},"s":{"0":0,"1":0,"2":0,"3":0,"4":0,"5":0,"6":0,"7":0},"f":{"0":0,"1":0,"2":0},"b":{"0":[0,0],"1":[0],"2":[0],"3":[0,0],"4":[0,0]}}
,"C:\\Users\\kgdsk\\CascadeProjects\\assistpro-ai-v3\\src\\components\\theme-provider.tsx": {"path":"C:\\Users\\kgdsk\\CascadeProjects\\assistpro-ai-v3\\src\\components\\theme-provider.tsx","statementMap":{"0":{"start":{"line":7,"column":16},"end":{"line":7,"column":30}},"1":{"start":{"line":3,"column":23},"end":{"line":3,"column":null}},"2":{"start":{"line":4,"column":52},"end":{"line":4,"column":null}}},"fnMap":{"0":{"name":"ThemeProvider","decl":{"start":{"line":7,"column":16},"end":{"line":7,"column":30}},"loc":{"start":{"line":7,"column":72},"end":{"line":9,"column":null}}}},"branchMap":{},"s":{"0":0,"1":0,"2":0},"f":{"0":0},"b":{}}
,"C:\\Users\\kgdsk\\CascadeProjects\\assistpro-ai-v3\\src\\components\\theme-toggle.tsx": {"path":"C:\\Users\\kgdsk\\CascadeProjects\\assistpro-ai-v3\\src\\components\\theme-toggle.tsx","statementMap":{"0":{"start":{"line":9,"column":16},"end":{"line":9,"column":null}},"1":{"start":{"line":3,"column":23},"end":{"line":3,"column":null}},"2":{"start":{"line":4,"column":26},"end":{"line":4,"column":null}},"3":{"start":{"line":5,"column":25},"end":{"line":5,"column":null}},"4":{"start":{"line":7,"column":23},"end":{"line":7,"column":null}},"5":{"start":{"line":10,"column":30},"end":{"line":10,"column":null}},"6":{"start":{"line":16,"column":21},"end":{"line":16,"column":null}}},"fnMap":{"0":{"name":"ThemeToggle","decl":{"start":{"line":9,"column":16},"end":{"line":9,"column":null}},"loc":{"start":{"line":9,"column":16},"end":{"line":24,"column":null}}},"1":{"name":"(anonymous_5)","decl":{"start":{"line":16,"column":15},"end":{"line":16,"column":21}},"loc":{"start":{"line":16,"column":21},"end":{"line":16,"column":null}}}},"branchMap":{"0":{"loc":{"start":{"line":16,"column":30},"end":{"line":16,"column":null}},"type":"cond-expr","locations":[{"start":{"line":16,"column":49},"end":{"line":16,"column":59}},{"start":{"line":16,"column":59},"end":{"line":16,"column":null}}]}},"s":{"0":0,"1":0,"2":0,"3":0,"4":0,"5":0,"6":0},"f":{"0":0,"1":0},"b":{"0":[0,0]}}
[...]
e":33,"column":null}},"21":{"start":{"line":35,"column":10},"end":{"line":35,"column":null}},"22":{"start":{"line":36,"column":33},"end":{"line":36,"column":null}},"23":{"start":{"line":38,"column":31},"end":{"line":38,"column":null}},"24":{"start":{"line":39,"column":10},"end":{"line":39,"column":null}},"25":{"start":{"line":41,"column":26},"end":{"line":41,"column":null}},"26":{"start":{"line":43,"column":10},"end":{"line":48,"column":null}},"27":{"start":{"line":50,"column":10},"end":{"line":50,"column":null}},"28":{"start":{"line":52,"column":10},"end":{"line":56,"column":null}},"29":{"start":{"line":57,"column":10},"end":{"line":57,"column":null}},"30":{"start":{"line":61,"column":6},"end":{"line":61,"column":null}},"31":{"start":{"line":67,"column":22},"end":{"line":67,"column":50}},"32":{"start":{"line":68,"column":19},"end":{"line":68,"column":null}},"33":{"start":{"line":69,"column":19},"end":{"line":69,"column":null}},"34":{"start":{"line":70,"column":17},"end":{"line":70,"column":null}},"35":{"start":{"line":71,"column":21},"end":{"line":71,"column":23}},"36":{"start":{"line":73,"column":17},"end":{"line":73,"column":null}},"37":{"start":{"line":74,"column":14},"end":{"line":74,"column":null}},"38":{"start":{"line":77,"column":4},"end":{"line":77,"column":51}},"39":{"start":{"line":78,"column":4},"end":{"line":78,"column":51}},"40":{"start":{"line":79,"column":4},"end":{"line":79,"column":51}},"41":{"start":{"line":81,"column":4},"end":{"line":81,"column":51}},"42":{"start":{"line":82,"column":4},"end":{"line":82,"column":51}},"43":{"start":{"line":83,"column":4},"end":{"line":83,"column":51}},"44":{"start":{"line":84,"column":4},"end":{"line":84,"column":51}},"45":{"start":{"line":85,"column":4},"end":{"line":85,"column":51}},"46":{"start":{"line":86,"column":4},"end":{"line":86,"column":55}},"47":{"start":{"line":87,"column":4},"end":{"line":87,"column":51}},"48":{"start":{"line":88,"column":4},"end":{"line":88,"column":51}},"49":{"start":{"line":90,"column":4},"end":{"line":90,"column":51}},"50":{"start":{"line":91,"column":4},"end":{"line":91,"column":51}},"51":{"start":{"line":94,"column":4},"end":{"line":96,"column":null}},"52":{"start":{"line":94,"column":17},"end":{"line":94,"column":20}},"53":{"start":{"line":95,"column":6},"end":{"line":95,"column":null}},"54":{"start":{"line":98,"column":4},"end":{"line":106,"column":null}},"55":{"start":{"line":99,"column":6},"end":{"line":104,"column":null}},"56":{"start":{"line":99,"column":19},"end":{"line":99,"column":22}},"57":{"start":{"line":100,"column":8},"end":{"line":100,"column":null}},"58":{"start":{"line":101,"column":8},"end":{"line":101,"column":null}},"59":{"start":{"line":102,"column":8},"end":{"line":102,"column":null}},"60":{"start":{"line":103,"column":8},"end":{"line":103,"column":null}},"61":{"start":{"line":105,"column":6},"end":{"line":105,"column":null}},"62":{"start":{"line":109,"column":4},"end":{"line":109,"column":null}},"63":{"start":{"line":112,"column":6},"end":{"line":112,"column":null}},"64":{"start":{"line":113,"column":6},"end":{"line":113,"column":null}},"65":{"start":{"line":117,"column":6},"end":{"line":117,"column":null}},"66":{"start":{"line":118,"column":6},"end":{"line":118,"column":null}},"67":{"start":{"line":123,"column":17},"end":{"line":123,"column":null}},"68":{"start":{"line":126,"column":4},"end":{"line":126,"column":null}},"69":{"start":{"line":130,"column":4},"end":{"line":130,"column":null}},"70":{"start":{"line":134,"column":4},"end":{"line":134,"column":null}}},"fnMap":{"0":{"name":"(anonymous_1)","decl":{"start":{"line":5,"column":2},"end":{"line":5,"column":15}},"loc":{"start":{"line":5,"column":84},"end":{"line":63,"column":null}}},"1":{"name":"(anonymous_2)","decl":{"start":{"line":6,"column":23},"end":{"line":6,"column":24}},"loc":{"start":{"line":6,"column":33},"end":{"line":62,"column":null}}},"2":{"name":"(anonymous_3)","decl":{"start":{"line":11,"column":22},"end":{"line":11,"column":29}},"loc":{"start":{"line":11,"column":29},"end":{"line":59,"column":null}}},"3":{"name":"(anonymous_4)","decl":{"start":{"line":66,"column":2},"end":{"line":66,"column":17}},"loc":{"start":{"line":66,"column":79},"end":{"line":120,"column":null}}},"4":{"name":"setUint16","decl":{"start":{"line":111,"column":13},"end":{"line":111,"column":23}},"loc":{"start":{"line":111,"column":35},"end":{"line":114,"column":null}}},"5":{"name":"setUint32","decl":{"start":{"line":116,"column":13},"end":{"line":116,"column":23}},"loc":{"start":{"line":116,"column":35},"end":{"line":119,"column":null}}},"6":{"name":"(anonymous_7)","decl":{"start":{"line":125,"column":2},"end":{"line":125,"column":9}},"loc":{"start":{"line":125,"column":70},"end":{"line":127,"column":null}}},"7":{"name":"(anonymous_8)","decl":{"start":{"line":129,"column":2},"end":{"line":129,"column":9}},"loc":{"start":{"line":129,"column":71},"end":{"line":131,"column":null}}},"8":{"name":"(anonymous_9)","decl":{"start":{"line":133,"column":2},"end":{"line":133,"column":9}},"loc":{"start":{"line":133,"column":35},"end":{"line":135,"column":null}}}},"branchMap":{"0":{"loc":{"start":{"line":5,"column":46},"end":{"line":5,"column":67}},"type":"default-arg","locations":[{"start":{"line":5,"column":64},"end":{"line":5,"column":67}}]},"1":{"loc":{"start":{"line":101,"column":18},"end":{"line":101,"column":67}},"type":"cond-expr","locations":[{"start":{"line":101,"column":37},"end":{"line":101,"column":54}},{"start":{"line":101,"column":54},"end":{"line":101,"column":67}}]}},"s":{"0":0,"1":0,"2":0,"3":0,"4":0,"5":0,"6":0,"7":0,"8":0,"9":0,"10":0,"11":0,"12":0,"13":0,"14":0,"15":0,"16":0,"17":0,"18":0,"19":0,"20":0,"21":0,"22":0,"23":0,"24":0,"25":0,"26":0,"27":0,"28":0,"29":0,"30":0,"31":0,"32":0,"33":0,"34":0,"35":0,"36":0,"37":0,"38":0,"39":0,"40":0,"41":0,"42":0,"43":0,"44":0,"45":0,"46":0,"47":0,"48":0,"49":0,"50":0,"51":0,"52":0,"53":0,"54":0,"55":0,"56":0,"57":0,"58":0,"59":0,"60":0,"61":0,"62":0,"63":0,"64":0,"65":0,"66":0,"67":0,"68":0,"69":0,"70":0},"f":{"0":0,"1":0,"2":0,"3":0,"4":0,"5":0,"6":0,"7":0,"8":0},"b":{"0":[0],"1":[0,0]}}
,"C:\\Users\\kgdsk\\CascadeProjects\\assistpro-ai-v3\\src\\lib\\security\\voice-validator.ts": {"path":"C:\\Users\\kgdsk\\CascadeProjects\\assistpro-ai-v3\\src\\lib\\security\\voice-validator.ts","statementMap":{"0":{"start":{"line":1,"column":13},"end":{"line":1,"column":27}},"1":{"start":{"line":105,"column":16},"end":{"line":105,"column":33}},"2":{"start":{"line":4,"column":32},"end":{"line":4,"column":null}},"3":{"start":{"line":5,"column":4},"end":{"line":5,"column":null}},"4":{"start":{"line":11,"column":4},"end":{"line":13,"column":null}},"5":{"start":{"line":12,"column":6},"end":{"line":12,"column":null}},"6":{"start":{"line":16,"column":4},"end":{"line":18,"column":null}},"7":{"start":{"line":17,"column":6},"end":{"line":17,"column":null}},"8":{"start":{"line":21,"column":26},"end":{"line":21,"column":null}},"9":{"start":{"line":24,"column":36},"end":{"line":24,"column":null}},"10":{"start":{"line":25,"column":4},"end":{"line":25,"column":null}},"11":{"start":{"line":31,"column":26},"end":{"line":31,"column":null}},"12":{"start":{"line":34,"column":28},"end":{"line":34,"column":null}},"13":{"start":{"line":37,"column":30},"end":{"line":37,"column":null}},"14":{"start":{"line":39,"column":4},"end":{"line":43,"column":null}},"15":{"start":{"line":48,"column":31},"end":{"line":48,"column":null}},"16":{"start":{"line":49,"column":4},"end":{"line":49,"column":null}},"17":{"start":{"line":54,"column":4},"end":{"line":56,"column":null}},"18":{"start":{"line":55,"column":6},"end":{"line":55,"column":null}},"19":{"start":{"line":58,"column":23},"end":{"line":58,"column":null}},"20":{"start":{"line":59,"column":4},"end":{"line":61,"column":null}},"21":{"start":{"line":60,"column":6},"end":{"line":60,"column":null}},"22":{"start":{"line":64,"column":50},"end":{"line":68,"column":null}},"23":{"start":{"line":70,"column":4},"end":{"line":70,"column":null}},"24":{"start":{"line":75,"column":4},"end":{"line":89,"column":null}},"25":{"start":{"line":76,"column":23},"end":{"line":82,"column":null}},"26":{"start":{"line":84,"column":29},"end":{"line":84,"column":null}},"27":{"start":{"line":85,"column":6},"end":{"line":85,"column":null}},"28":{"start":{"line":87,"column":6},"end":{"line":87,"column":null}},"29":{"start":{"line":88,"column":6},"end":{"line":88,"column":null}},"30":{"start":{"line":94,"column":27},"end":{"line":94,"column":null}},"31":{"start":{"line":95,"column":4},"end":{"line":95,"column":null}},"32":{"start":{"line":100,"column":4},"end":{"line":100,"column":null}},"33":{"start":{"line":106,"column":2},"end":{"line":108,"column":null}},"34":{"start":{"line":107,"column":4},"end":{"line":107,"column":null}},"35":{"start":{"line":110,"column":25},"end":{"line":110,"column":null}}},"fnMap":{"0":{"name":"(anonymous_3)","decl":{"start":{"line":3,"column":2},"end":{"line":3,"column":9}},"loc":{"start":{"line":3,"column":59},"end":{"line":6,"column":null}}},"1":{"name":"(anonymous_4)","decl":{"start":{"line":9,"column":2},"end":{"line":9,"column":9}},"loc":{"start":{"line":9,"column":57},"end":{"line":26,"column":null}}},"2":{"name":"(anonymous_5)","decl":{"start":{"line":29,"column":2},"end":{"line":29,"column":9}},"loc":{"start":{"line":29,"column":44},"end":{"line":44,"column":null}}},"3":{"name":"(anonymous_6)","decl":{"start":{"line":47,"column":2},"end":{"line":47,"column":9}},"loc":{"start":{"line":47,"column":56},"end":{"line":50,"column":null}}},"4":{"name":"(anonymous_7)","decl":{"start":{"line":53,"column":2},"end":{"line":53,"column":9}},"loc":{"start":{"line":53,"column":71},"end":{"line":71,"column":null}}},"5":{"name":"(anonymous_8)","decl":{"start":{"line":74,"column":2},"end":{"line":74,"column":15}},"loc":{"start":{"line":74,"column":68},"end":{"line":90,"column":null}}},"6":{"name":"(anonymous_9)","decl":{"start":{"line":93,"column":2},"end":{"line":93,"column":9}},"loc":{"start":{"line":93,"column":79},"end":{"line":96,"column":null}}},"7":{"name":"(anonymous_10)","decl":{"start":{"line":99,"column":2},"end":{"line":99,"column":9}},"loc":{"start":{"line":99,"column":89},"end":{"line":101,"column":null}}},"8":{"name":"processVoiceInput","decl":{"start":{"line":105,"column":16},"end":{"line":105,"column":33}},"loc":{"start":{"line":105,"column":47},"end":{"line":112,"column":null}}}},"branchMap":{"0":{"loc":{"start":{"line":11,"column":4},"end":{"line":13,"column":null}},"type":"if","locations":[{"start":{"line":11,"column":4},"end":{"line":13,"column":null}}]},"1":{"loc":{"start":{"line":11,"column":8},"end":{"line":11,"column":37}},"type":"binary-expr","locations":[{"start":{"line":11,"column":8},"end":{"line":11,"column":17}},{"start":{"line":11,"column":17},"end":{"line":11,"column":37}}]},"2":{"loc":{"start":{"line":16,"column":4},"end":{"line":18,"column":null}},"type":"if","locations":[{"start":{"line":16,"column":4},"end":{"line":18,"column":null}}]},"3":{"loc":{"start":{"line":54,"column":4},"end":{"line":56,"column":null}},"type":"if","locations":[{"start":{"line":54,"column":4},"end":{"line":56,"column":null}}]},"4":{"loc":{"start":{"line":54,"column":8},"end":{"line":54,"column":41}},"type":"binary-expr","locations":[{"start":{"line":54,"column":8},"end":{"line":54,"column":19}},{"start":{"line":54,"column":19},"end":{"line":54,"column":41}}]},"5":{"loc":{"start":{"line":59,"column":4},"end":{"line":61,"column":null}},"type":"if","locations":[{"start":{"line":59,"column":4},"end":{"line":61,"column":null}}]},"6":{"loc":{"start":{"line":93,"column":44},"end":{"line":93,"column":68}},"type":"default-arg","locations":[{"start":{"line":93,"column":66},"end":{"line":93,"column":68}}]},"7":{"loc":{"start":{"line":99,"column":54},"end":{"line":99,"column":78}},"type":"default-arg","locations":[{"start":{"line":99,"column":76},"end":{"line":99,"column":78}}]},"8":{"loc":{"start":{"line":106,"column":2},"end":{"line":108,"column":null}},"type":"if","locations":[{"start":{"line":106,"column":2},"end":{"line":108,"column":null}}]}},"s":{"0":9,"1":0,"2":3,"3":3,"4":4,"5":0,"6":4,"7":0,"8":4,"9":4,"10":4,"11":6,"12":6,"13":6,"14":6,"15":0,"16":0,"17":0,"18":0,"19":0,"20":0,"21":0,"22":0,"23":0,"24":0,"25":0,"26":0,"27":0,"28":0,"29":0,"30":0,"31":0,"32":0,"33":0,"34":0,"35":0},"f":{"0":3,"1":4,"2":6,"3":0,"4":0,"5":0,"6":0,"7":0,"8":0},"b":{"0":[0],"1":[4,4],"2":[0],"3":[0],"4":[0,0],"5":[0],"6":[0],"7":[0],"8":[0]}}
,"C:\\Users\\kgdsk\\CascadeProjects\\assistpro-ai-v3\\src\\lib\\tts\\tts-strategy.ts": {"path":"C:\\Users\\kgdsk\\CascadeProjects\\assistpro-ai-v3\\src\\lib\\tts\\tts-strategy.ts","statementMap":{"0":{"start":{"line":50,"column":13},"end":{"line":50,"column":29}},"1":{"start":{"line":43,"column":13},"end":{"line":43,"column":30}},"2":{"start":{"line":57,"column":13},"end":{"line":57,"column":34}},"3":{"start":{"line":12,"column":13},"end":{"line":12,"column":24}},"4":{"start":{"line":65,"column":13},"end":{"line":65,"column":23}},"5":{"start":{"line":17,"column":4},"end":{"line":17,"column":null}},"6":{"start":{"line":21,"column":4},"end":{"line":23,"column":null}},"7":{"start":{"line":22,"column":6},"end":{"line":22,"column":null}},"8":{"start":{"line":24,"column":4},"end":{"line":24,"column":null}},"9":{"start":{"line":28,"column":21},"end":{"line":28,"column":57}},"10":{"start":{"line":30,"column":4},"end":{"line":32,"column":null}},"11":{"start":{"line":31,"column":6},"end":{"line":31,"column":null}},"12":{"start":{"line":34,"column":4},"end":{"line":34,"column":null}},"13":{"start":{"line":38,"column":4},"end":{"line":38,"column":null}},"14":{"start":{"line":13,"column":10},"end":{"line":13,"column":null}},"15":{"start":{"line":14,"column":10},"end":{"line":14,"column":null}},"16":{"start":{"line":46,"column":4},"end":{"line":46,"column":null}},"17":{"start":{"line":53,"column":4},"end":{"line":53,"column":null}},"18":{"start":{"line":60,"column":4},"end":{"line":60,"column":null}},"19":{"start":{"line":65,"column":26},"end":{"line":65,"column":null}},"20":{"start":{"line":68,"column":0},"end":{"line":68,"column":null}},"21":{"start":{"line":69,"column":0},"end":{"line":69,"column":null}},"22":{"start":{"line":70,"column":0},"end":{"line":70,"column":null}}},"fnMap":{"0":{"name":"(anonymous_6)","decl":{"start":{"line":16,"column":2},"end":{"line":16,"column":19}},"loc":{"start":{"line":16,"column":56},"end":{"line":18,"column":null}}},"1":{"name":"(anonymous_7)","decl":{"start":{"line":20,"column":2},"end":{"line":20,"column":21}},"loc":{"start":{"line":20,"column":35},"end":{"line":25,"column":null}}},"2":{"name":"(anonymous_8)","decl":{"start":{"line":27,"column":2},"end":{"line":27,"column":8}},"loc":{"start":{"line":27,"column":72},"end":{"line":35,"column":null}}},"3":{"name":"(anonymous_9)","decl":{"start":{"line":37,"column":2},"end":{"line":37,"column":36}},"loc":{"start":{"line":37,"column":36},"end":{"line":39,"column":null}}},"4":{"name":"(anonymous_11)","decl":{"start":{"line":44,"column":2},"end":{"line":44,"column":8}},"loc":{"start":{"line":44,"column":72},"end":{"line":47,"column":null}}},"5":{"name":"(anonymous_12)","decl":{"start":{"line":51,"column":2},"end":{"line":51,"column":8}},"loc":{"start":{"line":51,"column":72},"end":{"line":54,"column":null}}},"6":{"name":"(anonymous_13)","decl":{"start":{"line":58,"column":2},"end":{"line":58,"column":8}},"loc":{"start":{"line":58,"column":72},"end":{"line":61,"column":null}}}},"branchMap":{"0":{"loc":{"start":{"line":21,"column":4},"end":{"line":23,"column":null}},"type":"if","locations":[{"start":{"line":21,"column":4},"end":{"line":23,"column":null}}]},"1":{"loc":{"start":{"line":30,"column":4},"end":{"line":32,"column":null}},"type":"if","locations":[{"start":{"line":30,"column":4},"end":{"line":32,"column":null}}]}},"s":{"0":1,"1":1,"2":1,"3":3,"4":4,"5":10,"6":6,"7":1,"8":5,"9":3,"10":3,"11":0,"12":3,"13":3,"14":5,"15":5,"16":1,"17":1,"18":1,"19":2,"20":2,"21":2,"22":2},"f":{"0":10,"1":6,"2":3,"3":3,"4":1,"5":1,"6":1},"b":{"0":[1],"1":[0]}}
,"C:\\Users\\kgdsk\\CascadeProjects\\assistpro-ai-v3\\src\\types\\agent.ts": {"path":"C:\\Users\\kgdsk\\CascadeProjects\\assistpro-ai-v3\\src\\types\\agent.ts","statementMap":{"0":{"start":{"line":54,"column":13},"end":{"line":54,"column":24}},"1":{"start":{"line":34,"column":13},"end":{"line":34,"column":28}},"2":{"start":{"line":40,"column":13},"end":{"line":40,"column":29}},"3":{"start":{"line":36,"column":13},"end":{"line":36,"column":33}},"4":{"start":{"line":35,"column":13},"end":{"line":35,"column":31}},"5":{"start":{"line":47,"column":13},"end":{"line":47,"column":36}},"6":{"start":{"line":37,"column":13},"end":{"line":37,"column":35}},"7":{"start":{"line":84,"column":16},"end":{"line":84,"column":29}},"8":{"start":{"line":1,"column":18},"end":{"line":1,"column":null}},"9":{"start":{"line":4,"column":12},"end":{"line":4,"column":null}},"10":{"start":{"line":12,"column":12},"end":{"line":12,"column":null}},"11":{"start":{"line":18,"column":12},"end":{"line":18,"column":null}},"12":{"start":{"line":26,"column":12},"end":{"line":26,"column":null}},"13":{"start":{"line":34,"column":31},"end":{"line":34,"column":null}},"14":{"start":{"line":35,"column":34},"end":{"line":35,"column":null}},"15":{"start":{"line":36,"column":36},"end":{"line":36,"column":null}},"16":{"start":{"line":37,"column":38},"end":{"line":37,"column":null}},"17":{"start":{"line":40,"column":32},"end":{"line":44,"column":null}},"18":{"start":{"line":47,"column":39},"end":{"line":51,"column":null}},"19":{"start":{"line":54,"column":27},"end":{"line":76,"column":null}},"20":{"start":{"line":85,"column":2},"end":{"line":90,"column":null}},"21":{"start":{"line":86,"column":4},"end":{"line":86,"column":null}},"22":{"start":{"line":87,"column":4},"end":{"line":87,"column":null}},"23":{"start":{"line":89,"column":4},"end":{"line":89,"column":null}}},"fnMap":{"0":{"name":"(anonymous_13)","decl":{"start":{"line":4,"column":12},"end":{"line":4,"column":null}},"loc":{"start":{"line":4,"column":12},"end":{"line":4,"column":null}}},"1":{"name":"(anonymous_14)","decl":{"start":{"line":12,"column":12},"end":{"line":12,"column":null}},"loc":{"start":{"line":12,"column":12},"end":{"line":12,"column":null}}},"2":{"name":"(anonymous_15)","decl":{"start":{"line":18,"column":12},"end":{"line":18,"column":null}},"loc":{"start":{"line":18,"column":12},"end":{"line":18,"column":null}}},"3":{"name":"(anonymous_16)","decl":{"start":{"line":26,"column":12},"end":{"line":26,"column":null}},"loc":{"start":{"line":26,"column":12},"end":{"line":26,"column":null}}},"4":{"name":"validateAgent","decl":{"start":{"line":84,"column":16},"end":{"line":84,"column":29}},"loc":{"start":{"line":84,"column":44},"end":{"line":91,"column":null}}}},"branchMap":{"0":{"loc":{"start":{"line":4,"column":12},"end":{"line":4,"column":null}},"type":"binary-expr","locations":[{"start":{"line":4,"column":12},"end":{"line":4,"column":null}},{"start":{"line":4,"column":12},"end":{"line":4,"column":null}}]},"1":{"loc":{"start":{"line":12,"column":12},"end":{"line":12,"column":null}},"type":"binary-expr","locations":[{"start":{"line":12,"column":12},"end":{"line":12,"column":null}},{"start":{"line":12,"column":12},"end":{"line":12,"column":null}}]},"2":{"loc":{"start":{"line":18,"column":12},"end":{"line":18,"column":null}},"type":"binary-expr","locations":[{"start":{"line":18,"column":12},"end":{"line":18,"column":null}},{"start":{"line":18,"column":12},"end":{"line":18,"column":null}}]},"3":{"loc":{"start":{"line":26,"column":12},"end":{"line":26,"column":null}},"type":"binary-expr","locations":[{"start":{"line":26,"column":12},"end":{"line":26,"column":null}},{"start":{"line":26,"column":12},"end":{"line":26,"column":null}}]}},"s":{"0":0,"1":0,"2":0,"3":0,"4":0,"5":0,"6":0,"7":0,"8":4,"9":4,"10":4,"11":4,"12":4,"13":4,"14":4,"15":4,"16":4,"17":4,"18":4,"19":4,"20":0,"21":0,"22":0,"23":0},"f":{"0":4,"1":4,"2":4,"3":4,"4":0},"b":{"0":[4,4],"1":[4,4],"2":[4,4],"3":[4,4]}}
}
