{"C:\\Users\\kgdsk\\CascadeProjects\\assistpro-ai-v3\\src\\app\\layout.tsx": {"path":"C:\\Users\\kgdsk\\CascadeProjects\\assistpro-ai-v3\\src\\app\\layout.tsx","statementMap":{"0":{"start":{"line":15,"column":24},"end":{"line":15,"column":35}},"1":{"start":{"line":10,"column":13},"end":{"line":10,"column":21}},"2":{"start":{"line":1,"column":22},"end":{"line":1,"column":null}},"3":{"start":{"line":2,"column":7},"end":{"line":2,"column":null}},"4":{"start":{"line":3,"column":30},"end":{"line":3,"column":null}},"5":{"start":{"line":4,"column":28},"end":{"line":4,"column":null}},"6":{"start":{"line":5,"column":17},"end":{"line":5,"column":null}},"7":{"start":{"line":6,"column":23},"end":{"line":6,"column":null}},"8":{"start":{"line":8,"column":14},"end":{"line":8,"column":null}},"9":{"start":{"line":10,"column":24},"end":{"line":13,"column":null}}},"fnMap":{"0":{"name":"RootLayout","decl":{"start":{"line":15,"column":24},"end":{"line":15,"column":35}},"loc":{"start":{"line":19,"column":1},"end":{"line":60,"column":1}}}},"branchMap":{},"s":{"0":0,"1":0,"2":0,"3":0,"4":0,"5":0,"6":0,"7":0,"8":0,"9":0},"f":{"0":0},"b":{}}
,"C:\\Users\\kgdsk\\CascadeProjects\\assistpro-ai-v3\\src\\app\\page.tsx": {"path":"C:\\Users\\kgdsk\\CascadeProjects\\assistpro-ai-v3\\src\\app\\page.tsx","statementMap":{"0":{"start":{"line":26,"column":24},"end":{"line":26,"column":null}},"1":{"start":{"line":4,"column":17},"end":{"line":4,"column":null}},"2":{"start":{"line":5,"column":23},"end":{"line":5,"column":null}},"3":{"start":{"line":6,"column":34},"end":{"line":6,"column":null}},"4":{"start":{"line":18,"column":7},"end":{"line":18,"column":null}},"5":{"start":{"line":19,"column":22},"end":{"line":19,"column":null}},"6":{"start":{"line":20,"column":29},"end":{"line":20,"column":null}},"7":{"start":{"line":21,"column":84},"end":{"line":21,"column":null}},"8":{"start":{"line":22,"column":44},"end":{"line":22,"column":null}},"9":{"start":{"line":23,"column":58},"end":{"line":23,"column":null}},"10":{"start":{"line":24,"column":30},"end":{"line":24,"column":null}},"11":{"start":{"line":27,"column":32},"end":{"line":27,"column":null}},"12":{"start":{"line":28,"column":42},"end":{"line":28,"column":null}},"13":{"start":{"line":29,"column":36},"end":{"line":29,"column":null}},"14":{"start":{"line":30,"column":40},"end":{"line":30,"column":null}},"15":{"start":{"line":31,"column":48},"end":{"line":31,"column":null}},"16":{"start":{"line":32,"column":27},"end":{"line":32,"column":null}},"17":{"start":{"line":33,"column":25},"end":{"line":33,"column":null}},"18":{"start":{"line":36,"column":20},"end":{"line":49,"column":null}},"19":{"start":{"line":51,"column":36},"end":{"line":97,"column":null}},"20":{"start":{"line":52,"column":4},"end":{"line":96,"column":null}},"21":{"start":{"line":53,"column":21},"end":{"line":53,"column":null}},"22":{"start":{"line":56,"column":21},"end":{"line":56,"column":null}},"23":{"start":{"line":57,"column":6},"end":{"line":59,"column":null}},"24":{"start":{"line":58,"column":8},"end":{"line":58,"column":null}},"25":{"start":{"line":61,"column":20},"end":{"line":61,"column":29}},"26":{"start":{"line":62,"column":27},"end":{"line":62,"column":null}},"27":{"start":{"line":65,"column":6},"end":{"line":70,"column":null}},"28":{"start":{"line":72,"column":6},"end":{"line":72,"column":null}},"29":{"start":{"line":72,"column":42},"end":{"line":72,"column":null}},"30":{"start":{"line":73,"column":6},"end":{"line":73,"column":null}},"31":{"start":{"line":74,"column":6},"end":{"line":74,"column":null}},"32":{"start":{"line":76,"column":6},"end":{"line":76,"column":null}},"33":{"start":{"line":79,"column":25},"end":{"line":79,"column":null}},"34":{"start":{"line":80,"column":6},"end":{"line":92,"column":null}},"35":{"start":{"line":81,"column":8},"end":{"line":91,"column":null}},"36":{"start":{"line":83,"column":12},"end":{"line":83,"column":null}},"37":{"start":{"line":84,"column":12},"end":{"line":84,"column":null}},"38":{"start":{"line":86,"column":12},"end":{"line":86,"column":null}},"39":{"start":{"line":87,"column":12},"end":{"line":87,"column":null}},"40":{"start":{"line":89,"column":12},"end":{"line":89,"column":null}},"41":{"start":{"line":90,"column":12},"end":{"line":90,"column":null}},"42":{"start":{"line":94,"column":6},"end":{"line":94,"column":null}},"43":{"start":{"line":95,"column":6},"end":{"line":95,"column":null}},"44":{"start":{"line":99,"column":25},"end":{"line":159,"column":null}},"45":{"start":{"line":100,"column":26},"end":{"line":100,"column":null}},"46":{"start":{"line":101,"column":4},"end":{"line":101,"column":null}},"47":{"start":{"line":101,"column":24},"end":{"line":101,"column":null}},"48":{"start":{"line":103,"column":4},"end":{"line":158,"column":null}},"49":{"start":{"line":104,"column":21},"end":{"line":110,"column":null}},"50":{"start":{"line":113,"column":27},"end":{"line":113,"column":null}},"51":{"start":{"line":114,"column":25},"end":{"line":114,"column":null}},"52":{"start":{"line":115,"column":23},"end":{"line":115,"column":null}},"53":{"start":{"line":116,"column":6},"end":{"line":116,"column":null}},"54":{"start":{"line":118,"column":27},"end":{"line":118,"column":53}},"55":{"start":{"line":119,"column":24},"end":{"line":119,"column":null}},"56":{"start":{"line":120,"column":6},"end":{"line":120,"column":null}},"57":{"start":{"line":123,"column":28},"end":{"line":123,"column":null}},"58":{"start":{"line":123,"column":61},"end":{"line":123,"column":74}},"59":{"start":{"line":124,"column":6},"end":{"line":127,"column":null}},"60":{"start":{"line":125,"column":8},"end":{"line":125,"column":null}},"61":{"start":{"line":126,"column":8},"end":{"line":126,"column":null}},"62":{"start":{"line":129,"column":6},"end":{"line":129,"column":null}},"63":{"start":{"line":130,"column":6},"end":{"line":130,"column":null}},"64":{"start":{"line":132,"column":6},"end":{"line":134,"column":null}},"65":{"start":{"line":133,"column":8},"end":{"line":133,"column":null}},"66":{"start":{"line":136,"column":6},"end":{"line":151,"column":null}},"67":{"start":{"line":137,"column":26},"end":{"line":137,"column":null}},"68":{"start":{"line":139,"column":8},"end":{"line":150,"column":null}},"69":{"start":{"line":141,"column":32},"end":{"line":141,"column":null}},"70":{"start":{"line":143,"column":10},"end":{"line":146,"column":null}},"71":{"start":{"line":144,"column":12},"end":{"line":144,"column":null}},"72":{"start":{"line":145,"column":12},"end":{"line":145,"column":null}},"73":{"start":{"line":148,"column":10},"end":{"line":148,"column":null}},"74":{"start":{"line":149,"column":10},"end":{"line":149,"column":null}},"75":{"start":{"line":153,"column":6},"end":{"line":153,"column":null}},"76":{"start":{"line":154,"column":6},"end":{"line":154,"column":null}},"77":{"start":{"line":156,"column":6},"end":{"line":156,"column":null}},"78":{"start":{"line":157,"column":6},"end":{"line":157,"column":null}},"79":{"start":{"line":161,"column":24},"end":{"line":166,"column":null}},"80":{"start":{"line":162,"column":4},"end":{"line":165,"column":null}},"81":{"start":{"line":163,"column":6},"end":{"line":163,"column":null}},"82":{"start":{"line":164,"column":6},"end":{"line":164,"column":null}},"83":{"start":{"line":168,"column":28},"end":{"line":215,"column":null}},"84":{"start":{"line":169,"column":27},"end":{"line":169,"column":null}},"85":{"start":{"line":170,"column":4},"end":{"line":170,"column":null}},"86":{"start":{"line":170,"column":32},"end":{"line":170,"column":null}},"87":{"start":{"line":172,"column":28},"end":{"line":175,"column":null}},"88":{"start":{"line":176,"column":4},"end":{"line":176,"column":null}},"89":{"start":{"line":177,"column":4},"end":{"line":177,"column":null}},"90":{"start":{"line":178,"column":4},"end":{"line":178,"column":null}},"91":{"start":{"line":180,"column":4},"end":{"line":214,"column":null}},"92":{"start":{"line":181,"column":22},"end":{"line":183,"column":null}},"93":{"start":{"line":182,"column":20},"end":{"line":182,"column":49}},"94":{"start":{"line":185,"column":23},"end":{"line":188,"column":null}},"95":{"start":{"line":191,"column":6},"end":{"line":194,"column":null}},"96":{"start":{"line":191,"column":30},"end":{"line":194,"column":null}},"97":{"start":{"line":197,"column":6},"end":{"line":204,"column":null}},"98":{"start":{"line":198,"column":26},"end":{"line":198,"column":null}},"99":{"start":{"line":199,"column":25},"end":{"line":199,"column":null}},"100":{"start":{"line":200,"column":22},"end":{"line":200,"column":null}},"101":{"start":{"line":201,"column":8},"end":{"line":201,"column":null}},"102":{"start":{"line":203,"column":8},"end":{"line":203,"column":null}},"103":{"start":{"line":207,"column":6},"end":{"line":207,"column":null}},"104":{"start":{"line":208,"column":6},"end":{"line":211,"column":null}},"105":{"start":{"line":208,"column":30},"end":{"line":211,"column":null}},"106":{"start":{"line":213,"column":6},"end":{"line":213,"column":null}},"107":{"start":{"line":306,"column":14},"end":{"line":306,"column":32}},"108":{"start":{"line":344,"column":12},"end":{"line":345,"column":null}},"109":{"start":{"line":390,"column":14},"end":{"line":391,"column":null}},"110":{"start":{"line":419,"column":31},"end":{"line":419,"column":null}},"111":{"start":{"line":420,"column":32},"end":{"line":420,"column":null}},"112":{"start":{"line":425,"column":29},"end":{"line":425,"column":null}},"113":{"start":{"line":470,"column":59},"end":{"line":470,"column":null}}},"fnMap":{"0":{"name":"Home","decl":{"start":{"line":26,"column":24},"end":{"line":26,"column":null}},"loc":{"start":{"line":26,"column":24},"end":{"line":494,"column":null}}},"1":{"name":"(anonymous_3)","decl":{"start":{"line":51,"column":36},"end":{"line":51,"column":null}},"loc":{"start":{"line":51,"column":36},"end":{"line":97,"column":null}}},"2":{"name":"(anonymous_4)","decl":{"start":{"line":72,"column":33},"end":{"line":72,"column":42}},"loc":{"start":{"line":72,"column":42},"end":{"line":72,"column":null}}},"3":{"name":"(anonymous_5)","decl":{"start":{"line":99,"column":25},"end":{"line":99,"column":null}},"loc":{"start":{"line":99,"column":25},"end":{"line":159,"column":null}}},"4":{"name":"(anonymous_6)","decl":{"start":{"line":123,"column":45},"end":{"line":123,"column":46}},"loc":{"start":{"line":123,"column":61},"end":{"line":123,"column":74}}},"5":{"name":"(anonymous_7)","decl":{"start":{"line":132,"column":49},"end":{"line":132,"column":50}},"loc":{"start":{"line":132,"column":50},"end":{"line":134,"column":null}}},"6":{"name":"(anonymous_8)","decl":{"start":{"line":136,"column":40},"end":{"line":136,"column":null}},"loc":{"start":{"line":136,"column":40},"end":{"line":151,"column":null}}},"7":{"name":"(anonymous_9)","decl":{"start":{"line":161,"column":24},"end":{"line":161,"column":null}},"loc":{"start":{"line":161,"column":24},"end":{"line":166,"column":null}}},"8":{"name":"(anonymous_10)","decl":{"start":{"line":168,"column":28},"end":{"line":168,"column":35}},"loc":{"start":{"line":168,"column":35},"end":{"line":215,"column":null}}},"9":{"name":"(anonymous_11)","decl":{"start":{"line":182,"column":13},"end":{"line":182,"column":20}},"loc":{"start":{"line":182,"column":20},"end":{"line":182,"column":49}}},"10":{"name":"(anonymous_12)","decl":{"start":{"line":191,"column":22},"end":{"line":191,"column":30}},"loc":{"start":{"line":191,"column":30},"end":{"line":194,"column":null}}},"11":{"name":"(anonymous_13)","decl":{"start":{"line":208,"column":22},"end":{"line":208,"column":30}},"loc":{"start":{"line":208,"column":30},"end":{"line":211,"column":null}}},"12":{"name":"(anonymous_14)","decl":{"start":{"line":305,"column":18},"end":{"line":305,"column":19}},"loc":{"start":{"line":306,"column":14},"end":{"line":306,"column":32}}},"13":{"name":"(anonymous_15)","decl":{"start":{"line":343,"column":16},"end":{"line":343,"column":17}},"loc":{"start":{"line":344,"column":12},"end":{"line":345,"column":null}}},"14":{"name":"(anonymous_16)","decl":{"start":{"line":389,"column":30},"end":{"line":389,"column":31}},"loc":{"start":{"line":390,"column":14},"end":{"line":391,"column":null}}},"15":{"name":"(anonymous_17)","decl":{"start":{"line":419,"column":24},"end":{"line":419,"column":25}},"loc":{"start":{"line":419,"column":31},"end":{"line":419,"column":null}}},"16":{"name":"(anonymous_18)","decl":{"start":{"line":420,"column":25},"end":{"line":420,"column":26}},"loc":{"start":{"line":420,"column":32},"end":{"line":420,"column":null}}},"17":{"name":"(anonymous_19)","decl":{"start":{"line":425,"column":23},"end":{"line":425,"column":29}},"loc":{"start":{"line":425,"column":29},"end":{"line":425,"column":null}}},"18":{"name":"(anonymous_20)","decl":{"start":{"line":470,"column":53},"end":{"line":470,"column":59}},"loc":{"start":{"line":470,"column":59},"end":{"line":470,"column":null}}}},"branchMap":{"0":{"loc":{"start":{"line":57,"column":6},"end":{"line":59,"column":null}},"type":"if","locations":[{"start":{"line":57,"column":6},"end":{"line":59,"column":null}}]},"1":{"loc":{"start":{"line":80,"column":6},"end":{"line":92,"column":null}},"type":"if","locations":[{"start":{"line":80,"column":6},"end":{"line":92,"column":null}}]},"2":{"loc":{"start":{"line":81,"column":8},"end":{"line":91,"column":null}},"type":"switch","locations":[{"start":{"line":82,"column":10},"end":{"line":84,"column":null}},{"start":{"line":85,"column":10},"end":{"line":87,"column":null}},{"start":{"line":88,"column":10},"end":{"line":90,"column":null}}]},"3":{"loc":{"start":{"line":101,"column":4},"end":{"line":101,"column":null}},"type":"if","locations":[{"start":{"line":101,"column":4},"end":{"line":101,"column":null}}]},"4":{"loc":{"start":{"line":124,"column":6},"end":{"line":127,"column":null}},"type":"if","locations":[{"start":{"line":124,"column":6},"end":{"line":127,"column":null}}]},"5":{"loc":{"start":{"line":143,"column":10},"end":{"line":146,"column":null}},"type":"if","locations":[{"start":{"line":143,"column":10},"end":{"line":146,"column":null}}]},"6":{"loc":{"start":{"line":162,"column":4},"end":{"line":165,"column":null}},"type":"if","locations":[{"start":{"line":162,"column":4},"end":{"line":165,"column":null}}]},"7":{"loc":{"start":{"line":162,"column":8},"end":{"line":162,"column":83}},"type":"binary-expr","locations":[{"start":{"line":162,"column":8},"end":{"line":162,"column":32}},{"start":{"line":162,"column":36},"end":{"line":162,"column":83}}]},"8":{"loc":{"start":{"line":169,"column":27},"end":{"line":169,"column":null}},"type":"binary-expr","locations":[{"start":{"line":169,"column":27},"end":{"line":169,"column":43}},{"start":{"line":169,"column":43},"end":{"line":169,"column":null}}]},"9":{"loc":{"start":{"line":170,"column":4},"end":{"line":170,"column":null}},"type":"if","locations":[{"start":{"line":170,"column":4},"end":{"line":170,"column":null}}]},"10":{"loc":{"start":{"line":393,"column":18},"end":{"line":395,"column":null}},"type":"cond-expr","locations":[{"start":{"line":394,"column":22},"end":{"line":394,"column":null}},{"start":{"line":395,"column":22},"end":{"line":395,"column":null}}]},"11":{"loc":{"start":{"line":400,"column":20},"end":{"line":402,"column":null}},"type":"cond-expr","locations":[{"start":{"line":401,"column":24},"end":{"line":401,"column":null}},{"start":{"line":402,"column":24},"end":{"line":402,"column":null}}]},"12":{"loc":{"start":{"line":409,"column":13},"end":{"line":409,"column":null}},"type":"binary-expr","locations":[{"start":{"line":409,"column":13},"end":{"line":409,"column":null}}]},"13":{"loc":{"start":{"line":420,"column":32},"end":{"line":420,"column":null}},"type":"binary-expr","locations":[{"start":{"line":420,"column":32},"end":{"line":420,"column":53}},{"start":{"line":420,"column":53},"end":{"line":420,"column":null}}]},"14":{"loc":{"start":{"line":433,"column":23},"end":{"line":433,"column":null}},"type":"cond-expr","locations":[{"start":{"line":433,"column":37},"end":{"line":433,"column":53}},{"start":{"line":433,"column":53},"end":{"line":433,"column":null}}]},"15":{"loc":{"start":{"line":434,"column":23},"end":{"line":434,"column":null}},"type":"cond-expr","locations":[{"start":{"line":434,"column":37},"end":{"line":434,"column":53}},{"start":{"line":434,"column":53},"end":{"line":434,"column":null}}]},"16":{"loc":{"start":{"line":436,"column":26},"end":{"line":436,"column":null}},"type":"cond-expr","locations":[{"start":{"line":436,"column":40},"end":{"line":436,"column":59}},{"start":{"line":436,"column":59},"end":{"line":436,"column":null}}]},"17":{"loc":{"start":{"line":438,"column":29},"end":{"line":438,"column":67}},"type":"cond-expr","locations":[{"start":{"line":438,"column":29},"end":{"line":438,"column":67}}]}},"s":{"0":0,"1":0,"2":0,"3":0,"4":0,"5":0,"6":0,"7":0,"8":0,"9":0,"10":0,"11":0,"12":0,"13":0,"14":0,"15":0,"16":0,"17":0,"18":0,"19":0,"20":0,"21":0,"22":0,"23":0,"24":0,"25":0,"26":0,"27":0,"28":0,"29":0,"30":0,"31":0,"32":0,"33":0,"34":0,"35":0,"36":0,"37":0,"38":0,"39":0,"40":0,"41":0,"42":0,"43":0,"44":0,"45":0,"46":0,"47":0,"48":0,"49":0,"50":0,"51":0,"52":0,"53":0,"54":0,"55":0,"56":0,"57":0,"58":0,"59":0,"60":0,"61":0,"62":0,"63":0,"64":0,"65":0,"66":0,"67":0,"68":0,"69":0,"70":0,"71":0,"72":0,"73":0,"74":0,"75":0,"76":0,"77":0,"78":0,"79":0,"80":0,"81":0,"82":0,"83":0,"84":0,"85":0,"86":0,"87":0,"88":0,"89":0,"90":0,"91":0,"92":0,"93":0,"94":0,"95":0,"96":0,"97":0,"98":0,"99":0,"100":0,"101":0,"102":0,"103":0,"104":0,"105":0,"106":0,"107":0,"108":0,"109":0,"110":0,"111":0,"112":0,"113":0},"f":{"0":0,"1":0,"2":0,"3":0,"4":0,"5":0,"6":0,"7":0,"8":0,"9":0,"10":0,"11":0,"12":0,"13":0,"14":0,"15":0,"16":0,"17":0,"18":0},"b":{"0":[0],"1":[0],"2":[0,0,0],"3":[0],"4":[0],"5":[0],"6":[0],"7":[0,0],"8":[0,0],"9":[0],"10":[0,0],"11":[0,0],"12":[0],"13":[0,0],"14":[0,0],"15":[0,0],"16":[0,0],"17":[0]}}
,"C:\\Users\\kgdsk\\CascadeProjects\\assistpro-ai-v3\\src\\app\\agentes\\criar\\page.tsx": {"path":"C:\\Users\\kgdsk\\CascadeProjects\\assistpro-ai-v3\\src\\app\\agentes\\criar\\page.tsx","statementMap":{"0":{"start":{"line":35,"column":24},"end":{"line":35,"column":null}},"1":{"start":{"line":3,"column":25},"end":{"line":3,"column":null}},"2":{"start":{"line":4,"column":36},"end":{"line":4,"column":null}},"3":{"start":{"line":5,"column":28},"end":{"line":5,"column":null}},"4":{"start":{"line":6,"column":18},"end":{"line":6,"column":null}},"5":{"start":{"line":12,"column":7},"end":{"line":12,"column":null}},"6":{"start":{"line":13,"column":22},"end":{"line":13,"column":null}},"7":{"start":{"line":14,"column":23},"end":{"line":14,"column":null}},"8":{"start":{"line":15,"column":78},"end":{"line":15,"column":null}},"9":{"start":{"line":16,"column":25},"end":{"line":16,"column":null}},"10":{"start":{"line":17,"column":57},"end":{"line":17,"column":null}},"11":{"start":{"line":20,"column":28},"end":{"line":33,"column":null}},"12":{"start":{"line":41,"column":6},"end":{"line":49,"column":null}},"13":{"start":{"line":51,"column":48},"end":{"line":51,"column":null}},"14":{"start":{"line":53,"column":19},"end":{"line":67,"column":null}},"15":{"start":{"line":54,"column":4},"end":{"line":66,"column":null}},"16":{"start":{"line":55,"column":23},"end":{"line":59,"column":null}},"17":{"start":{"line":61,"column":6},"end":{"line":63,"column":null}},"18":{"start":{"line":65,"column":6},"end":{"line":65,"column":null}},"19":{"start":{"line":103,"column":24},"end":{"line":103,"column":47}},"20":{"start":{"line":143,"column":24},"end":{"line":143,"column":47}}},"fnMap":{"0":{"name":"CriarAgentePage","decl":{"start":{"line":35,"column":24},"end":{"line":35,"column":null}},"loc":{"start":{"line":35,"column":24},"end":{"line":161,"column":null}}},"1":{"name":"(anonymous_2)","decl":{"start":{"line":53,"column":19},"end":{"line":53,"column":26}},"loc":{"start":{"line":53,"column":26},"end":{"line":67,"column":null}}},"2":{"name":"(anonymous_4)","decl":{"start":{"line":102,"column":52},"end":{"line":102,"column":null}},"loc":{"start":{"line":103,"column":24},"end":{"line":103,"column":47}}},"3":{"name":"(anonymous_6)","decl":{"start":{"line":142,"column":55},"end":{"line":142,"column":null}},"loc":{"start":{"line":143,"column":24},"end":{"line":143,"column":47}}}},"branchMap":{"0":{"loc":{"start":{"line":61,"column":6},"end":{"line":63,"column":null}},"type":"if","locations":[{"start":{"line":61,"column":6},"end":{"line":63,"column":null}}]},"1":{"loc":{"start":{"line":85,"column":15},"end":{"line":85,"column":26}},"type":"binary-expr","locations":[{"start":{"line":85,"column":15},"end":{"line":85,"column":26}}]}},"s":{"0":0,"1":0,"2":0,"3":0,"4":0,"5":0,"6":0,"7":0,"8":0,"9":0,"10":0,"11":0,"12":0,"13":0,"14":0,"15":0,"16":0,"17":0,"18":0,"19":0,"20":0},"f":{"0":0,"1":0,"2":0,"3":0},"b":{"0":[0],"1":[0]}}
,"C:\\Users\\kgdsk\\CascadeProjects\\assistpro-ai-v3\\src\\app\\analytics\\page.tsx": {"path":"C:\\Users\\kgdsk\\CascadeProjects\\assistpro-ai-v3\\src\\app\\analytics\\page.tsx","statementMap":{"0":{"start":{"line":39,"column":24},"end":{"line":39,"column":null}},"1":{"start":{"line":1,"column":33},"end":{"line":1,"column":null}},"2":{"start":{"line":2,"column":31},"end":{"line":2,"column":null}},"3":{"start":{"line":3,"column":57},"end":{"line":3,"column":null}},"4":{"start":{"line":4,"column":57},"end":{"line":4,"column":null}},"5":{"start":{"line":10,"column":7},"end":{"line":10,"column":null}},"6":{"start":{"line":12,"column":24},"end":{"line":37,"column":null}},"7":{"start":{"line":51,"column":23},"end":{"line":51,"column":34}},"8":{"start":{"line":52,"column":10},"end":{"line":53,"column":null}}},"fnMap":{"0":{"name":"AnalyticsPage","decl":{"start":{"line":39,"column":24},"end":{"line":39,"column":null}},"loc":{"start":{"line":39,"column":24},"end":{"line":91,"column":null}}},"1":{"name":"(anonymous_2)","decl":{"start":{"line":50,"column":29},"end":{"line":50,"column":30}},"loc":{"start":{"line":50,"column":30},"end":{"line":68,"column":null}}}},"branchMap":{},"s":{"0":0,"1":0,"2":0,"3":0,"4":0,"5":0,"6":0,"7":0,"8":0},"f":{"0":0,"1":0},"b":{}}
,"C:\\Users\\kgdsk\\CascadeProjects\\assistpro-ai-v3\\src\\app\\api\\voice\\call\\route.ts": {"path":"C:\\Users\\kgdsk\\CascadeProjects\\assistpro-ai-v3\\src\\app\\api\\voice\\call\\route.ts","statementMap":{"0":{"start":{"line":5,"column":22},"end":{"line":5,"column":27}},"1":{"start":{"line":2,"column":28},"end":{"line":2,"column":null}},"2":{"start":{"line":3,"column":31},"end":{"line":3,"column":null}},"3":{"start":{"line":6,"column":2},"end":{"line":41,"column":null}},"4":{"start":{"line":7,"column":37},"end":{"line":7,"column":null}},"5":{"start":{"line":10,"column":4},"end":{"line":14,"column":null}},"6":{"start":{"line":11,"column":6},"end":{"line":13,"column":null}},"7":{"start":{"line":17,"column":4},"end":{"line":21,"column":null}},"8":{"start":{"line":23,"column":4},"end":{"line":28,"column":null}},"9":{"start":{"line":30,"column":4},"end":{"line":30,"column":null}},"10":{"start":{"line":32,"column":4},"end":{"line":36,"column":null}},"11":{"start":{"line":38,"column":4},"end":{"line":40,"column":null}}},"fnMap":{"0":{"name":"POST","decl":{"start":{"line":5,"column":22},"end":{"line":5,"column":27}},"loc":{"start":{"line":5,"column":43},"end":{"line":42,"column":null}}}},"branchMap":{"0":{"loc":{"start":{"line":10,"column":4},"end":{"line":14,"column":null}},"type":"if","locations":[{"start":{"line":10,"column":4},"end":{"line":14,"column":null}}]}},"s":{"0":0,"1":0,"2":0,"3":0,"4":0,"5":0,"6":0,"7":0,"8":0,"9":0,"10":0,"11":0},"f":{"0":0},"b":{"0":[0]}}
,"C:\\Users\\kgdsk\\CascadeProjects\\assistpro-ai-v3\\src\\app\\api\\voice\\synthesize\\route.ts": {"path":"C:\\Users\\kgdsk\\CascadeProjects\\assistpro-ai-v3\\src\\app\\api\\voice\\synthesize\\route.ts","statementMap":{"0":{"start":{"line":5,"column":22},"end":{"line":5,"column":27}},"1":{"start":{"line":2,"column":28},"end":{"line":2,"column":null}},"2":{"start":{"line":3,"column":31},"end":{"line":3,"column":null}},"3":{"start":{"line":6,"column":2},"end":{"line":45,"column":null}},"4":{"start":{"line":7,"column":81},"end":{"line":7,"column":null}},"5":{"start":{"line":10,"column":4},"end":{"line":14,"column":null}},"6":{"start":{"line":11,"column":6},"end":{"line":13,"column":null}},"7":{"start":{"line":17,"column":4},"end":{"line":21,"column":null}},"8":{"start":{"line":24,"column":24},"end":{"line":24,"column":null}},"9":{"start":{"line":26,"column":4},"end":{"line":32,"column":null}},"10":{"start":{"line":34,"column":4},"end":{"line":34,"column":null}},"11":{"start":{"line":36,"column":4},"end":{"line":40,"column":null}},"12":{"start":{"line":42,"column":4},"end":{"line":44,"column":null}}},"fnMap":{"0":{"name":"POST","decl":{"start":{"line":5,"column":22},"end":{"line":5,"column":27}},"loc":{"start":{"line":5,"column":43},"end":{"line":46,"column":null}}}},"branchMap":{"0":{"loc":{"start":{"line":7,"column":18},"end":{"line":7,"column":34}},"type":"default-arg","locations":[{"start":{"line":7,"column":26},"end":{"line":7,"column":34}}]},"1":{"loc":{"start":{"line":7,"column":36},"end":{"line":7,"column":54}},"type":"default-arg","locations":[{"start":{"line":7,"column":47},"end":{"line":7,"column":54}}]},"2":{"loc":{"start":{"line":7,"column":56},"end":{"line":7,"column":76}},"type":"default-arg","locations":[{"start":{"line":7,"column":67},"end":{"line":7,"column":76}}]},"3":{"loc":{"start":{"line":10,"column":4},"end":{"line":14,"column":null}},"type":"if","locations":[{"start":{"line":10,"column":4},"end":{"line":14,"column":null}}]}},"s":{"0":0,"1":0,"2":0,"3":0,"4":0,"5":0,"6":0,"7":0,"8":0,"9":0,"10":0,"11":0,"12":0},"f":{"0":0},"b":{"0":[0],"1":[0],"2":[0],"3":[0]}}
,"C:\\Users\\kgdsk\\CascadeProjects\\assistpro-ai-v3\\src\\app\\api\\voice\\train\\route.ts": {"path":"C:\\Users\\kgdsk\\CascadeProjects\\assistpro-ai-v3\\src\\app\\api\\voice\\train\\route.ts","statementMap":{"0":{"start":{"line":4,"column":22},"end":{"line":4,"column":27}},"1":{"start":{"line":2,"column":28},"end":{"line":2,"column":null}},"2":{"start":{"line":5,"column":2},"end":{"line":39,"column":null}},"3":{"start":{"line":6,"column":41},"end":{"line":6,"column":null}},"4":{"start":{"line":9,"column":4},"end":{"line":13,"column":null}},"5":{"start":{"line":10,"column":6},"end":{"line":12,"column":null}},"6":{"start":{"line":16,"column":4},"end":{"line":20,"column":null}},"7":{"start":{"line":22,"column":4},"end":{"line":26,"column":null}},"8":{"start":{"line":28,"column":4},"end":{"line":28,"column":null}},"9":{"start":{"line":30,"column":4},"end":{"line":34,"column":null}},"10":{"start":{"line":36,"column":4},"end":{"line":38,"column":null}}},"fnMap":{"0":{"name":"POST","decl":{"start":{"line":4,"column":22},"end":{"line":4,"column":27}},"loc":{"start":{"line":4,"column":43},"end":{"line":40,"column":null}}}},"branchMap":{"0":{"loc":{"start":{"line":9,"column":4},"end":{"line":13,"column":null}},"type":"if","locations":[{"start":{"line":9,"column":4},"end":{"line":13,"column":null}}]}},"s":{"0":0,"1":0,"2":0,"3":0,"4":0,"5":0,"6":0,"7":0,"8":0,"9":0,"10":0},"f":{"0":0},"b":{"0":[0]}}
,"C:\\Users\\kgdsk\\CascadeProjects\\assistpro-ai-v3\\src\\app\\api\\voice\\transcribe\\route.ts": {"path":"C:\\Users\\kgdsk\\CascadeProjects\\assistpro-ai-v3\\src\\app\\api\\voice\\transcribe\\route.ts","statementMap":{"0":{"start":{"line":5,"column":22},"end":{"line":5,"column":27}},"1":{"start":{"line":2,"column":28},"end":{"line":2,"column":null}},"2":{"start":{"line":3,"column":31},"end":{"line":3,"column":null}},"3":{"start":{"line":6,"column":2},"end":{"line":46,"column":null}},"4":{"start":{"line":7,"column":21},"end":{"line":7,"column":null}},"5":{"start":{"line":8,"column":22},"end":{"line":8,"column":null}},"6":{"start":{"line":10,"column":4},"end":{"line":14,"column":null}},"7":{"start":{"line":11,"column":6},"end":{"line":13,"column":null}},"8":{"start":{"line":17,"column":27},"end":{"line":17,"column":null}},"9":{"start":{"line":20,"column":4},"end":{"line":24,"column":null}},"10":{"start":{"line":26,"column":4},"end":{"line":33,"column":null}},"11":{"start":{"line":35,"column":4},"end":{"line":35,"column":null}},"12":{"start":{"line":37,"column":4},"end":{"line":41,"column":null}},"13":{"start":{"line":43,"column":4},"end":{"line":45,"column":null}}},"fnMap":{"0":{"name":"POST","decl":{"start":{"line":5,"column":22},"end":{"line":5,"column":27}},"loc":{"start":{"line":5,"column":43},"end":{"line":47,"column":null}}}},"branchMap":{"0":{"loc":{"start":{"line":10,"column":4},"end":{"line":14,"column":null}},"type":"if","locations":[{"start":{"line":10,"column":4},"end":{"line":14,"column":null}}]}},"s":{"0":0,"1":0,"2":0,"3":0,"4":0,"5":0,"6":0,"7":0,"8":0,"9":0,"10":0,"11":0,"12":0,"13":0},"f":{"0":0},"b":{"0":[0]}}
,"C:\\Users\\kgdsk\\CascadeProjects\\assistpro-ai-v3\\src\\app\\chat\\page.tsx": {"path":"C:\\Users\\kgdsk\\CascadeProjects\\assistpro-ai-v3\\src\\app\\chat\\page.tsx","statementMap":{"0":{"start":{"line":3,"column":24},"end":{"line":3,"column":null}},"1":{"start":{"line":1,"column":30},"end":{"line":1,"column":null}}},"fnMap":{"0":{"name":"ChatPage","decl":{"start":{"line":3,"column":24},"end":{"line":3,"column":null}},"loc":{"start":{"line":3,"column":24},"end":{"line":15,"column":null}}}},"branchMap":{},"s":{"0":0,"1":0},"f":{"0":0},"b":{}}
,"C:\\Users\\kgdsk\\CascadeProjects\\assistpro-ai-v3\\src\\app\\dashboard\\page.tsx": {"path":"C:\\Users\\kgdsk\\CascadeProjects\\assistpro-ai-v3\\src\\app\\dashboard\\page.tsx","statementMap":{"0":{"start":{"line":53,"column":24},"end":{"line":53,"column":null}},"1":{"start":{"line":3,"column":26},"end":{"line":3,"column":null}},"2":{"start":{"line":4,"column":26},"end":{"line":4,"column":null}},"3":{"start":{"line":5,"column":57},"end":{"line":5,"column":null}},"4":{"start":{"line":6,"column":23},"end":{"line":6,"column":null}},"5":{"start":{"line":14,"column":7},"end":{"line":14,"column":null}},"6":{"start":{"line":20,"column":7},"end":{"line":20,"column":null}},"7":{"start":{"line":22,"column":24},"end":{"line":28,"column":null}},"8":{"start":{"line":30,"column":19},"end":{"line":51,"column":null}},"9":{"start":{"line":54,"column":17},"end":{"line":54,"column":null}},"10":{"start":{"line":56,"column":2},"end":{"line":61,"column":null}},"11":{"start":{"line":57,"column":23},"end":{"line":57,"column":null}},"12":{"start":{"line":58,"column":4},"end":{"line":60,"column":null}},"13":{"start":{"line":59,"column":6},"end":{"line":59,"column":null}},"14":{"start":{"line":72,"column":10},"end":{"line":72,"column":28}}},"fnMap":{"0":{"name":"DashboardPage","decl":{"start":{"line":53,"column":24},"end":{"line":53,"column":null}},"loc":{"start":{"line":53,"column":24},"end":{"line":125,"column":null}}},"1":{"name":"(anonymous_2)","decl":{"start":{"line":56,"column":12},"end":{"line":56,"column":null}},"loc":{"start":{"line":56,"column":12},"end":{"line":61,"column":5}}},"2":{"name":"(anonymous_3)","decl":{"start":{"line":71,"column":24},"end":{"line":71,"column":25}},"loc":{"start":{"line":72,"column":10},"end":{"line":72,"column":28}}}},"branchMap":{"0":{"loc":{"start":{"line":58,"column":4},"end":{"line":60,"column":null}},"type":"if","locations":[{"start":{"line":58,"column":4},"end":{"line":60,"column":null}}]}},"s":{"0":0,"1":0,"2":0,"3":0,"4":0,"5":0,"6":0,"7":0,"8":0,"9":0,"10":0,"11":0,"12":0,"13":0,"14":0},"f":{"0":0,"1":0,"2":0},"b":{"0":[0]}}
,"C:\\Users\\kgdsk\\CascadeProjects\\assistpro-ai-v3\\src\\app\\login\\page.tsx": {"path":"C:\\Users\\kgdsk\\CascadeProjects\\assistpro-ai-v3\\src\\app\\login\\page.tsx","statementMap":{"0":{"start":{"line":9,"column":24},"end":{"line":9,"column":null}},"1":{"start":{"line":3,"column":25},"end":{"line":3,"column":null}},"2":{"start":{"line":4,"column":23},"end":{"line":4,"column":null}},"3":{"start":{"line":5,"column":22},"end":{"line":5,"column":null}},"4":{"start":{"line":6,"column":57},"end":{"line":6,"column":null}},"5":{"start":{"line":7,"column":26},"end":{"line":7,"column":null}},"6":{"start":{"line":10,"column":34},"end":{"line":10,"column":null}},"7":{"start":{"line":11,"column":34},"end":{"line":11,"column":null}},"8":{"start":{"line":12,"column":17},"end":{"line":12,"column":null}},"9":{"start":{"line":14,"column":22},"end":{"line":24,"column":null}},"10":{"start":{"line":15,"column":4},"end":{"line":15,"column":null}},"11":{"start":{"line":17,"column":4},"end":{"line":23,"column":null}},"12":{"start":{"line":19,"column":6},"end":{"line":19,"column":null}},"13":{"start":{"line":20,"column":6},"end":{"line":20,"column":null}},"14":{"start":{"line":22,"column":6},"end":{"line":22,"column":null}},"15":{"start":{"line":39,"column":33},"end":{"line":39,"column":null}},"16":{"start":{"line":49,"column":33},"end":{"line":49,"column":null}}},"fnMap":{"0":{"name":"LoginPage","decl":{"start":{"line":9,"column":24},"end":{"line":9,"column":null}},"loc":{"start":{"line":9,"column":24},"end":{"line":59,"column":null}}},"1":{"name":"(anonymous_2)","decl":{"start":{"line":14,"column":22},"end":{"line":14,"column":23}},"loc":{"start":{"line":14,"column":23},"end":{"line":24,"column":null}}},"2":{"name":"(anonymous_3)","decl":{"start":{"line":39,"column":26},"end":{"line":39,"column":27}},"loc":{"start":{"line":39,"column":33},"end":{"line":39,"column":null}}},"3":{"name":"(anonymous_4)","decl":{"start":{"line":49,"column":26},"end":{"line":49,"column":27}},"loc":{"start":{"line":49,"column":33},"end":{"line":49,"column":null}}}},"branchMap":{"0":{"loc":{"start":{"line":17,"column":4},"end":{"line":23,"column":null}},"type":"if","locations":[{"start":{"line":17,"column":4},"end":{"line":23,"column":null}},{"start":{"line":21,"column":11},"end":{"line":23,"column":null}}]},"1":{"loc":{"start":{"line":17,"column":8},"end":{"line":17,"column":54}},"type":"binary-expr","locations":[{"start":{"line":17,"column":8},"end":{"line":17,"column":32}},{"start":{"line":17,"column":32},"end":{"line":17,"column":54}}]}},"s":{"0":0,"1":0,"2":0,"3":0,"4":0,"5":0,"6":0,"7":0,"8":0,"9":0,"10":0,"11":0,"12":0,"13":0,"14":0,"15":0,"16":0},"f":{"0":0,"1":0,"2":0,"3":0},"b":{"0":[0,0],"1":[0,0]}}
,"C:\\Users\\kgdsk\\CascadeProjects\\assistpro-ai-v3\\src\\app\\precos\\page.tsx": {"path":"C:\\Users\\kgdsk\\CascadeProjects\\assistpro-ai-v3\\src\\app\\precos\\page.tsx","statementMap":{"0":{"start":{"line":14,"column":24},"end":{"line":14,"column":null}},"1":{"start":{"line":8,"column":7},"end":{"line":8,"column":null}},"2":{"start":{"line":9,"column":23},"end":{"line":9,"column":null}},"3":{"start":{"line":10,"column":29},"end":{"line":10,"column":null}},"4":{"start":{"line":11,"column":22},"end":{"line":11,"column":null}},"5":{"start":{"line":12,"column":17},"end":{"line":12,"column":null}},"6":{"start":{"line":29,"column":12},"end":{"line":30,"column":null}},"7":{"start":{"line":60,"column":20},"end":{"line":61,"column":null}}},"fnMap":{"0":{"name":"PrecosPage","decl":{"start":{"line":14,"column":24},"end":{"line":14,"column":null}},"loc":{"start":{"line":14,"column":24},"end":{"line":104,"column":null}}},"1":{"name":"(anonymous_3)","decl":{"start":{"line":28,"column":28},"end":{"line":28,"column":29}},"loc":{"start":{"line":29,"column":12},"end":{"line":30,"column":null}}},"2":{"name":"(anonymous_4)","decl":{"start":{"line":59,"column":37},"end":{"line":59,"column":38}},"loc":{"start":{"line":60,"column":20},"end":{"line":61,"column":null}}}},"branchMap":{"0":{"loc":{"start":{"line":33,"column":18},"end":{"line":33,"column":73}},"type":"cond-expr","locations":[{"start":{"line":33,"column":32},"end":{"line":33,"column":70}},{"start":{"line":33,"column":70},"end":{"line":33,"column":73}}]},"1":{"loc":{"start":{"line":40,"column":22},"end":{"line":40,"column":69}},"type":"cond-expr","locations":[{"start":{"line":40,"column":36},"end":{"line":40,"column":53}},{"start":{"line":40,"column":53},"end":{"line":40,"column":69}}]},"2":{"loc":{"start":{"line":77,"column":29},"end":{"line":77,"column":null}},"type":"cond-expr","locations":[{"start":{"line":77,"column":43},"end":{"line":77,"column":55}},{"start":{"line":77,"column":55},"end":{"line":77,"column":null}}]},"3":{"loc":{"start":{"line":80,"column":21},"end":{"line":82,"column":null}},"type":"cond-expr","locations":[{"start":{"line":81,"column":24},"end":{"line":81,"column":null}},{"start":{"line":82,"column":24},"end":{"line":82,"column":null}}]}},"s":{"0":0,"1":0,"2":0,"3":0,"4":0,"5":0,"6":0,"7":0},"f":{"0":0,"1":0,"2":0},"b":{"0":[0,0],"1":[0,0],"2":[0,0],"3":[0,0]}}
,"C:\\Users\\kgdsk\\CascadeProjects\\assistpro-ai-v3\\src\\app\\pricing\\page.tsx": {"path":"C:\\Users\\kgdsk\\CascadeProjects\\assistpro-ai-v3\\src\\app\\pricing\\page.tsx","statementMap":{"0":{"start":{"line":58,"column":24},"end":{"line":58,"column":null}},"1":{"start":{"line":1,"column":22},"end":{"line":1,"column":null}},"2":{"start":{"line":2,"column":23},"end":{"line":2,"column":null}},"3":{"start":{"line":3,"column":21},"end":{"line":3,"column":null}},"4":{"start":{"line":5,"column":14},"end":{"line":56,"column":null}},"5":{"start":{"line":74,"column":14},"end":{"line":75,"column":null}},"6":{"start":{"line":96,"column":22},"end":{"line":96,"column":40}},"7":{"start":{"line":148,"column":14},"end":{"line":148,"column":37}}},"fnMap":{"0":{"name":"PricingPage","decl":{"start":{"line":58,"column":24},"end":{"line":58,"column":null}},"loc":{"start":{"line":58,"column":24},"end":{"line":158,"column":null}}},"1":{"name":"(anonymous_2)","decl":{"start":{"line":73,"column":23},"end":{"line":73,"column":24}},"loc":{"start":{"line":74,"column":14},"end":{"line":75,"column":null}}},"2":{"name":"(anonymous_3)","decl":{"start":{"line":95,"column":39},"end":{"line":95,"column":40}},"loc":{"start":{"line":96,"column":22},"end":{"line":96,"column":40}}},"3":{"name":"(anonymous_4)","decl":{"start":{"line":147,"column":18},"end":{"line":147,"column":19}},"loc":{"start":{"line":148,"column":14},"end":{"line":148,"column":37}}}},"branchMap":{"0":{"loc":{"start":{"line":77,"column":18},"end":{"line":77,"column":null}},"type":"cond-expr","locations":[{"start":{"line":77,"column":33},"end":{"line":77,"column":71}},{"start":{"line":77,"column":71},"end":{"line":77,"column":null}}]},"1":{"loc":{"start":{"line":81,"column":19},"end":{"line":81,"column":31}},"type":"binary-expr","locations":[{"start":{"line":81,"column":19},"end":{"line":81,"column":31}}]},"2":{"loc":{"start":{"line":106,"column":27},"end":{"line":106,"column":null}},"type":"cond-expr","locations":[{"start":{"line":106,"column":42},"end":{"line":106,"column":54}},{"start":{"line":106,"column":54},"end":{"line":106,"column":null}}]}},"s":{"0":0,"1":0,"2":0,"3":0,"4":0,"5":0,"6":0,"7":0},"f":{"0":0,"1":0,"2":0,"3":0},"b":{"0":[0,0],"1":[0],"2":[0,0]}}
,"C:\\Users\\kgdsk\\CascadeProjects\\assistpro-ai-v3\\src\\app\\settings\\page.tsx": {"path":"C:\\Users\\kgdsk\\CascadeProjects\\assistpro-ai-v3\\src\\app\\settings\\page.tsx","statementMap":{"0":{"start":{"line":22,"column":24},"end":{"line":22,"column":null}},"1":{"start":{"line":1,"column":57},"end":{"line":1,"column":null}},"2":{"start":{"line":8,"column":7},"end":{"line":8,"column":null}},"3":{"start":{"line":9,"column":22},"end":{"line":9,"column":null}},"4":{"start":{"line":10,"column":22},"end":{"line":10,"column":null}},"5":{"start":{"line":11,"column":23},"end":{"line":11,"column":null}},"6":{"start":{"line":18,"column":7},"end":{"line":18,"column":null}},"7":{"start":{"line":19,"column":25},"end":{"line":19,"column":null}},"8":{"start":{"line":20,"column":23},"end":{"line":20,"column":null}}},"fnMap":{"0":{"name":"SettingsPage","decl":{"start":{"line":22,"column":24},"end":{"line":22,"column":null}},"loc":{"start":{"line":22,"column":24},"end":{"line":160,"column":null}}}},"branchMap":{},"s":{"0":0,"1":0,"2":0,"3":0,"4":0,"5":0,"6":0,"7":0,"8":0},"f":{"0":0},"b":{}}
,"C:\\Users\\kgdsk\\CascadeProjects\\assistpro-ai-v3\\src\\app\\settings\\voice\\page.tsx": {"path":"C:\\Users\\kgdsk\\CascadeProjects\\assistpro-ai-v3\\src\\app\\settings\\voice\\page.tsx","statementMap":{"0":{"start":{"line":7,"column":24},"end":{"line":7,"column":null}},"1":{"start":{"line":3,"column":39},"end":{"line":3,"column":null}},"2":{"start":{"line":4,"column":35},"end":{"line":4,"column":null}},"3":{"start":{"line":5,"column":57},"end":{"line":5,"column":null}}},"fnMap":{"0":{"name":"VoiceAssistantPage","decl":{"start":{"line":7,"column":24},"end":{"line":7,"column":null}},"loc":{"start":{"line":7,"column":24},"end":{"line":28,"column":null}}}},"branchMap":{},"s":{"0":0,"1":0,"2":0,"3":0},"f":{"0":0},"b":{}}
,"C:\\Users\\kgdsk\\CascadeProjects\\assistpro-ai-v3\\src\\components\\openai-status.tsx": {"path":"C:\\Users\\kgdsk\\CascadeProjects\\assistpro-ai-v3\\src\\components\\openai-status.tsx","statementMap":{"0":{"start":{"line":7,"column":16},"end":{"line":7,"column":null}},"1":{"start":{"line":3,"column":36},"end":{"line":3,"column":null}},"2":{"start":{"line":4,"column":22},"end":{"line":4,"column":null}},"3":{"start":{"line":5,"column":30},"end":{"line":5,"column":null}},"4":{"start":{"line":8,"column":36},"end":{"line":12,"column":null}},"5":{"start":{"line":14,"column":2},"end":{"line":21,"column":null}},"6":{"start":{"line":16,"column":21},"end":{"line":16,"column":null}},"7":{"start":{"line":17,"column":6},"end":{"line":17,"column":null}},"8":{"start":{"line":20,"column":4},"end":{"line":20,"column":null}},"9":{"start":{"line":23,"column":2},"end":{"line":39,"column":null}}},"fnMap":{"0":{"name":"OpenAIStatus","decl":{"start":{"line":7,"column":16},"end":{"line":7,"column":null}},"loc":{"start":{"line":7,"column":16},"end":{"line":46,"column":null}}},"1":{"name":"(anonymous_2)","decl":{"start":{"line":14,"column":12},"end":{"line":14,"column":null}},"loc":{"start":{"line":14,"column":12},"end":{"line":21,"column":5}}},"2":{"name":"checkStatus","decl":{"start":{"line":15,"column":19},"end":{"line":15,"column":null}},"loc":{"start":{"line":15,"column":19},"end":{"line":18,"column":null}}}},"branchMap":{"0":{"loc":{"start":{"line":23,"column":2},"end":{"line":39,"column":null}},"type":"if","locations":[{"start":{"line":23,"column":2},"end":{"line":39,"column":null}}]},"1":{"loc":{"start":{"line":27,"column":9},"end":{"line":27,"column":31}},"type":"binary-expr","locations":[{"start":{"line":27,"column":9},"end":{"line":27,"column":31}}]},"2":{"loc":{"start":{"line":32,"column":9},"end":{"line":32,"column":26}},"type":"binary-expr","locations":[{"start":{"line":32,"column":9},"end":{"line":32,"column":26}}]}},"s":{"0":0,"1":0,"2":0,"3":0,"4":0,"5":0,"6":0,"7":0,"8":0,"9":0},"f":{"0":0,"1":0,"2":0},"b":{"0":[0],"1":[0],"2":[0]}}
,"C:\\Users\\kgdsk\\CascadeProjects\\assistpro-ai-v3\\src\\components\\pricing-table.tsx": {"path":"C:\\Users\\kgdsk\\CascadeProjects\\assistpro-ai-v3\\src\\components\\pricing-table.tsx","statementMap":{"0":{"start":{"line":57,"column":16},"end":{"line":57,"column":null}},"1":{"start":{"line":3,"column":23},"end":{"line":3,"column":null}},"2":{"start":{"line":4,"column":86},"end":{"line":4,"column":null}},"3":{"start":{"line":5,"column":22},"end":{"line":5,"column":null}},"4":{"start":{"line":6,"column":22},"end":{"line":6,"column":null}},"5":{"start":{"line":8,"column":14},"end":{"line":55,"column":null}},"6":{"start":{"line":61,"column":8},"end":{"line":62,"column":null}},"7":{"start":{"line":90,"column":16},"end":{"line":90,"column":34}}},"fnMap":{"0":{"name":"PricingTable","decl":{"start":{"line":57,"column":16},"end":{"line":57,"column":null}},"loc":{"start":{"line":57,"column":16},"end":{"line":109,"column":null}}},"1":{"name":"(anonymous_2)","decl":{"start":{"line":60,"column":17},"end":{"line":60,"column":18}},"loc":{"start":{"line":61,"column":8},"end":{"line":62,"column":null}}},"2":{"name":"(anonymous_3)","decl":{"start":{"line":89,"column":33},"end":{"line":89,"column":34}},"loc":{"start":{"line":90,"column":16},"end":{"line":90,"column":34}}}},"branchMap":{"0":{"loc":{"start":{"line":64,"column":12},"end":{"line":66,"column":null}},"type":"cond-expr","locations":[{"start":{"line":65,"column":16},"end":{"line":65,"column":null}},{"start":{"line":66,"column":16},"end":{"line":66,"column":null}}]},"1":{"loc":{"start":{"line":69,"column":11},"end":{"line":69,"column":23}},"type":"binary-expr","locations":[{"start":{"line":69,"column":11},"end":{"line":69,"column":23}}]},"2":{"loc":{"start":{"line":81,"column":15},"end":{"line":81,"column":48}},"type":"binary-expr","locations":[{"start":{"line":81,"column":15},"end":{"line":81,"column":48}}]},"3":{"loc":{"start":{"line":100,"column":23},"end":{"line":100,"column":null}},"type":"cond-expr","locations":[{"start":{"line":100,"column":38},"end":{"line":100,"column":50}},{"start":{"line":100,"column":50},"end":{"line":100,"column":null}}]},"4":{"loc":{"start":{"line":102,"column":15},"end":{"line":102,"column":null}},"type":"cond-expr","locations":[{"start":{"line":102,"column":44},"end":{"line":102,"column":61}},{"start":{"line":102,"column":61},"end":{"line":102,"column":null}}]}},"s":{"0":0,"1":0,"2":0,"3":0,"4":0,"5":0,"6":0,"7":0},"f":{"0":0,"1":0,"2":0},"b":{"0":[0,0],"1":[0],"2":[0],"3":[0,0],"4":[0,0]}}
,"C:\\Users\\kgdsk\\CascadeProjects\\assistpro-ai-v3\\src\\components\\theme-provider.tsx": {"path":"C:\\Users\\kgdsk\\CascadeProjects\\assistpro-ai-v3\\src\\components\\theme-provider.tsx","statementMap":{"0":{"start":{"line":7,"column":16},"end":{"line":7,"column":30}},"1":{"start":{"line":3,"column":23},"end":{"line":3,"column":null}},"2":{"start":{"line":4,"column":52},"end":{"line":4,"column":null}}},"fnMap":{"0":{"name":"ThemeProvider","decl":{"start":{"line":7,"column":16},"end":{"line":7,"column":30}},"loc":{"start":{"line":7,"column":72},"end":{"line":9,"column":null}}}},"branchMap":{},"s":{"0":0,"1":0,"2":0},"f":{"0":0},"b":{}}
,"C:\\Users\\kgdsk\\CascadeProjects\\assistpro-ai-v3\\src\\components\\theme-toggle.tsx": {"path":"C:\\Users\\kgdsk\\CascadeProjects\\assistpro-ai-v3\\src\\components\\theme-toggle.tsx","statementMap":{"0":{"start":{"line":15,"column":16},"end":{"line":15,"column":null}},"1":{"start":{"line":3,"column":23},"end":{"line":3,"column":null}},"2":{"start":{"line":4,"column":26},"end":{"line":4,"column":null}},"3":{"start":{"line":5,"column":25},"end":{"line":5,"column":null}},"4":{"start":{"line":7,"column":23},"end":{"line":7,"column":null}},"5":{"start":{"line":13,"column":7},"end":{"line":13,"column":null}},"6":{"start":{"line":16,"column":23},"end":{"line":16,"column":null}},"7":{"start":{"line":28,"column":41},"end":{"line":28,"column":60}},"8":{"start":{"line":31,"column":41},"end":{"line":31,"column":59}},"9":{"start":{"line":34,"column":41},"end":{"line":34,"column":61}}},"fnMap":{"0":{"name":"ThemeToggle","decl":{"start":{"line":15,"column":16},"end":{"line":15,"column":null}},"loc":{"start":{"line":15,"column":16},"end":{"line":40,"column":null}}},"1":{"name":"(anonymous_5)","decl":{"start":{"line":28,"column":35},"end":{"line":28,"column":41}},"loc":{"start":{"line":28,"column":41},"end":{"line":28,"column":60}}},"2":{"name":"(anonymous_6)","decl":{"start":{"line":31,"column":35},"end":{"line":31,"column":41}},"loc":{"start":{"line":31,"column":41},"end":{"line":31,"column":59}}},"3":{"name":"(anonymous_7)","decl":{"start":{"line":34,"column":35},"end":{"line":34,"column":41}},"loc":{"start":{"line":34,"column":41},"end":{"line":34,"column":61}}}},"branchMap":{},"s":{"0":0,"1":0,"2":0,"3":0,"4":0,"5":0,"6":0,"7":0,"8":0,"9":0},"f":{"0":0,"1":0,"2":0,"3":0},"b":{}}
,"C:\\Users\\kgdsk\\CascadeProjects\\assistpro-ai-v3\\src\\components\\chat\\chat-interface.tsx": {"path":"C:\\Users\\kgdsk\\CascadeProjects\\assistpro-ai-v3\\src\\components\\chat\\chat-interface.tsx","statementMap":{"0":{"start":{"line":14,"column":16},"end":{"line":14,"column":null}},"1":{"start":{"line":3,"column":32},"end":{"line":3,"column":null}},"2":{"start":{"line":4,"column":23},"end":{"line":4,"column":null}},"3":{"start":{"line":5,"column":22},"end":{"line":5,"column":null}},"4":{"start":{"line":6,"column":57},"end":{"line":6,"column":null}},"5":{"start":{"line":7,"column":27},"end":{"line":7,"column":null}},"6":{"start":{"line":15,"column":34},"end":{"line":15,"column":null}},"7":{"start":{"line":16,"column":28},"end":{"line":16,"column":null}},"8":{"start":{"line":17,"column":36},"end":{"line":17,"column":null}},"9":{"start":{"line":19,"column":21},"end":{"line":44,"column":null}},"10":{"start":{"line":20,"column":4},"end":{"line":20,"column":null}},"11":{"start":{"line":20,"column":23},"end":{"line":20,"column":null}},"12":{"start":{"line":23,"column":33},"end":{"line":23,"column":null}},"13":{"start":{"line":24,"column":4},"end":{"line":24,"column":null}},"14":{"start":{"line":24,"column":24},"end":{"line":24,"column":null}},"15":{"start":{"line":25,"column":4},"end":{"line":25,"column":null}},"16":{"start":{"line":26,"column":4},"end":{"line":26,"column":null}},"17":{"start":{"line":28,"column":4},"end":{"line":43,"column":null}},"18":{"start":{"line":31,"column":6},"end":{"line":31,"column":null}},"19":{"start":{"line":31,"column":35},"end":{"line":31,"column":null}},"20":{"start":{"line":33,"column":40},"end":{"line":36,"column":null}},"21":{"start":{"line":38,"column":6},"end":{"line":38,"column":null}},"22":{"start":{"line":38,"column":26},"end":{"line":38,"column":null}},"23":{"start":{"line":40,"column":6},"end":{"line":40,"column":null}},"24":{"start":{"line":42,"column":6},"end":{"line":42,"column":null}},"25":{"start":{"line":54,"column":12},"end":{"line":55,"column":null}},"26":{"start":{"line":76,"column":12},"end":{"line":76,"column":null}},"27":{"start":{"line":77,"column":12},"end":{"line":77,"column":null}},"28":{"start":{"line":83,"column":29},"end":{"line":83,"column":null}}},"fnMap":{"0":{"name":"ChatInterface","decl":{"start":{"line":14,"column":16},"end":{"line":14,"column":null}},"loc":{"start":{"line":14,"column":16},"end":{"line":94,"column":null}}},"1":{"name":"(anonymous_5)","decl":{"start":{"line":19,"column":21},"end":{"line":19,"column":null}},"loc":{"start":{"line":19,"column":21},"end":{"line":44,"column":null}}},"2":{"name":"(anonymous_6)","decl":{"start":{"line":24,"column":16},"end":{"line":24,"column":24}},"loc":{"start":{"line":24,"column":24},"end":{"line":24,"column":null}}},"3":{"name":"(anonymous_7)","decl":{"start":{"line":31,"column":24},"end":{"line":31,"column":35}},"loc":{"start":{"line":31,"column":35},"end":{"line":31,"column":null}}},"4":{"name":"(anonymous_8)","decl":{"start":{"line":38,"column":18},"end":{"line":38,"column":26}},"loc":{"start":{"line":38,"column":26},"end":{"line":38,"column":null}}},"5":{"name":"(anonymous_9)","decl":{"start":{"line":53,"column":24},"end":{"line":53,"column":25}},"loc":{"start":{"line":54,"column":12},"end":{"line":55,"column":null}}},"6":{"name":"(anonymous_10)","decl":{"start":{"line":75,"column":20},"end":{"line":75,"column":21}},"loc":{"start":{"line":75,"column":21},"end":{"line":78,"column":null}}},"7":{"name":"(anonymous_11)","decl":{"start":{"line":83,"column":22},"end":{"line":83,"column":23}},"loc":{"start":{"line":83,"column":29},"end":{"line":83,"column":null}}}},"branchMap":{"0":{"loc":{"start":{"line":20,"column":4},"end":{"line":20,"column":null}},"type":"if","locations":[{"start":{"line":20,"column":4},"end":{"line":20,"column":null}}]},"1":{"loc":{"start":{"line":57,"column":16},"end":{"line":59,"column":null}},"type":"cond-expr","locations":[{"start":{"line":58,"column":20},"end":{"line":58,"column":null}},{"start":{"line":59,"column":20},"end":{"line":59,"column":null}}]},"2":{"loc":{"start":{"line":65,"column":11},"end":{"line":65,"column":null}},"type":"binary-expr","locations":[{"start":{"line":65,"column":11},"end":{"line":65,"column":null}}]},"3":{"loc":{"start":{"line":87,"column":42},"end":{"line":87,"column":70}},"type":"binary-expr","locations":[{"start":{"line":87,"column":42},"end":{"line":87,"column":55}},{"start":{"line":87,"column":55},"end":{"line":87,"column":70}}]}},"s":{"0":0,"1":0,"2":0,"3":0,"4":0,"5":0,"6":0,"7":0,"8":0,"9":0,"10":0,"11":0,"12":0,"13":0,"14":0,"15":0,"16":0,"17":0,"18":0,"19":0,"20":0,"21":0,"22":0,"23":0,"24":0,"25":0,"26":0,"27":0,"28":0},"f":{"0":0,"1":0,"2":0,"3":0,"4":0,"5":0,"6":0,"7":0},"b":{"0":[0],"1":[0,0],"2":[0],"3":[0,0]}}
,"C:\\Users\\kgdsk\\CascadeProjects\\assistpro-ai-v3\\src\\components\\dashboard\\chat-history.tsx": {"path":"C:\\Users\\kgdsk\\CascadeProjects\\assistpro-ai-v3\\src\\components\\dashboard\\chat-history.tsx","statementMap":{"0":{"start":{"line":35,"column":16},"end":{"line":35,"column":null}},"1":{"start":{"line":7,"column":7},"end":{"line":7,"column":null}},"2":{"start":{"line":8,"column":23},"end":{"line":8,"column":null}},"3":{"start":{"line":9,"column":42},"end":{"line":9,"column":null}},"4":{"start":{"line":11,"column":22},"end":{"line":33,"column":null}},"5":{"start":{"line":47,"column":12},"end":{"line":48,"column":null}}},"fnMap":{"0":{"name":"ChatHistory","decl":{"start":{"line":35,"column":16},"end":{"line":35,"column":null}},"loc":{"start":{"line":35,"column":16},"end":{"line":72,"column":null}}},"1":{"name":"(anonymous_2)","decl":{"start":{"line":46,"column":29},"end":{"line":46,"column":30}},"loc":{"start":{"line":47,"column":12},"end":{"line":48,"column":null}}}},"branchMap":{},"s":{"0":0,"1":0,"2":0,"3":0,"4":0,"5":0},"f":{"0":0,"1":0},"b":{}}
,"C:\\Users\\kgdsk\\CascadeProjects\\assistpro-ai-v3\\src\\components\\dashboard\\recent-documents.tsx": {"path":"C:\\Users\\kgdsk\\CascadeProjects\\assistpro-ai-v3\\src\\components\\dashboard\\recent-documents.tsx","statementMap":{"0":{"start":{"line":43,"column":16},"end":{"line":43,"column":null}},"1":{"start":{"line":8,"column":7},"end":{"line":8,"column":null}},"2":{"start":{"line":9,"column":23},"end":{"line":9,"column":null}},"3":{"start":{"line":10,"column":33},"end":{"line":10,"column":null}},"4":{"start":{"line":12,"column":18},"end":{"line":41,"column":null}},"5":{"start":{"line":66,"column":14},"end":{"line":66,"column":null}}},"fnMap":{"0":{"name":"RecentDocuments","decl":{"start":{"line":43,"column":16},"end":{"line":43,"column":null}},"loc":{"start":{"line":43,"column":16},"end":{"line":83,"column":null}}},"1":{"name":"(anonymous_2)","decl":{"start":{"line":65,"column":27},"end":{"line":65,"column":28}},"loc":{"start":{"line":66,"column":14},"end":{"line":66,"column":null}}}},"branchMap":{},"s":{"0":0,"1":0,"2":0,"3":0,"4":0,"5":0},"f":{"0":0,"1":0},"b":{}}
,"C:\\Users\\kgdsk\\CascadeProjects\\assistpro-ai-v3\\src\\components\\dashboard\\stats-cards.tsx": {"path":"C:\\Users\\kgdsk\\CascadeProjects\\assistpro-ai-v3\\src\\components\\dashboard\\stats-cards.tsx","statementMap":{"0":{"start":{"line":4,"column":16},"end":{"line":4,"column":null}},"1":{"start":{"line":1,"column":57},"end":{"line":1,"column":null}},"2":{"start":{"line":2,"column":61},"end":{"line":2,"column":null}}},"fnMap":{"0":{"name":"StatsCards","decl":{"start":{"line":4,"column":16},"end":{"line":4,"column":null}},"loc":{"start":{"line":4,"column":16},"end":{"line":57,"column":null}}}},"branchMap":{},"s":{"0":0,"1":0,"2":0},"f":{"0":0},"b":{}}
,"C:\\Users\\kgdsk\\CascadeProjects\\assistpro-ai-v3\\src\\components\\dashboard\\upload-document.tsx": {"path":"C:\\Users\\kgdsk\\CascadeProjects\\assistpro-ai-v3\\src\\components\\dashboard\\upload-document.tsx","statementMap":{"0":{"start":{"line":15,"column":16},"end":{"line":15,"column":null}},"1":{"start":{"line":1,"column":25},"end":{"line":1,"column":null}},"2":{"start":{"line":2,"column":23},"end":{"line":2,"column":null}},"3":{"start":{"line":3,"column":25},"end":{"line":3,"column":null}},"4":{"start":{"line":11,"column":7},"end":{"line":11,"column":null}},"5":{"start":{"line":12,"column":23},"end":{"line":12,"column":null}},"6":{"start":{"line":13,"column":25},"end":{"line":13,"column":null}},"7":{"start":{"line":16,"column":40},"end":{"line":16,"column":null}},"8":{"start":{"line":17,"column":34},"end":{"line":17,"column":null}},"9":{"start":{"line":18,"column":20},"end":{"line":18,"column":null}},"10":{"start":{"line":20,"column":17},"end":{"line":24,"column":null}},"11":{"start":{"line":21,"column":4},"end":{"line":21,"column":null}},"12":{"start":{"line":22,"column":18},"end":{"line":22,"column":null}},"13":{"start":{"line":23,"column":4},"end":{"line":23,"column":null}},"14":{"start":{"line":26,"column":26},"end":{"line":29,"column":null}},"15":{"start":{"line":27,"column":18},"end":{"line":27,"column":null}},"16":{"start":{"line":28,"column":4},"end":{"line":28,"column":null}},"17":{"start":{"line":31,"column":23},"end":{"line":57,"column":null}},"18":{"start":{"line":32,"column":4},"end":{"line":32,"column":null}},"19":{"start":{"line":33,"column":4},"end":{"line":33,"column":null}},"20":{"start":{"line":35,"column":4},"end":{"line":56,"column":null}},"21":{"start":{"line":37,"column":6},"end":{"line":40,"column":null}},"22":{"start":{"line":37,"column":19},"end":{"line":37,"column":22}},"23":{"start":{"line":38,"column":8},"end":{"line":38,"column":null}},"24":{"start":{"line":39,"column":8},"end":{"line":39,"column":null}},"25":{"start":{"line":39,"column":37},"end":{"line":39,"column":null}},"26":{"start":{"line":43,"column":6},"end":{"line":46,"column":null}},"27":{"start":{"line":48,"column":6},"end":{"line":52,"column":null}},"28":{"start":{"line":54,"column":6},"end":{"line":54,"column":null}},"29":{"start":{"line":55,"column":6},"end":{"line":55,"column":null}},"30":{"start":{"line":76,"column":29},"end":{"line":76,"column":null}},"31":{"start":{"line":78,"column":25},"end":{"line":78,"column":null}}},"fnMap":{"0":{"name":"UploadDocument","decl":{"start":{"line":15,"column":16},"end":{"line":15,"column":null}},"loc":{"start":{"line":15,"column":16},"end":{"line":103,"column":null}}},"1":{"name":"(anonymous_2)","decl":{"start":{"line":20,"column":17},"end":{"line":20,"column":24}},"loc":{"start":{"line":20,"column":24},"end":{"line":24,"column":null}}},"2":{"name":"(anonymous_3)","decl":{"start":{"line":26,"column":26},"end":{"line":26,"column":33}},"loc":{"start":{"line":26,"column":33},"end":{"line":29,"column":null}}},"3":{"name":"(anonymous_4)","decl":{"start":{"line":31,"column":23},"end":{"line":31,"column":30}},"loc":{"start":{"line":31,"column":30},"end":{"line":57,"column":null}}},"4":{"name":"(anonymous_5)","decl":{"start":{"line":39,"column":26},"end":{"line":39,"column":37}},"loc":{"start":{"line":39,"column":37},"end":{"line":39,"column":null}}},"5":{"name":"(anonymous_6)","decl":{"start":{"line":76,"column":22},"end":{"line":76,"column":23}},"loc":{"start":{"line":76,"column":29},"end":{"line":76,"column":null}}},"6":{"name":"(anonymous_7)","decl":{"start":{"line":78,"column":19},"end":{"line":78,"column":25}},"loc":{"start":{"line":78,"column":25},"end":{"line":78,"column":null}}}},"branchMap":{"0":{"loc":{"start":{"line":27,"column":29},"end":{"line":27,"column":49}},"type":"binary-expr","locations":[{"start":{"line":27,"column":29},"end":{"line":27,"column":43}},{"start":{"line":27,"column":47},"end":{"line":27,"column":49}}]},"1":{"loc":{"start":{"line":92,"column":9},"end":{"line":92,"column":null}},"type":"binary-expr","locations":[{"start":{"line":92,"column":9},"end":{"line":92,"column":null}}]}},"s":{"0":0,"1":0,"2":0,"3":0,"4":0,"5":0,"6":0,"7":0,"8":0,"9":0,"10":0,"11":0,"12":0,"13":0,"14":0,"15":0,"16":0,"17":0,"18":0,"19":0,"20":0,"21":0,"22":0,"23":0,"24":0,"25":0,"26":0,"27":0,"28":0,"29":0,"30":0,"31":0},"f":{"0":0,"1":0,"2":0,"3":0,"4":0,"5":0,"6":0},"b":{"0":[0,0],"1":[0]}}
,"C:\\Users\\kgdsk\\CascadeProjects\\assistpro-ai-v3\\src\\components\\dashboard\\analytics\\data-table.tsx": {"path":"C:\\Users\\kgdsk\\CascadeProjects\\assistpro-ai-v3\\src\\components\\dashboard\\analytics\\data-table.tsx","statementMap":{"0":{"start":{"line":52,"column":16},"end":{"line":52,"column":null}},"1":{"start":{"line":8,"column":7},"end":{"line":8,"column":null}},"2":{"start":{"line":15,"column":7},"end":{"line":15,"column":null}},"3":{"start":{"line":17,"column":13},"end":{"line":50,"column":null}},"4":{"start":{"line":74,"column":14},"end":{"line":74,"column":null}}},"fnMap":{"0":{"name":"AnalyticsTable","decl":{"start":{"line":52,"column":16},"end":{"line":52,"column":null}},"loc":{"start":{"line":52,"column":16},"end":{"line":87,"column":null}}},"1":{"name":"(anonymous_2)","decl":{"start":{"line":73,"column":22},"end":{"line":73,"column":23}},"loc":{"start":{"line":74,"column":14},"end":{"line":74,"column":null}}}},"branchMap":{},"s":{"0":0,"1":0,"2":0,"3":0,"4":0},"f":{"0":0,"1":0},"b":{}}
,"C:\\Users\\kgdsk\\CascadeProjects\\assistpro-ai-v3\\src\\components\\dashboard\\analytics\\performance-chart.tsx": {"path":"C:\\Users\\kgdsk\\CascadeProjects\\assistpro-ai-v3\\src\\components\\dashboard\\analytics\\performance-chart.tsx","statementMap":{"0":{"start":{"line":14,"column":16},"end":{"line":14,"column":null}},"1":{"start":{"line":1,"column":76},"end":{"line":1,"column":null}},"2":{"start":{"line":2,"column":74},"end":{"line":2,"column":null}},"3":{"start":{"line":4,"column":13},"end":{"line":12,"column":null}}},"fnMap":{"0":{"name":"PerformanceChart","decl":{"start":{"line":14,"column":16},"end":{"line":14,"column":null}},"loc":{"start":{"line":14,"column":16},"end":{"line":53,"column":null}}}},"branchMap":{},"s":{"0":0,"1":0,"2":0,"3":0},"f":{"0":0},"b":{}}
,"C:\\Users\\kgdsk\\CascadeProjects\\assistpro-ai-v3\\src\\components\\layout\\sidebar.tsx": {"path":"C:\\Users\\kgdsk\\CascadeProjects\\assistpro-ai-v3\\src\\components\\layout\\sidebar.tsx","statementMap":{"0":{"start":{"line":15,"column":16},"end":{"line":15,"column":null}},"1":{"start":{"line":3,"column":17},"end":{"line":3,"column":null}},"2":{"start":{"line":4,"column":28},"end":{"line":4,"column":null}},"3":{"start":{"line":12,"column":7},"end":{"line":12,"column":null}},"4":{"start":{"line":13,"column":19},"end":{"line":13,"column":null}},"5":{"start":{"line":16,"column":19},"end":{"line":16,"column":null}},"6":{"start":{"line":18,"column":19},"end":{"line":49,"column":null}},"7":{"start":{"line":62,"column":14},"end":{"line":63,"column":null}}},"fnMap":{"0":{"name":"Sidebar","decl":{"start":{"line":15,"column":16},"end":{"line":15,"column":null}},"loc":{"start":{"line":15,"column":16},"end":{"line":81,"column":null}}},"1":{"name":"(anonymous_3)","decl":{"start":{"line":61,"column":26},"end":{"line":61,"column":27}},"loc":{"start":{"line":62,"column":14},"end":{"line":63,"column":null}}}},"branchMap":{"0":{"loc":{"start":{"line":67,"column":18},"end":{"line":69,"column":null}},"type":"cond-expr","locations":[{"start":{"line":68,"column":22},"end":{"line":68,"column":null}},{"start":{"line":69,"column":22},"end":{"line":69,"column":null}}]}},"s":{"0":0,"1":0,"2":0,"3":0,"4":0,"5":0,"6":0,"7":0},"f":{"0":0,"1":0},"b":{"0":[0,0]}}
,"C:\\Users\\kgdsk\\CascadeProjects\\assistpro-ai-v3\\src\\components\\ui\\badge.tsx": {"path":"C:\\Users\\kgdsk\\CascadeProjects\\assistpro-ai-v3\\src\\components\\ui\\badge.tsx","statementMap":{"0":{"start":{"line":36,"column":9},"end":{"line":36,"column":14}},"1":{"start":{"line":36,"column":16},"end":{"line":36,"column":29}},"2":{"start":{"line":1,"column":23},"end":{"line":1,"column":null}},"3":{"start":{"line":2,"column":39},"end":{"line":2,"column":null}},"4":{"start":{"line":4,"column":19},"end":{"line":4,"column":null}},"5":{"start":{"line":6,"column":22},"end":{"line":23,"column":null}}},"fnMap":{"0":{"name":"Badge","decl":{"start":{"line":30,"column":9},"end":{"line":30,"column":15}},"loc":{"start":{"line":30,"column":59},"end":{"line":34,"column":null}}}},"branchMap":{},"s":{"0":0,"1":0,"2":2,"3":2,"4":2,"5":2},"f":{"0":0},"b":{}}
,"C:\\Users\\kgdsk\\CascadeProjects\\assistpro-ai-v3\\src\\components\\ui\\button.tsx": {"path":"C:\\Users\\kgdsk\\CascadeProjects\\assistpro-ai-v3\\src\\components\\ui\\button.tsx","statementMap":{"0":{"start":{"line":56,"column":9},"end":{"line":56,"column":15}},"1":{"start":{"line":56,"column":17},"end":{"line":56,"column":31}},"2":{"start":{"line":1,"column":23},"end":{"line":1,"column":null}},"3":{"start":{"line":2,"column":21},"end":{"line":2,"column":null}},"4":{"start":{"line":3,"column":39},"end":{"line":3,"column":null}},"5":{"start":{"line":4,"column":19},"end":{"line":4,"column":null}},"6":{"start":{"line":6,"column":23},"end":{"line":33,"column":null}},"7":{"start":{"line":42,"column":15},"end":{"line":52,"column":null}},"8":{"start":{"line":44,"column":17},"end":{"line":44,"column":null}},"9":{"start":{"line":54,"column":0},"end":{"line":54,"column":null}}},"fnMap":{"0":{"name":"(anonymous_6)","decl":{"start":{"line":43,"column":2},"end":{"line":43,"column":3}},"loc":{"start":{"line":43,"column":60},"end":{"line":52,"column":null}}}},"branchMap":{"0":{"loc":{"start":{"line":43,"column":31},"end":{"line":43,"column":46}},"type":"default-arg","locations":[{"start":{"line":43,"column":41},"end":{"line":43,"column":46}}]},"1":{"loc":{"start":{"line":44,"column":17},"end":{"line":44,"column":null}},"type":"cond-expr","locations":[{"start":{"line":44,"column":27},"end":{"line":44,"column":31}},{"start":{"line":44,"column":34},"end":{"line":44,"column":null}}]}},"s":{"0":61,"1":0,"2":3,"3":3,"4":3,"5":3,"6":3,"7":3,"8":61,"9":3},"f":{"0":61},"b":{"0":[61],"1":[0,61]}}
,"C:\\Users\\kgdsk\\CascadeProjects\\assistpro-ai-v3\\src\\components\\ui\\card.tsx": {"path":"C:\\Users\\kgdsk\\CascadeProjects\\assistpro-ai-v3\\src\\components\\ui\\card.tsx","statementMap":{"0":{"start":{"line":79,"column":9},"end":{"line":79,"column":13}},"1":{"start":{"line":79,"column":67},"end":{"line":79,"column":78}},"2":{"start":{"line":79,"column":50},"end":{"line":79,"column":65}},"3":{"start":{"line":79,"column":27},"end":{"line":79,"column":37}},"4":{"start":{"line":79,"column":15},"end":{"line":79,"column":25}},"5":{"start":{"line":79,"column":39},"end":{"line":79,"column":48}},"6":{"start":{"line":1,"column":23},"end":{"line":1,"column":null}},"7":{"start":{"line":3,"column":19},"end":{"line":3,"column":null}},"8":{"start":{"line":18,"column":0},"end":{"line":18,"column":null}},"9":{"start":{"line":30,"column":0},"end":{"line":30,"column":null}},"10":{"start":{"line":45,"column":0},"end":{"line":45,"column":null}},"11":{"start":{"line":57,"column":0},"end":{"line":57,"column":null}},"12":{"start":{"line":65,"column":0},"end":{"line":65,"column":null}},"13":{"start":{"line":77,"column":0},"end":{"line":77,"column":null}}},"fnMap":{},"branchMap":{},"s":{"0":23,"1":23,"2":0,"3":0,"4":23,"5":23,"6":3,"7":3,"8":3,"9":3,"10":3,"11":3,"12":3,"13":3},"f":{},"b":{}}
,"C:\\Users\\kgdsk\\CascadeProjects\\assistpro-ai-v3\\src\\components\\ui\\dropdown-menu.tsx": {"path":"C:\\Users\\kgdsk\\CascadeProjects\\assistpro-ai-v3\\src\\components\\ui\\dropdown-menu.tsx","statementMap":{"0":{"start":{"line":185,"column":2},"end":{"line":185,"column":14}},"1":{"start":{"line":189,"column":2},"end":{"line":189,"column":26}},"2":{"start":{"line":187,"column":2},"end":{"line":187,"column":21}},"3":{"start":{"line":194,"column":2},"end":{"line":194,"column":19}},"4":{"start":{"line":188,"column":2},"end":{"line":188,"column":18}},"5":{"start":{"line":191,"column":2},"end":{"line":191,"column":19}},"6":{"start":{"line":195,"column":2},"end":{"line":195,"column":20}},"7":{"start":{"line":199,"column":2},"end":{"line":199,"column":24}},"8":{"start":{"line":190,"column":2},"end":{"line":190,"column":23}},"9":{"start":{"line":192,"column":2},"end":{"line":192,"column":23}},"10":{"start":{"line":193,"column":2},"end":{"line":193,"column":22}},"11":{"start":{"line":196,"column":2},"end":{"line":196,"column":17}},"12":{"start":{"line":197,"column":2},"end":{"line":197,"column":24}},"13":{"start":{"line":198,"column":2},"end":{"line":198,"column":24}},"14":{"start":{"line":186,"column":2},"end":{"line":186,"column":21}},"15":{"start":{"line":3,"column":23},"end":{"line":3,"column":null}},"16":{"start":{"line":4,"column":39},"end":{"line":4,"column":null}},"17":{"start":{"line":5,"column":44},"end":{"line":5,"column":null}},"18":{"start":{"line":7,"column":19},"end":{"line":7,"column":null}},"19":{"start":{"line":9,"column":21},"end":{"line":9,"column":47}},"20":{"start":{"line":11,"column":28},"end":{"line":11,"column":57}},"21":{"start":{"line":13,"column":26},"end":{"line":13,"column":53}},"22":{"start":{"line":15,"column":27},"end":{"line":15,"column":55}},"23":{"start":{"line":17,"column":24},"end":{"line":17,"column":49}},"24":{"start":{"line":19,"column":31},"end":{"line":19,"column":63}},"25":{"start":{"line":40,"column":0},"end":{"line":41,"column":null}},"26":{"start":{"line":56,"column":0},"end":{"line":57,"column":null}},"27":{"start":{"line":75,"column":0},"end":{"line":75,"column":null}},"28":{"start":{"line":93,"column":0},"end":{"line":93,"column":null}},"29":{"start":{"line":116,"column":0},"end":{"line":117,"column":null}},"30":{"start":{"line":139,"column":0},"end":{"line":139,"column":null}},"31":{"start":{"line":157,"column":0},"end":{"line":157,"column":null}},"32":{"start":{"line":169,"column":0},"end":{"line":169,"column":null}},"33":{"start":{"line":171,"column":29},"end":{"line":181,"column":null}},"34":{"start":{"line":182,"column":0},"end":{"line":182,"column":null}}},"fnMap":{"0":{"name":"(anonymous_27)","decl":{"start":{"line":171,"column":29},"end":{"line":171,"column":30}},"loc":{"start":{"line":174,"column":40},"end":{"line":181,"column":null}}}},"branchMap":{"0":{"loc":{"start":{"line":31,"column":6},"end":{"line":31,"column":null}},"type":"binary-expr","locations":[{"start":{"line":31,"column":6},"end":{"line":31,"column":15}},{"start":{"line":31,"column":15},"end":{"line":31,"column":null}}]},"1":{"loc":{"start":{"line":62,"column":16},"end":{"line":62,"column":30}},"type":"default-arg","locations":[{"start":{"line":62,"column":29},"end":{"line":62,"column":30}}]},"2":{"loc":{"start":{"line":87,"column":6},"end":{"line":87,"column":null}},"type":"binary-expr","locations":[{"start":{"line":87,"column":6},"end":{"line":87,"column":15}},{"start":{"line":87,"column":15},"end":{"line":87,"column":null}}]},"3":{"loc":{"start":{"line":151,"column":6},"end":{"line":151,"column":null}},"type":"binary-expr","locations":[{"start":{"line":151,"column":6},"end":{"line":151,"column":15}},{"start":{"line":151,"column":15},"end":{"line":151,"column":null}}]}},"s":{"0":0,"1":0,"2":0,"3":0,"4":0,"5":0,"6":0,"7":0,"8":0,"9":0,"10":0,"11":0,"12":0,"13":0,"14":0,"15":2,"16":2,"17":2,"18":2,"19":2,"20":2,"21":2,"22":2,"23":2,"24":2,"25":2,"26":2,"27":2,"28":2,"29":2,"30":2,"31":2,"32":2,"33":2,"34":2},"f":{"0":0},"b":{"0":[0,0],"1":[0],"2":[0,0],"3":[0,0]}}
,"C:\\Users\\kgdsk\\CascadeProjects\\assistpro-ai-v3\\src\\components\\ui\\index.ts": {"path":"C:\\Users\\kgdsk\\CascadeProjects\\assistpro-ai-v3\\src\\components\\ui\\index.ts","statementMap":{"0":{"start":{"line":1,"column":14},"end":{"line":1,"column":null}},"1":{"start":{"line":2,"column":14},"end":{"line":2,"column":null}},"2":{"start":{"line":3,"column":14},"end":{"line":3,"column":null}},"3":{"start":{"line":4,"column":14},"end":{"line":4,"column":null}},"4":{"start":{"line":5,"column":14},"end":{"line":5,"column":null}},"5":{"start":{"line":6,"column":14},"end":{"line":6,"column":null}},"6":{"start":{"line":7,"column":14},"end":{"line":7,"column":null}},"7":{"start":{"line":8,"column":14},"end":{"line":8,"column":null}},"8":{"start":{"line":9,"column":14},"end":{"line":9,"column":null}},"9":{"start":{"line":10,"column":14},"end":{"line":10,"column":null}},"10":{"start":{"line":11,"column":14},"end":{"line":11,"column":null}},"11":{"start":{"line":12,"column":14},"end":{"line":12,"column":null}},"12":{"start":{"line":13,"column":14},"end":{"line":13,"column":null}},"13":{"start":{"line":14,"column":14},"end":{"line":14,"column":null}}},"fnMap":{},"branchMap":{},"s":{"0":2,"1":2,"2":2,"3":2,"4":2,"5":2,"6":2,"7":2,"8":2,"9":2,"10":2,"11":2,"12":2,"13":2},"f":{},"b":{}}
,"C:\\Users\\kgdsk\\CascadeProjects\\assistpro-ai-v3\\src\\components\\ui\\input.tsx": {"path":"C:\\Users\\kgdsk\\CascadeProjects\\assistpro-ai-v3\\src\\components\\ui\\input.tsx","statementMap":{"0":{"start":{"line":24,"column":9},"end":{"line":24,"column":null}},"1":{"start":{"line":1,"column":23},"end":{"line":1,"column":null}},"2":{"start":{"line":2,"column":19},"end":{"line":2,"column":null}},"3":{"start":{"line":7,"column":14},"end":{"line":20,"column":null}},"4":{"start":{"line":22,"column":0},"end":{"line":22,"column":null}}},"fnMap":{"0":{"name":"(anonymous_4)","decl":{"start":{"line":8,"column":2},"end":{"line":8,"column":3}},"loc":{"start":{"line":8,"column":34},"end":{"line":20,"column":null}}}},"branchMap":{},"s":{"0":12,"1":3,"2":3,"3":3,"4":3},"f":{"0":12},"b":{}}
,"C:\\Users\\kgdsk\\CascadeProjects\\assistpro-ai-v3\\src\\components\\ui\\label.tsx": {"path":"C:\\Users\\kgdsk\\CascadeProjects\\assistpro-ai-v3\\src\\components\\ui\\label.tsx","statementMap":{"0":{"start":{"line":20,"column":9},"end":{"line":20,"column":null}},"1":{"start":{"line":1,"column":23},"end":{"line":1,"column":null}},"2":{"start":{"line":2,"column":32},"end":{"line":2,"column":null}},"3":{"start":{"line":3,"column":19},"end":{"line":3,"column":null}},"4":{"start":{"line":18,"column":0},"end":{"line":18,"column":null}}},"fnMap":{},"branchMap":{},"s":{"0":18,"1":3,"2":3,"3":3,"4":3},"f":{},"b":{}}
,"C:\\Users\\kgdsk\\CascadeProjects\\assistpro-ai-v3\\src\\components\\ui\\scroll-area.tsx": {"path":"C:\\Users\\kgdsk\\CascadeProjects\\assistpro-ai-v3\\src\\components\\ui\\scroll-area.tsx","statementMap":{"0":{"start":{"line":48,"column":9},"end":{"line":48,"column":19}},"1":{"start":{"line":48,"column":21},"end":{"line":48,"column":30}},"2":{"start":{"line":1,"column":23},"end":{"line":1,"column":null}},"3":{"start":{"line":2,"column":37},"end":{"line":2,"column":null}},"4":{"start":{"line":3,"column":19},"end":{"line":3,"column":null}},"5":{"start":{"line":21,"column":0},"end":{"line":21,"column":null}},"6":{"start":{"line":46,"column":0},"end":{"line":46,"column":null}}},"fnMap":{},"branchMap":{"0":{"loc":{"start":{"line":26,"column":16},"end":{"line":26,"column":40}},"type":"default-arg","locations":[{"start":{"line":26,"column":30},"end":{"line":26,"column":40}}]},"1":{"loc":{"start":{"line":32,"column":6},"end":{"line":32,"column":null}},"type":"binary-expr","locations":[{"start":{"line":32,"column":6},"end":{"line":32,"column":36}},{"start":{"line":32,"column":36},"end":{"line":32,"column":null}}]},"2":{"loc":{"start":{"line":33,"column":6},"end":{"line":33,"column":null}},"type":"binary-expr","locations":[{"start":{"line":33,"column":6},"end":{"line":33,"column":38}},{"start":{"line":33,"column":38},"end":{"line":33,"column":null}}]},"3":{"loc":{"start":{"line":41,"column":8},"end":{"line":41,"column":null}},"type":"binary-expr","locations":[{"start":{"line":41,"column":8},"end":{"line":41,"column":38}},{"start":{"line":41,"column":38},"end":{"line":41,"column":null}}]}},"s":{"0":0,"1":0,"2":2,"3":2,"4":2,"5":2,"6":2},"f":{},"b":{"0":[0],"1":[0,0],"2":[0,0],"3":[0,0]}}
,"C:\\Users\\kgdsk\\CascadeProjects\\assistpro-ai-v3\\src\\components\\ui\\select.tsx": {"path":"C:\\Users\\kgdsk\\CascadeProjects\\assistpro-ai-v3\\src\\components\\ui\\select.tsx","statementMap":{"0":{"start":{"line":101,"column":2},"end":{"line":101,"column":8}},"1":{"start":{"line":105,"column":2},"end":{"line":105,"column":15}},"2":{"start":{"line":102,"column":2},"end":{"line":102,"column":13}},"3":{"start":{"line":107,"column":2},"end":{"line":107,"column":12}},"4":{"start":{"line":106,"column":2},"end":{"line":106,"column":13}},"5":{"start":{"line":108,"column":2},"end":{"line":108,"column":17}},"6":{"start":{"line":104,"column":2},"end":{"line":104,"column":15}},"7":{"start":{"line":103,"column":2},"end":{"line":103,"column":13}},"8":{"start":{"line":1,"column":23},"end":{"line":1,"column":null}},"9":{"start":{"line":2,"column":33},"end":{"line":2,"column":null}},"10":{"start":{"line":3,"column":19},"end":{"line":3,"column":null}},"11":{"start":{"line":4,"column":35},"end":{"line":4,"column":null}},"12":{"start":{"line":6,"column":15},"end":{"line":6,"column":35}},"13":{"start":{"line":8,"column":20},"end":{"line":8,"column":41}},"14":{"start":{"line":10,"column":20},"end":{"line":10,"column":41}},"15":{"start":{"line":30,"column":0},"end":{"line":30,"column":null}},"16":{"start":{"line":51,"column":0},"end":{"line":51,"column":null}},"17":{"start":{"line":63,"column":0},"end":{"line":63,"column":null}},"18":{"start":{"line":86,"column":0},"end":{"line":86,"column":null}},"19":{"start":{"line":98,"column":0},"end":{"line":98,"column":null}}},"fnMap":{},"branchMap":{},"s":{"0":0,"1":0,"2":0,"3":0,"4":0,"5":0,"6":0,"7":0,"8":2,"9":2,"10":2,"11":2,"12":2,"13":2,"14":2,"15":2,"16":2,"17":2,"18":2,"19":2},"f":{},"b":{}}
,"C:\\Users\\kgdsk\\CascadeProjects\\assistpro-ai-v3\\src\\components\\ui\\switch.tsx": {"path":"C:\\Users\\kgdsk\\CascadeProjects\\assistpro-ai-v3\\src\\components\\ui\\switch.tsx","statementMap":{"0":{"start":{"line":26,"column":9},"end":{"line":26,"column":null}},"1":{"start":{"line":1,"column":23},"end":{"line":1,"column":null}},"2":{"start":{"line":2,"column":34},"end":{"line":2,"column":null}},"3":{"start":{"line":3,"column":19},"end":{"line":3,"column":null}},"4":{"start":{"line":24,"column":0},"end":{"line":24,"column":null}}},"fnMap":{},"branchMap":{},"s":{"0":6,"1":3,"2":3,"3":3,"4":3},"f":{},"b":{}}
,"C:\\Users\\kgdsk\\CascadeProjects\\assistpro-ai-v3\\src\\components\\ui\\table.tsx": {"path":"C:\\Users\\kgdsk\\CascadeProjects\\assistpro-ai-v3\\src\\components\\ui\\table.tsx","statementMap":{"0":{"start":{"line":111,"column":2},"end":{"line":111,"column":7}},"1":{"start":{"line":113,"column":2},"end":{"line":113,"column":11}},"2":{"start":{"line":118,"column":2},"end":{"line":118,"column":14}},"3":{"start":{"line":117,"column":2},"end":{"line":117,"column":11}},"4":{"start":{"line":114,"column":2},"end":{"line":114,"column":13}},"5":{"start":{"line":115,"column":2},"end":{"line":115,"column":11}},"6":{"start":{"line":112,"column":2},"end":{"line":112,"column":13}},"7":{"start":{"line":116,"column":2},"end":{"line":116,"column":10}},"8":{"start":{"line":1,"column":23},"end":{"line":1,"column":null}},"9":{"start":{"line":2,"column":19},"end":{"line":2,"column":null}},"10":{"start":{"line":16,"column":0},"end":{"line":16,"column":null}},"11":{"start":{"line":24,"column":0},"end":{"line":24,"column":null}},"12":{"start":{"line":36,"column":0},"end":{"line":36,"column":null}},"13":{"start":{"line":51,"column":0},"end":{"line":51,"column":null}},"14":{"start":{"line":66,"column":0},"end":{"line":66,"column":null}},"15":{"start":{"line":81,"column":0},"end":{"line":81,"column":null}},"16":{"start":{"line":96,"column":0},"end":{"line":96,"column":null}},"17":{"start":{"line":108,"column":0},"end":{"line":108,"column":null}}},"fnMap":{},"branchMap":{},"s":{"0":0,"1":0,"2":0,"3":0,"4":0,"5":0,"6":0,"7":0,"8":2,"9":2,"10":2,"11":2,"12":2,"13":2,"14":2,"15":2,"16":2,"17":2},"f":{},"b":{}}
,"C:\\Users\\kgdsk\\CascadeProjects\\assistpro-ai-v3\\src\\components\\ui\\tabs.tsx": {"path":"C:\\Users\\kgdsk\\CascadeProjects\\assistpro-ai-v3\\src\\components\\ui\\tabs.tsx","statementMap":{"0":{"start":{"line":52,"column":9},"end":{"line":52,"column":13}},"1":{"start":{"line":52,"column":38},"end":{"line":52,"column":49}},"2":{"start":{"line":52,"column":15},"end":{"line":52,"column":23}},"3":{"start":{"line":52,"column":25},"end":{"line":52,"column":36}},"4":{"start":{"line":1,"column":23},"end":{"line":1,"column":null}},"5":{"start":{"line":2,"column":31},"end":{"line":2,"column":null}},"6":{"start":{"line":3,"column":19},"end":{"line":3,"column":null}},"7":{"start":{"line":5,"column":13},"end":{"line":5,"column":31}},"8":{"start":{"line":20,"column":0},"end":{"line":20,"column":null}},"9":{"start":{"line":35,"column":0},"end":{"line":35,"column":null}},"10":{"start":{"line":50,"column":0},"end":{"line":50,"column":null}}},"fnMap":{},"branchMap":{},"s":{"0":0,"1":0,"2":0,"3":0,"4":2,"5":2,"6":2,"7":2,"8":2,"9":2,"10":2},"f":{},"b":{}}
[...]
e":33,"column":null}},"21":{"start":{"line":35,"column":10},"end":{"line":35,"column":null}},"22":{"start":{"line":36,"column":33},"end":{"line":36,"column":null}},"23":{"start":{"line":38,"column":31},"end":{"line":38,"column":null}},"24":{"start":{"line":39,"column":10},"end":{"line":39,"column":null}},"25":{"start":{"line":41,"column":26},"end":{"line":41,"column":null}},"26":{"start":{"line":43,"column":10},"end":{"line":48,"column":null}},"27":{"start":{"line":50,"column":10},"end":{"line":50,"column":null}},"28":{"start":{"line":52,"column":10},"end":{"line":56,"column":null}},"29":{"start":{"line":57,"column":10},"end":{"line":57,"column":null}},"30":{"start":{"line":61,"column":6},"end":{"line":61,"column":null}},"31":{"start":{"line":67,"column":22},"end":{"line":67,"column":50}},"32":{"start":{"line":68,"column":19},"end":{"line":68,"column":null}},"33":{"start":{"line":69,"column":19},"end":{"line":69,"column":null}},"34":{"start":{"line":70,"column":17},"end":{"line":70,"column":null}},"35":{"start":{"line":71,"column":21},"end":{"line":71,"column":23}},"36":{"start":{"line":73,"column":17},"end":{"line":73,"column":null}},"37":{"start":{"line":74,"column":14},"end":{"line":74,"column":null}},"38":{"start":{"line":77,"column":4},"end":{"line":77,"column":51}},"39":{"start":{"line":78,"column":4},"end":{"line":78,"column":51}},"40":{"start":{"line":79,"column":4},"end":{"line":79,"column":51}},"41":{"start":{"line":81,"column":4},"end":{"line":81,"column":51}},"42":{"start":{"line":82,"column":4},"end":{"line":82,"column":51}},"43":{"start":{"line":83,"column":4},"end":{"line":83,"column":51}},"44":{"start":{"line":84,"column":4},"end":{"line":84,"column":51}},"45":{"start":{"line":85,"column":4},"end":{"line":85,"column":51}},"46":{"start":{"line":86,"column":4},"end":{"line":86,"column":55}},"47":{"start":{"line":87,"column":4},"end":{"line":87,"column":51}},"48":{"start":{"line":88,"column":4},"end":{"line":88,"column":51}},"49":{"start":{"line":90,"column":4},"end":{"line":90,"column":51}},"50":{"start":{"line":91,"column":4},"end":{"line":91,"column":51}},"51":{"start":{"line":94,"column":4},"end":{"line":96,"column":null}},"52":{"start":{"line":94,"column":17},"end":{"line":94,"column":20}},"53":{"start":{"line":95,"column":6},"end":{"line":95,"column":null}},"54":{"start":{"line":98,"column":4},"end":{"line":106,"column":null}},"55":{"start":{"line":99,"column":6},"end":{"line":104,"column":null}},"56":{"start":{"line":99,"column":19},"end":{"line":99,"column":22}},"57":{"start":{"line":100,"column":8},"end":{"line":100,"column":null}},"58":{"start":{"line":101,"column":8},"end":{"line":101,"column":null}},"59":{"start":{"line":102,"column":8},"end":{"line":102,"column":null}},"60":{"start":{"line":103,"column":8},"end":{"line":103,"column":null}},"61":{"start":{"line":105,"column":6},"end":{"line":105,"column":null}},"62":{"start":{"line":109,"column":4},"end":{"line":109,"column":null}},"63":{"start":{"line":112,"column":6},"end":{"line":112,"column":null}},"64":{"start":{"line":113,"column":6},"end":{"line":113,"column":null}},"65":{"start":{"line":117,"column":6},"end":{"line":117,"column":null}},"66":{"start":{"line":118,"column":6},"end":{"line":118,"column":null}},"67":{"start":{"line":123,"column":17},"end":{"line":123,"column":null}},"68":{"start":{"line":126,"column":4},"end":{"line":126,"column":null}},"69":{"start":{"line":130,"column":4},"end":{"line":130,"column":null}},"70":{"start":{"line":134,"column":4},"end":{"line":134,"column":null}}},"fnMap":{"0":{"name":"(anonymous_1)","decl":{"start":{"line":5,"column":2},"end":{"line":5,"column":15}},"loc":{"start":{"line":5,"column":84},"end":{"line":63,"column":null}}},"1":{"name":"(anonymous_2)","decl":{"start":{"line":6,"column":23},"end":{"line":6,"column":24}},"loc":{"start":{"line":6,"column":33},"end":{"line":62,"column":null}}},"2":{"name":"(anonymous_3)","decl":{"start":{"line":11,"column":22},"end":{"line":11,"column":29}},"loc":{"start":{"line":11,"column":29},"end":{"line":59,"column":null}}},"3":{"name":"(anonymous_4)","decl":{"start":{"line":66,"column":2},"end":{"line":66,"column":17}},"loc":{"start":{"line":66,"column":79},"end":{"line":120,"column":null}}},"4":{"name":"setUint16","decl":{"start":{"line":111,"column":13},"end":{"line":111,"column":23}},"loc":{"start":{"line":111,"column":35},"end":{"line":114,"column":null}}},"5":{"name":"setUint32","decl":{"start":{"line":116,"column":13},"end":{"line":116,"column":23}},"loc":{"start":{"line":116,"column":35},"end":{"line":119,"column":null}}},"6":{"name":"(anonymous_7)","decl":{"start":{"line":125,"column":2},"end":{"line":125,"column":9}},"loc":{"start":{"line":125,"column":70},"end":{"line":127,"column":null}}},"7":{"name":"(anonymous_8)","decl":{"start":{"line":129,"column":2},"end":{"line":129,"column":9}},"loc":{"start":{"line":129,"column":71},"end":{"line":131,"column":null}}},"8":{"name":"(anonymous_9)","decl":{"start":{"line":133,"column":2},"end":{"line":133,"column":9}},"loc":{"start":{"line":133,"column":35},"end":{"line":135,"column":null}}}},"branchMap":{"0":{"loc":{"start":{"line":5,"column":46},"end":{"line":5,"column":67}},"type":"default-arg","locations":[{"start":{"line":5,"column":64},"end":{"line":5,"column":67}}]},"1":{"loc":{"start":{"line":101,"column":18},"end":{"line":101,"column":67}},"type":"cond-expr","locations":[{"start":{"line":101,"column":37},"end":{"line":101,"column":54}},{"start":{"line":101,"column":54},"end":{"line":101,"column":67}}]}},"s":{"0":0,"1":0,"2":0,"3":0,"4":0,"5":0,"6":0,"7":0,"8":0,"9":0,"10":0,"11":0,"12":0,"13":0,"14":0,"15":0,"16":0,"17":0,"18":0,"19":0,"20":0,"21":0,"22":0,"23":0,"24":0,"25":0,"26":0,"27":0,"28":0,"29":0,"30":0,"31":0,"32":0,"33":0,"34":0,"35":0,"36":0,"37":0,"38":0,"39":0,"40":0,"41":0,"42":0,"43":0,"44":0,"45":0,"46":0,"47":0,"48":0,"49":0,"50":0,"51":0,"52":0,"53":0,"54":0,"55":0,"56":0,"57":0,"58":0,"59":0,"60":0,"61":0,"62":0,"63":0,"64":0,"65":0,"66":0,"67":0,"68":0,"69":0,"70":0},"f":{"0":0,"1":0,"2":0,"3":0,"4":0,"5":0,"6":0,"7":0,"8":0},"b":{"0":[0],"1":[0,0]}}
,"C:\\Users\\kgdsk\\CascadeProjects\\assistpro-ai-v3\\src\\lib\\security\\voice-validator.ts": {"path":"C:\\Users\\kgdsk\\CascadeProjects\\assistpro-ai-v3\\src\\lib\\security\\voice-validator.ts","statementMap":{"0":{"start":{"line":1,"column":13},"end":{"line":1,"column":27}},"1":{"start":{"line":105,"column":16},"end":{"line":105,"column":33}},"2":{"start":{"line":4,"column":32},"end":{"line":4,"column":null}},"3":{"start":{"line":5,"column":4},"end":{"line":5,"column":null}},"4":{"start":{"line":11,"column":4},"end":{"line":13,"column":null}},"5":{"start":{"line":12,"column":6},"end":{"line":12,"column":null}},"6":{"start":{"line":16,"column":4},"end":{"line":18,"column":null}},"7":{"start":{"line":17,"column":6},"end":{"line":17,"column":null}},"8":{"start":{"line":21,"column":26},"end":{"line":21,"column":null}},"9":{"start":{"line":24,"column":36},"end":{"line":24,"column":null}},"10":{"start":{"line":25,"column":4},"end":{"line":25,"column":null}},"11":{"start":{"line":31,"column":26},"end":{"line":31,"column":null}},"12":{"start":{"line":34,"column":28},"end":{"line":34,"column":null}},"13":{"start":{"line":37,"column":30},"end":{"line":37,"column":null}},"14":{"start":{"line":39,"column":4},"end":{"line":43,"column":null}},"15":{"start":{"line":48,"column":31},"end":{"line":48,"column":null}},"16":{"start":{"line":49,"column":4},"end":{"line":49,"column":null}},"17":{"start":{"line":54,"column":4},"end":{"line":56,"column":null}},"18":{"start":{"line":55,"column":6},"end":{"line":55,"column":null}},"19":{"start":{"line":58,"column":23},"end":{"line":58,"column":null}},"20":{"start":{"line":59,"column":4},"end":{"line":61,"column":null}},"21":{"start":{"line":60,"column":6},"end":{"line":60,"column":null}},"22":{"start":{"line":64,"column":50},"end":{"line":68,"column":null}},"23":{"start":{"line":70,"column":4},"end":{"line":70,"column":null}},"24":{"start":{"line":75,"column":4},"end":{"line":89,"column":null}},"25":{"start":{"line":76,"column":23},"end":{"line":82,"column":null}},"26":{"start":{"line":84,"column":29},"end":{"line":84,"column":null}},"27":{"start":{"line":85,"column":6},"end":{"line":85,"column":null}},"28":{"start":{"line":87,"column":6},"end":{"line":87,"column":null}},"29":{"start":{"line":88,"column":6},"end":{"line":88,"column":null}},"30":{"start":{"line":94,"column":27},"end":{"line":94,"column":null}},"31":{"start":{"line":95,"column":4},"end":{"line":95,"column":null}},"32":{"start":{"line":100,"column":4},"end":{"line":100,"column":null}},"33":{"start":{"line":106,"column":2},"end":{"line":108,"column":null}},"34":{"start":{"line":107,"column":4},"end":{"line":107,"column":null}},"35":{"start":{"line":110,"column":25},"end":{"line":110,"column":null}}},"fnMap":{"0":{"name":"(anonymous_3)","decl":{"start":{"line":3,"column":2},"end":{"line":3,"column":9}},"loc":{"start":{"line":3,"column":59},"end":{"line":6,"column":null}}},"1":{"name":"(anonymous_4)","decl":{"start":{"line":9,"column":2},"end":{"line":9,"column":9}},"loc":{"start":{"line":9,"column":57},"end":{"line":26,"column":null}}},"2":{"name":"(anonymous_5)","decl":{"start":{"line":29,"column":2},"end":{"line":29,"column":9}},"loc":{"start":{"line":29,"column":44},"end":{"line":44,"column":null}}},"3":{"name":"(anonymous_6)","decl":{"start":{"line":47,"column":2},"end":{"line":47,"column":9}},"loc":{"start":{"line":47,"column":56},"end":{"line":50,"column":null}}},"4":{"name":"(anonymous_7)","decl":{"start":{"line":53,"column":2},"end":{"line":53,"column":9}},"loc":{"start":{"line":53,"column":71},"end":{"line":71,"column":null}}},"5":{"name":"(anonymous_8)","decl":{"start":{"line":74,"column":2},"end":{"line":74,"column":15}},"loc":{"start":{"line":74,"column":68},"end":{"line":90,"column":null}}},"6":{"name":"(anonymous_9)","decl":{"start":{"line":93,"column":2},"end":{"line":93,"column":9}},"loc":{"start":{"line":93,"column":79},"end":{"line":96,"column":null}}},"7":{"name":"(anonymous_10)","decl":{"start":{"line":99,"column":2},"end":{"line":99,"column":9}},"loc":{"start":{"line":99,"column":89},"end":{"line":101,"column":null}}},"8":{"name":"processVoiceInput","decl":{"start":{"line":105,"column":16},"end":{"line":105,"column":33}},"loc":{"start":{"line":105,"column":47},"end":{"line":112,"column":null}}}},"branchMap":{"0":{"loc":{"start":{"line":11,"column":4},"end":{"line":13,"column":null}},"type":"if","locations":[{"start":{"line":11,"column":4},"end":{"line":13,"column":null}}]},"1":{"loc":{"start":{"line":11,"column":8},"end":{"line":11,"column":37}},"type":"binary-expr","locations":[{"start":{"line":11,"column":8},"end":{"line":11,"column":17}},{"start":{"line":11,"column":17},"end":{"line":11,"column":37}}]},"2":{"loc":{"start":{"line":16,"column":4},"end":{"line":18,"column":null}},"type":"if","locations":[{"start":{"line":16,"column":4},"end":{"line":18,"column":null}}]},"3":{"loc":{"start":{"line":54,"column":4},"end":{"line":56,"column":null}},"type":"if","locations":[{"start":{"line":54,"column":4},"end":{"line":56,"column":null}}]},"4":{"loc":{"start":{"line":54,"column":8},"end":{"line":54,"column":41}},"type":"binary-expr","locations":[{"start":{"line":54,"column":8},"end":{"line":54,"column":19}},{"start":{"line":54,"column":19},"end":{"line":54,"column":41}}]},"5":{"loc":{"start":{"line":59,"column":4},"end":{"line":61,"column":null}},"type":"if","locations":[{"start":{"line":59,"column":4},"end":{"line":61,"column":null}}]},"6":{"loc":{"start":{"line":93,"column":44},"end":{"line":93,"column":68}},"type":"default-arg","locations":[{"start":{"line":93,"column":66},"end":{"line":93,"column":68}}]},"7":{"loc":{"start":{"line":99,"column":54},"end":{"line":99,"column":78}},"type":"default-arg","locations":[{"start":{"line":99,"column":76},"end":{"line":99,"column":78}}]},"8":{"loc":{"start":{"line":106,"column":2},"end":{"line":108,"column":null}},"type":"if","locations":[{"start":{"line":106,"column":2},"end":{"line":108,"column":null}}]}},"s":{"0":9,"1":0,"2":3,"3":3,"4":4,"5":0,"6":4,"7":0,"8":4,"9":4,"10":4,"11":6,"12":6,"13":6,"14":6,"15":0,"16":0,"17":0,"18":0,"19":0,"20":0,"21":0,"22":0,"23":0,"24":0,"25":0,"26":0,"27":0,"28":0,"29":0,"30":0,"31":0,"32":0,"33":0,"34":0,"35":0},"f":{"0":3,"1":4,"2":6,"3":0,"4":0,"5":0,"6":0,"7":0,"8":0},"b":{"0":[0],"1":[4,4],"2":[0],"3":[0],"4":[0,0],"5":[0],"6":[0],"7":[0],"8":[0]}}
,"C:\\Users\\kgdsk\\CascadeProjects\\assistpro-ai-v3\\src\\lib\\tts\\tts-strategy.ts": {"path":"C:\\Users\\kgdsk\\CascadeProjects\\assistpro-ai-v3\\src\\lib\\tts\\tts-strategy.ts","statementMap":{"0":{"start":{"line":50,"column":13},"end":{"line":50,"column":29}},"1":{"start":{"line":43,"column":13},"end":{"line":43,"column":30}},"2":{"start":{"line":57,"column":13},"end":{"line":57,"column":34}},"3":{"start":{"line":12,"column":13},"end":{"line":12,"column":24}},"4":{"start":{"line":65,"column":13},"end":{"line":65,"column":23}},"5":{"start":{"line":17,"column":4},"end":{"line":17,"column":null}},"6":{"start":{"line":21,"column":4},"end":{"line":23,"column":null}},"7":{"start":{"line":22,"column":6},"end":{"line":22,"column":null}},"8":{"start":{"line":24,"column":4},"end":{"line":24,"column":null}},"9":{"start":{"line":28,"column":21},"end":{"line":28,"column":57}},"10":{"start":{"line":30,"column":4},"end":{"line":32,"column":null}},"11":{"start":{"line":31,"column":6},"end":{"line":31,"column":null}},"12":{"start":{"line":34,"column":4},"end":{"line":34,"column":null}},"13":{"start":{"line":38,"column":4},"end":{"line":38,"column":null}},"14":{"start":{"line":13,"column":10},"end":{"line":13,"column":null}},"15":{"start":{"line":14,"column":10},"end":{"line":14,"column":null}},"16":{"start":{"line":46,"column":4},"end":{"line":46,"column":null}},"17":{"start":{"line":53,"column":4},"end":{"line":53,"column":null}},"18":{"start":{"line":60,"column":4},"end":{"line":60,"column":null}},"19":{"start":{"line":65,"column":26},"end":{"line":65,"column":null}},"20":{"start":{"line":68,"column":0},"end":{"line":68,"column":null}},"21":{"start":{"line":69,"column":0},"end":{"line":69,"column":null}},"22":{"start":{"line":70,"column":0},"end":{"line":70,"column":null}}},"fnMap":{"0":{"name":"(anonymous_6)","decl":{"start":{"line":16,"column":2},"end":{"line":16,"column":19}},"loc":{"start":{"line":16,"column":56},"end":{"line":18,"column":null}}},"1":{"name":"(anonymous_7)","decl":{"start":{"line":20,"column":2},"end":{"line":20,"column":21}},"loc":{"start":{"line":20,"column":35},"end":{"line":25,"column":null}}},"2":{"name":"(anonymous_8)","decl":{"start":{"line":27,"column":2},"end":{"line":27,"column":8}},"loc":{"start":{"line":27,"column":72},"end":{"line":35,"column":null}}},"3":{"name":"(anonymous_9)","decl":{"start":{"line":37,"column":2},"end":{"line":37,"column":36}},"loc":{"start":{"line":37,"column":36},"end":{"line":39,"column":null}}},"4":{"name":"(anonymous_11)","decl":{"start":{"line":44,"column":2},"end":{"line":44,"column":8}},"loc":{"start":{"line":44,"column":72},"end":{"line":47,"column":null}}},"5":{"name":"(anonymous_12)","decl":{"start":{"line":51,"column":2},"end":{"line":51,"column":8}},"loc":{"start":{"line":51,"column":72},"end":{"line":54,"column":null}}},"6":{"name":"(anonymous_13)","decl":{"start":{"line":58,"column":2},"end":{"line":58,"column":8}},"loc":{"start":{"line":58,"column":72},"end":{"line":61,"column":null}}}},"branchMap":{"0":{"loc":{"start":{"line":21,"column":4},"end":{"line":23,"column":null}},"type":"if","locations":[{"start":{"line":21,"column":4},"end":{"line":23,"column":null}}]},"1":{"loc":{"start":{"line":30,"column":4},"end":{"line":32,"column":null}},"type":"if","locations":[{"start":{"line":30,"column":4},"end":{"line":32,"column":null}}]}},"s":{"0":1,"1":1,"2":1,"3":3,"4":4,"5":10,"6":6,"7":1,"8":5,"9":3,"10":3,"11":0,"12":3,"13":3,"14":5,"15":5,"16":1,"17":1,"18":1,"19":2,"20":2,"21":2,"22":2},"f":{"0":10,"1":6,"2":3,"3":3,"4":1,"5":1,"6":1},"b":{"0":[1],"1":[0]}}
,"C:\\Users\\kgdsk\\CascadeProjects\\assistpro-ai-v3\\src\\types\\agent.ts": {"path":"C:\\Users\\kgdsk\\CascadeProjects\\assistpro-ai-v3\\src\\types\\agent.ts","statementMap":{"0":{"start":{"line":54,"column":13},"end":{"line":54,"column":24}},"1":{"start":{"line":34,"column":13},"end":{"line":34,"column":28}},"2":{"start":{"line":40,"column":13},"end":{"line":40,"column":29}},"3":{"start":{"line":36,"column":13},"end":{"line":36,"column":33}},"4":{"start":{"line":35,"column":13},"end":{"line":35,"column":31}},"5":{"start":{"line":47,"column":13},"end":{"line":47,"column":36}},"6":{"start":{"line":37,"column":13},"end":{"line":37,"column":35}},"7":{"start":{"line":84,"column":16},"end":{"line":84,"column":29}},"8":{"start":{"line":1,"column":18},"end":{"line":1,"column":null}},"9":{"start":{"line":4,"column":12},"end":{"line":4,"column":null}},"10":{"start":{"line":12,"column":12},"end":{"line":12,"column":null}},"11":{"start":{"line":18,"column":12},"end":{"line":18,"column":null}},"12":{"start":{"line":26,"column":12},"end":{"line":26,"column":null}},"13":{"start":{"line":34,"column":31},"end":{"line":34,"column":null}},"14":{"start":{"line":35,"column":34},"end":{"line":35,"column":null}},"15":{"start":{"line":36,"column":36},"end":{"line":36,"column":null}},"16":{"start":{"line":37,"column":38},"end":{"line":37,"column":null}},"17":{"start":{"line":40,"column":32},"end":{"line":44,"column":null}},"18":{"start":{"line":47,"column":39},"end":{"line":51,"column":null}},"19":{"start":{"line":54,"column":27},"end":{"line":76,"column":null}},"20":{"start":{"line":85,"column":2},"end":{"line":90,"column":null}},"21":{"start":{"line":86,"column":4},"end":{"line":86,"column":null}},"22":{"start":{"line":87,"column":4},"end":{"line":87,"column":null}},"23":{"start":{"line":89,"column":4},"end":{"line":89,"column":null}}},"fnMap":{"0":{"name":"(anonymous_13)","decl":{"start":{"line":4,"column":12},"end":{"line":4,"column":null}},"loc":{"start":{"line":4,"column":12},"end":{"line":4,"column":null}}},"1":{"name":"(anonymous_14)","decl":{"start":{"line":12,"column":12},"end":{"line":12,"column":null}},"loc":{"start":{"line":12,"column":12},"end":{"line":12,"column":null}}},"2":{"name":"(anonymous_15)","decl":{"start":{"line":18,"column":12},"end":{"line":18,"column":null}},"loc":{"start":{"line":18,"column":12},"end":{"line":18,"column":null}}},"3":{"name":"(anonymous_16)","decl":{"start":{"line":26,"column":12},"end":{"line":26,"column":null}},"loc":{"start":{"line":26,"column":12},"end":{"line":26,"column":null}}},"4":{"name":"validateAgent","decl":{"start":{"line":84,"column":16},"end":{"line":84,"column":29}},"loc":{"start":{"line":84,"column":44},"end":{"line":91,"column":null}}}},"branchMap":{"0":{"loc":{"start":{"line":4,"column":12},"end":{"line":4,"column":null}},"type":"binary-expr","locations":[{"start":{"line":4,"column":12},"end":{"line":4,"column":null}},{"start":{"line":4,"column":12},"end":{"line":4,"column":null}}]},"1":{"loc":{"start":{"line":12,"column":12},"end":{"line":12,"column":null}},"type":"binary-expr","locations":[{"start":{"line":12,"column":12},"end":{"line":12,"column":null}},{"start":{"line":12,"column":12},"end":{"line":12,"column":null}}]},"2":{"loc":{"start":{"line":18,"column":12},"end":{"line":18,"column":null}},"type":"binary-expr","locations":[{"start":{"line":18,"column":12},"end":{"line":18,"column":null}},{"start":{"line":18,"column":12},"end":{"line":18,"column":null}}]},"3":{"loc":{"start":{"line":26,"column":12},"end":{"line":26,"column":null}},"type":"binary-expr","locations":[{"start":{"line":26,"column":12},"end":{"line":26,"column":null}},{"start":{"line":26,"column":12},"end":{"line":26,"column":null}}]}},"s":{"0":0,"1":0,"2":0,"3":0,"4":0,"5":0,"6":0,"7":0,"8":1,"9":1,"10":1,"11":1,"12":1,"13":1,"14":1,"15":1,"16":1,"17":1,"18":1,"19":1,"20":0,"21":0,"22":0,"23":0},"f":{"0":1,"1":1,"2":1,"3":1,"4":0},"b":{"0":[1,1],"1":[1,1],"2":[1,1],"3":[1,1]}}
}
