TN:
SF:src\app\layout.tsx
FN:15,RootLayout
FNF:1
FNH:0
FNDA:0,RootLayout
DA:1,0
DA:2,0
DA:3,0
DA:4,0
DA:5,0
DA:6,0
DA:8,0
DA:10,0
DA:15,0
LF:9
LH:0
BRF:0
BRH:0
end_of_record
TN:
SF:src\app\page.tsx
FN:26,Home
FN:51,(anonymous_3)
FN:72,(anonymous_4)
FN:99,(anonymous_5)
FN:123,(anonymous_6)
FN:132,(anonymous_7)
FN:136,(anonymous_8)
FN:161,(anonymous_9)
FN:168,(anonymous_10)
FN:182,(anonymous_11)
FN:191,(anonymous_12)
FN:208,(anonymous_13)
FN:305,(anonymous_14)
FN:343,(anonymous_15)
FN:389,(anonymous_16)
FN:419,(anonymous_17)
FN:420,(anonymous_18)
FN:425,(anonymous_19)
FN:470,(anonymous_20)
FNF:19
FNH:0
FNDA:0,Home
FNDA:0,(anonymous_3)
FNDA:0,(anonymous_4)
FNDA:0,(anonymous_5)
FNDA:0,(anonymous_6)
FNDA:0,(anonymous_7)
FNDA:0,(anonymous_8)
FNDA:0,(anonymous_9)
FNDA:0,(anonymous_10)
FNDA:0,(anonymous_11)
FNDA:0,(anonymous_12)
FNDA:0,(anonymous_13)
FNDA:0,(anonymous_14)
FNDA:0,(anonymous_15)
FNDA:0,(anonymous_16)
FNDA:0,(anonymous_17)
FNDA:0,(anonymous_18)
FNDA:0,(anonymous_19)
FNDA:0,(anonymous_20)
DA:4,0
DA:5,0
DA:6,0
DA:18,0
DA:19,0
DA:20,0
DA:21,0
DA:22,0
DA:23,0
DA:24,0
DA:26,0
DA:27,0
DA:28,0
DA:29,0
DA:30,0
DA:31,0
DA:32,0
DA:33,0
DA:36,0
DA:51,0
DA:52,0
DA:53,0
DA:56,0
DA:57,0
DA:58,0
DA:61,0
DA:62,0
DA:65,0
DA:72,0
DA:73,0
DA:74,0
DA:76,0
DA:79,0
DA:80,0
DA:81,0
DA:83,0
DA:84,0
DA:86,0
DA:87,0
DA:89,0
DA:90,0
DA:94,0
DA:95,0
DA:99,0
DA:100,0
DA:101,0
DA:103,0
DA:104,0
DA:113,0
DA:114,0
DA:115,0
DA:116,0
DA:118,0
DA:119,0
DA:120,0
DA:123,0
DA:124,0
DA:125,0
DA:126,0
DA:129,0
DA:130,0
DA:132,0
DA:133,0
DA:136,0
DA:137,0
DA:139,0
DA:141,0
DA:143,0
DA:144,0
DA:145,0
DA:148,0
DA:149,0
DA:153,0
DA:154,0
DA:156,0
DA:157,0
DA:161,0
DA:162,0
DA:163,0
DA:164,0
DA:168,0
DA:169,0
DA:170,0
DA:172,0
DA:176,0
DA:177,0
DA:178,0
DA:180,0
DA:181,0
DA:182,0
DA:185,0
DA:191,0
DA:197,0
DA:198,0
DA:199,0
DA:200,0
DA:201,0
DA:203,0
DA:207,0
DA:208,0
DA:213,0
DA:306,0
DA:344,0
DA:390,0
DA:419,0
DA:420,0
DA:425,0
DA:470,0
LF:108
LH:0
BRDA:57,0,0,0
BRDA:80,1,0,0
BRDA:81,2,0,0
BRDA:81,2,1,0
BRDA:81,2,2,0
BRDA:101,3,0,0
BRDA:124,4,0,0
BRDA:143,5,0,0
BRDA:162,6,0,0
BRDA:162,7,0,0
BRDA:162,7,1,0
BRDA:169,8,0,0
BRDA:169,8,1,0
BRDA:170,9,0,0
BRDA:393,10,0,0
BRDA:393,10,1,0
BRDA:400,11,0,0
BRDA:400,11,1,0
BRDA:409,12,0,0
BRDA:420,13,0,0
BRDA:420,13,1,0
BRDA:433,14,0,0
BRDA:433,14,1,0
BRDA:434,15,0,0
BRDA:434,15,1,0
BRDA:436,16,0,0
BRDA:436,16,1,0
BRDA:438,17,0,0
BRF:28
BRH:0
end_of_record
TN:
SF:src\app\agentes\criar\page.tsx
FN:35,CriarAgentePage
FN:53,(anonymous_2)
FN:102,(anonymous_4)
FN:142,(anonymous_6)
FNF:4
FNH:0
FNDA:0,CriarAgentePage
FNDA:0,(anonymous_2)
FNDA:0,(anonymous_4)
FNDA:0,(anonymous_6)
DA:3,0
DA:4,0
DA:5,0
DA:6,0
DA:12,0
DA:13,0
DA:14,0
DA:15,0
DA:16,0
DA:17,0
DA:20,0
DA:35,0
DA:41,0
DA:51,0
DA:53,0
DA:54,0
DA:55,0
DA:61,0
DA:65,0
DA:103,0
DA:143,0
LF:21
LH:0
BRDA:61,0,0,0
BRDA:85,1,0,0
BRF:2
BRH:0
end_of_record
TN:
SF:src\app\analytics\page.tsx
FN:39,AnalyticsPage
FN:50,(anonymous_2)
FNF:2
FNH:0
FNDA:0,AnalyticsPage
FNDA:0,(anonymous_2)
DA:1,0
DA:2,0
DA:3,0
DA:4,0
DA:10,0
DA:12,0
DA:39,0
DA:51,0
DA:52,0
LF:9
LH:0
BRF:0
BRH:0
end_of_record
TN:
SF:src\app\api\voice\call\route.ts
FN:5,POST
FNF:1
FNH:0
FNDA:0,POST
DA:2,0
DA:3,0
DA:5,0
DA:6,0
DA:7,0
DA:10,0
DA:11,0
DA:17,0
DA:23,0
DA:30,0
DA:32,0
DA:38,0
LF:12
LH:0
BRDA:10,0,0,0
BRF:1
BRH:0
end_of_record
TN:
SF:src\app\api\voice\synthesize\route.ts
FN:5,POST
FNF:1
FNH:0
FNDA:0,POST
DA:2,0
DA:3,0
DA:5,0
DA:6,0
DA:7,0
DA:10,0
DA:11,0
DA:17,0
DA:24,0
DA:26,0
DA:34,0
DA:36,0
DA:42,0
LF:13
LH:0
BRDA:7,0,0,0
BRDA:7,1,0,0
BRDA:7,2,0,0
BRDA:10,3,0,0
BRF:4
BRH:0
end_of_record
TN:
SF:src\app\api\voice\train\route.ts
FN:4,POST
FNF:1
FNH:0
FNDA:0,POST
DA:2,0
DA:4,0
DA:5,0
DA:6,0
DA:9,0
DA:10,0
DA:16,0
DA:22,0
DA:28,0
DA:30,0
DA:36,0
LF:11
LH:0
BRDA:9,0,0,0
BRF:1
BRH:0
end_of_record
TN:
SF:src\app\api\voice\transcribe\route.ts
FN:5,POST
FNF:1
FNH:0
FNDA:0,POST
DA:2,0
DA:3,0
DA:5,0
DA:6,0
DA:7,0
DA:8,0
DA:10,0
DA:11,0
DA:17,0
DA:20,0
DA:26,0
DA:35,0
DA:37,0
DA:43,0
LF:14
LH:0
BRDA:10,0,0,0
BRF:1
BRH:0
end_of_record
TN:
SF:src\app\chat\page.tsx
FN:3,ChatPage
FNF:1
FNH:0
FNDA:0,ChatPage
DA:1,0
DA:3,0
LF:2
LH:0
BRF:0
BRH:0
end_of_record
TN:
SF:src\app\dashboard\page.tsx
FN:53,DashboardPage
FN:56,(anonymous_2)
FN:71,(anonymous_3)
FNF:3
FNH:0
FNDA:0,DashboardPage
FNDA:0,(anonymous_2)
FNDA:0,(anonymous_3)
DA:3,0
DA:4,0
DA:5,0
DA:6,0
DA:14,0
DA:20,0
DA:22,0
DA:30,0
DA:53,0
DA:54,0
DA:56,0
DA:57,0
DA:58,0
DA:59,0
DA:72,0
LF:15
LH:0
BRDA:58,0,0,0
BRF:1
BRH:0
end_of_record
TN:
SF:src\app\login\page.tsx
FN:9,LoginPage
FN:14,(anonymous_2)
FN:39,(anonymous_3)
FN:49,(anonymous_4)
FNF:4
FNH:0
FNDA:0,LoginPage
FNDA:0,(anonymous_2)
FNDA:0,(anonymous_3)
FNDA:0,(anonymous_4)
DA:3,0
DA:4,0
DA:5,0
DA:6,0
DA:7,0
DA:9,0
DA:10,0
DA:11,0
DA:12,0
DA:14,0
DA:15,0
DA:17,0
DA:19,0
DA:20,0
DA:22,0
DA:39,0
DA:49,0
LF:17
LH:0
BRDA:17,0,0,0
BRDA:17,0,1,0
BRDA:17,1,0,0
BRDA:17,1,1,0
BRF:4
BRH:0
end_of_record
TN:
SF:src\app\precos\page.tsx
FN:14,PrecosPage
FN:28,(anonymous_3)
FN:59,(anonymous_4)
FNF:3
FNH:0
FNDA:0,PrecosPage
FNDA:0,(anonymous_3)
FNDA:0,(anonymous_4)
DA:8,0
DA:9,0
DA:10,0
DA:11,0
DA:12,0
DA:14,0
DA:29,0
DA:60,0
LF:8
LH:0
BRDA:33,0,0,0
BRDA:33,0,1,0
BRDA:40,1,0,0
BRDA:40,1,1,0
BRDA:77,2,0,0
BRDA:77,2,1,0
BRDA:80,3,0,0
BRDA:80,3,1,0
BRF:8
BRH:0
end_of_record
TN:
SF:src\app\pricing\page.tsx
FN:58,PricingPage
FN:73,(anonymous_2)
FN:95,(anonymous_3)
FN:147,(anonymous_4)
FNF:4
FNH:0
FNDA:0,PricingPage
FNDA:0,(anonymous_2)
FNDA:0,(anonymous_3)
FNDA:0,(anonymous_4)
DA:1,0
DA:2,0
DA:3,0
DA:5,0
DA:58,0
DA:74,0
DA:96,0
DA:148,0
LF:8
LH:0
BRDA:77,0,0,0
BRDA:77,0,1,0
BRDA:81,1,0,0
BRDA:106,2,0,0
BRDA:106,2,1,0
BRF:5
BRH:0
end_of_record
TN:
SF:src\app\settings\page.tsx
FN:22,SettingsPage
FNF:1
FNH:0
FNDA:0,SettingsPage
DA:1,0
DA:8,0
DA:9,0
DA:10,0
DA:11,0
DA:18,0
DA:19,0
DA:20,0
DA:22,0
LF:9
LH:0
BRF:0
BRH:0
end_of_record
TN:
SF:src\app\settings\voice\page.tsx
FN:7,VoiceAssistantPage
FNF:1
FNH:0
FNDA:0,VoiceAssistantPage
DA:3,0
DA:4,0
DA:5,0
DA:7,0
LF:4
LH:0
BRF:0
BRH:0
end_of_record
TN:
SF:src\components\openai-status.tsx
FN:7,OpenAIStatus
FN:14,(anonymous_2)
FN:15,checkStatus
FNF:3
FNH:0
FNDA:0,OpenAIStatus
FNDA:0,(anonymous_2)
FNDA:0,checkStatus
DA:3,0
DA:4,0
DA:5,0
DA:7,0
DA:8,0
DA:14,0
DA:16,0
DA:17,0
DA:20,0
DA:23,0
LF:10
LH:0
BRDA:23,0,0,0
BRDA:27,1,0,0
BRDA:32,2,0,0
BRF:3
BRH:0
end_of_record
TN:
SF:src\components\pricing-table.tsx
FN:57,PricingTable
FN:60,(anonymous_2)
FN:89,(anonymous_3)
FNF:3
FNH:0
FNDA:0,PricingTable
FNDA:0,(anonymous_2)
FNDA:0,(anonymous_3)
DA:3,0
DA:4,0
DA:5,0
DA:6,0
DA:8,0
DA:57,0
DA:61,0
DA:90,0
LF:8
LH:0
BRDA:64,0,0,0
BRDA:64,0,1,0
BRDA:69,1,0,0
BRDA:81,2,0,0
BRDA:100,3,0,0
BRDA:100,3,1,0
BRDA:102,4,0,0
BRDA:102,4,1,0
BRF:8
BRH:0
end_of_record
TN:
SF:src\components\theme-provider.tsx
FN:7,ThemeProvider
FNF:1
FNH:0
FNDA:0,ThemeProvider
DA:3,0
DA:4,0
DA:7,0
LF:3
LH:0
BRF:0
BRH:0
end_of_record
TN:
SF:src\components\theme-toggle.tsx
FN:15,ThemeToggle
FN:28,(anonymous_5)
FN:31,(anonymous_6)
FN:34,(anonymous_7)
FNF:4
FNH:0
FNDA:0,ThemeToggle
FNDA:0,(anonymous_5)
FNDA:0,(anonymous_6)
FNDA:0,(anonymous_7)
DA:3,0
DA:4,0
DA:5,0
DA:7,0
DA:13,0
DA:15,0
DA:16,0
DA:28,0
DA:31,0
DA:34,0
LF:10
LH:0
BRF:0
BRH:0
end_of_record
TN:
SF:src\components\chat\chat-interface.tsx
FN:14,ChatInterface
FN:19,(anonymous_5)
FN:24,(anonymous_6)
FN:31,(anonymous_7)
FN:38,(anonymous_8)
FN:53,(anonymous_9)
FN:75,(anonymous_10)
FN:83,(anonymous_11)
FNF:8
FNH:0
FNDA:0,ChatInterface
FNDA:0,(anonymous_5)
FNDA:0,(anonymous_6)
FNDA:0,(anonymous_7)
FNDA:0,(anonymous_8)
FNDA:0,(anonymous_9)
FNDA:0,(anonymous_10)
FNDA:0,(anonymous_11)
DA:3,0
DA:4,0
DA:5,0
DA:6,0
DA:7,0
DA:14,0
DA:15,0
DA:16,0
DA:17,0
DA:19,0
DA:20,0
DA:23,0
DA:24,0
DA:25,0
DA:26,0
DA:28,0
DA:31,0
DA:33,0
DA:38,0
DA:40,0
DA:42,0
DA:54,0
DA:76,0
DA:77,0
DA:83,0
LF:25
LH:0
BRDA:20,0,0,0
BRDA:57,1,0,0
BRDA:57,1,1,0
BRDA:65,2,0,0
BRDA:87,3,0,0
BRDA:87,3,1,0
BRF:6
BRH:0
end_of_record
TN:
SF:src\components\dashboard\chat-history.tsx
FN:35,ChatHistory
FN:46,(anonymous_2)
FNF:2
FNH:0
FNDA:0,ChatHistory
FNDA:0,(anonymous_2)
DA:7,0
DA:8,0
DA:9,0
DA:11,0
DA:35,0
DA:47,0
LF:6
LH:0
BRF:0
BRH:0
end_of_record
TN:
SF:src\components\dashboard\recent-documents.tsx
FN:43,RecentDocuments
FN:65,(anonymous_2)
FNF:2
FNH:0
FNDA:0,RecentDocuments
FNDA:0,(anonymous_2)
DA:8,0
DA:9,0
DA:10,0
DA:12,0
DA:43,0
DA:66,0
LF:6
LH:0
BRF:0
BRH:0
end_of_record
TN:
SF:src\components\dashboard\stats-cards.tsx
FN:4,StatsCards
FNF:1
FNH:0
FNDA:0,StatsCards
DA:1,0
DA:2,0
DA:4,0
LF:3
LH:0
BRF:0
BRH:0
end_of_record
TN:
SF:src\components\dashboard\upload-document.tsx
FN:15,UploadDocument
FN:20,(anonymous_2)
FN:26,(anonymous_3)
FN:31,(anonymous_4)
FN:39,(anonymous_5)
FN:76,(anonymous_6)
FN:78,(anonymous_7)
FNF:7
FNH:0
FNDA:0,UploadDocument
FNDA:0,(anonymous_2)
FNDA:0,(anonymous_3)
FNDA:0,(anonymous_4)
FNDA:0,(anonymous_5)
FNDA:0,(anonymous_6)
FNDA:0,(anonymous_7)
DA:1,0
DA:2,0
DA:3,0
DA:11,0
DA:12,0
DA:13,0
DA:15,0
DA:16,0
DA:17,0
DA:18,0
DA:20,0
DA:21,0
DA:22,0
DA:23,0
DA:26,0
DA:27,0
DA:28,0
DA:31,0
DA:32,0
DA:33,0
DA:35,0
DA:37,0
DA:38,0
DA:39,0
DA:43,0
DA:48,0
DA:54,0
DA:55,0
DA:76,0
DA:78,0
LF:30
LH:0
BRDA:27,0,0,0
BRDA:27,0,1,0
BRDA:92,1,0,0
BRF:3
BRH:0
end_of_record
TN:
SF:src\components\dashboard\analytics\data-table.tsx
FN:52,AnalyticsTable
FN:73,(anonymous_2)
FNF:2
FNH:0
FNDA:0,AnalyticsTable
FNDA:0,(anonymous_2)
DA:8,0
DA:15,0
DA:17,0
DA:52,0
DA:74,0
LF:5
LH:0
BRF:0
BRH:0
end_of_record
TN:
SF:src\components\dashboard\analytics\performance-chart.tsx
FN:14,PerformanceChart
FNF:1
FNH:0
FNDA:0,PerformanceChart
DA:1,0
DA:2,0
DA:4,0
DA:14,0
LF:4
LH:0
BRF:0
BRH:0
end_of_record
TN:
SF:src\components\layout\sidebar.tsx
FN:15,Sidebar
FN:61,(anonymous_3)
FNF:2
FNH:0
FNDA:0,Sidebar
FNDA:0,(anonymous_3)
DA:3,0
DA:4,0
DA:12,0
DA:13,0
DA:15,0
DA:16,0
DA:18,0
DA:62,0
LF:8
LH:0
BRDA:67,0,0,0
BRDA:67,0,1,0
BRF:2
BRH:0
end_of_record
TN:
SF:src\components\ui\badge.tsx
FN:30,Badge
FNF:1
FNH:0
FNDA:0,Badge
DA:1,2
DA:2,2
DA:4,2
DA:6,2
DA:36,0
LF:5
LH:4
BRF:0
BRH:0
end_of_record
TN:
SF:src\components\ui\button.tsx
FN:43,(anonymous_6)
FNF:1
FNH:1
FNDA:61,(anonymous_6)
DA:1,3
DA:2,3
DA:3,3
DA:4,3
DA:6,3
DA:42,3
DA:44,61
DA:54,3
DA:56,61
LF:9
LH:9
BRDA:43,0,0,61
BRDA:44,1,0,0
BRDA:44,1,1,61
BRF:3
BRH:2
end_of_record
TN:
SF:src\components\ui\card.tsx
FNF:0
FNH:0
DA:1,3
DA:3,3
DA:18,3
DA:30,3
DA:45,3
DA:57,3
DA:65,3
DA:77,3
DA:79,23
LF:9
LH:9
BRF:0
BRH:0
end_of_record
TN:
SF:src\components\ui\dropdown-menu.tsx
FN:171,(anonymous_27)
FNF:1
FNH:0
FNDA:0,(anonymous_27)
DA:3,2
DA:4,2
DA:5,2
DA:7,2
DA:9,2
DA:11,2
DA:13,2
DA:15,2
DA:17,2
DA:19,2
DA:40,2
DA:56,2
DA:75,2
DA:93,2
DA:116,2
DA:139,2
DA:157,2
DA:169,2
DA:171,2
DA:182,2
DA:185,0
DA:186,0
DA:187,0
DA:188,0
DA:189,0
DA:190,0
DA:191,0
DA:192,0
DA:193,0
DA:194,0
DA:195,0
DA:196,0
DA:197,0
DA:198,0
DA:199,0
LF:35
LH:20
BRDA:31,0,0,0
BRDA:31,0,1,0
BRDA:62,1,0,0
BRDA:87,2,0,0
BRDA:87,2,1,0
BRDA:151,3,0,0
BRDA:151,3,1,0
BRF:7
BRH:0
end_of_record
TN:
SF:src\components\ui\index.ts
FNF:0
FNH:0
DA:1,2
DA:2,2
DA:3,2
DA:4,2
DA:5,2
DA:6,2
DA:7,2
DA:8,2
DA:9,2
DA:10,2
DA:11,2
DA:12,2
DA:13,2
DA:14,2
LF:14
LH:14
BRF:0
BRH:0
end_of_record
TN:
SF:src\components\ui\input.tsx
FN:8,(anonymous_4)
FNF:1
FNH:1
FNDA:12,(anonymous_4)
DA:1,3
DA:2,3
DA:7,3
DA:22,3
DA:24,12
LF:5
LH:5
BRF:0
BRH:0
end_of_record
TN:
SF:src\components\ui\label.tsx
FNF:0
FNH:0
DA:1,3
DA:2,3
DA:3,3
DA:18,3
DA:20,18
LF:5
LH:5
BRF:0
BRH:0
end_of_record
TN:
SF:src\components\ui\scroll-area.tsx
FNF:0
FNH:0
DA:1,2
DA:2,2
DA:3,2
DA:21,2
DA:46,2
DA:48,0
LF:6
LH:5
BRDA:26,0,0,0
BRDA:32,1,0,0
BRDA:32,1,1,0
BRDA:33,2,0,0
BRDA:33,2,1,0
BRDA:41,3,0,0
BRDA:41,3,1,0
BRF:7
BRH:0
end_of_record
TN:
SF:src\components\ui\select.tsx
FNF:0
FNH:0
DA:1,2
DA:2,2
DA:3,2
DA:4,2
DA:6,2
DA:8,2
DA:10,2
DA:30,2
DA:51,2
DA:63,2
DA:86,2
DA:98,2
DA:101,0
DA:102,0
DA:103,0
DA:104,0
DA:105,0
DA:106,0
DA:107,0
DA:108,0
LF:20
LH:12
BRF:0
BRH:0
end_of_record
TN:
SF:src\components\ui\switch.tsx
FNF:0
FNH:0
DA:1,3
DA:2,3
DA:3,3
DA:24,3
DA:26,6
LF:5
LH:5
BRF:0
BRH:0
end_of_record
TN:
SF:src\components\ui\table.tsx
FNF:0
FNH:0
DA:1,2
DA:2,2
DA:16,2
DA:24,2
DA:36,2
DA:51,2
DA:66,2
DA:81,2
DA:96,2
DA:108,2
DA:111,0
DA:112,0
DA:113,0
DA:114,0
DA:115,0
DA:116,0
DA:117,0
DA:118,0
LF:18
LH:10
BRF:0
BRH:0
end_of_record
TN:
SF:src\components\ui\tabs.tsx
FNF:0
FNH:0
DA:1,2
DA:2,2
DA:3,2
DA:5,2
DA:20,2
DA:35,2
DA:50,2
DA:52,0
LF:8
LH:7
BRF:0
BRH:0
end_of_record
TN:
SF:src\components\ui\textarea.tsx
FN:8,(anonymous_4)
FNF:1
FNH:0
FNDA:0,(anonymous_4)
DA:1,2
DA:2,2
DA:7,2
DA:21,2
DA:23,0
LF:5
LH:4
BRF:0
BRH:0
end_of_record
TN:
SF:src\components\ui\toast.tsx
FN:38,(anonymous_12)
FN:68,(anonymous_14)
FNF:2
FNH:0
FNDA:0,(anonymous_12)
FNDA:0,(anonymous_14)
DA:3,2
DA:4,2
DA:5,2
DA:8,2
DA:10,2
DA:11,2
DA:13,2
DA:14,2
DA:15,2
DA:16,2
DA:18,2
DA:34,2
DA:47,2
DA:62,2
DA:64,2
DA:76,2
DA:79,0
DA:80,0
DA:81,0
DA:82,0
DA:83,0
DA:84,0
DA:85,0
DA:86,0
LF:24
LH:16
BRF:0
BRH:0
end_of_record
TN:
SF:src\components\ui\use-toast.ts
FN:20,reducer
FN:30,(anonymous_8)
FN:39,(anonymous_9)
FN:45,(anonymous_10)
FN:52,useToast
FN:56,(anonymous_12)
FN:59,(anonymous_13)
FN:83,(anonymous_14)
FN:87,(anonymous_15)
FN:88,(anonymous_16)
FN:92,(anonymous_17)
FN:104,toast
FNF:12
FNH:2
FNDA:0,reducer
FNDA:0,(anonymous_8)
FNDA:0,(anonymous_9)
FNDA:0,(anonymous_10)
FNDA:4,useToast
FNDA:0,(anonymous_12)
FNDA:0,(anonymous_13)
FNDA:0,(anonymous_14)
FNDA:0,(anonymous_15)
FNDA:0,(anonymous_16)
FNDA:0,(anonymous_17)
FNDA:4,toast
DA:1,3
DA:4,3
DA:5,3
DA:18,3
DA:20,0
DA:21,0
DA:23,0
DA:28,0
DA:31,0
DA:35,0
DA:37,0
DA:39,0
DA:43,0
DA:45,0
DA:49,0
DA:52,0
DA:53,4
DA:55,0
DA:57,0
DA:59,0
DA:60,0
DA:61,0
DA:66,0
DA:78,0
DA:83,0
DA:84,0
DA:87,0
DA:88,0
DA:89,0
DA:92,0
DA:93,0
DA:97,0
DA:104,4
DA:105,4
DA:106,0
LF:35
LH:7
BRDA:21,0,0,0
BRDA:21,0,1,0
BRDA:21,0,2,0
BRDA:21,0,3,0
BRDA:31,1,0,0
BRDA:31,1,1,0
BRDA:57,2,0,0
BRDA:57,2,1,0
BRDA:60,3,0,0
BRDA:60,3,1,0
BRF:10
BRH:0
end_of_record
TN:
SF:src\components\voice-assistant\voice-demo.tsx
FN:8,VoiceAssistantDemo
FN:19,(anonymous_2)
FN:58,(anonymous_3)
FN:71,(anonymous_4)
FNF:4
FNH:4
FNDA:15,VoiceAssistantDemo
FNDA:5,(anonymous_2)
FNDA:3,(anonymous_3)
FNDA:5,(anonymous_4)
DA:3,2
DA:4,2
DA:5,2
DA:6,2
DA:8,10
DA:15,15
DA:17,15
DA:19,15
DA:20,5
DA:21,2
DA:26,0
DA:29,3
DA:59,3
DA:71,5
LF:14
LH:13
BRDA:20,0,0,2
BRDA:55,1,0,15
BRF:2
BRH:2
end_of_record
TN:
SF:src\components\voice-assistant\voice-settings.tsx
FN:14,VoiceAssistantSettings
FN:26,(anonymous_2)
FN:37,(anonymous_3)
FN:42,(anonymous_4)
FN:89,(anonymous_5)
FN:156,(anonymous_6)
FN:165,(anonymous_7)
FNF:7
FNH:6
FNDA:6,VoiceAssistantSettings
FNDA:6,(anonymous_2)
FNDA:3,(anonymous_3)
FNDA:1,(anonymous_4)
FNDA:0,(anonymous_5)
FNDA:2,(anonymous_6)
FNDA:1,(anonymous_7)
DA:3,1
DA:4,1
DA:5,1
DA:6,1
DA:7,1
DA:8,1
DA:9,1
DA:10,1
DA:11,1
DA:12,1
DA:14,2
DA:15,6
DA:16,6
DA:17,6
DA:24,6
DA:26,6
DA:27,6
DA:28,6
DA:30,6
DA:31,0
DA:34,6
DA:37,6
DA:38,3
DA:39,3
DA:42,6
DA:43,1
DA:45,1
DA:46,0
DA:51,0
DA:54,1
DA:60,1
DA:61,1
DA:72,1
DA:74,1
DA:75,1
DA:81,1
DA:89,6
DA:90,0
DA:92,0
DA:93,0
DA:98,0
DA:101,0
DA:107,0
DA:108,0
DA:119,0
DA:121,0
DA:122,0
DA:128,0
DA:156,2
DA:165,1
LF:50
LH:36
BRDA:30,0,0,0
BRDA:39,1,0,3
BRDA:39,1,1,1
BRDA:45,2,0,0
BRDA:74,3,0,1
BRDA:92,4,0,0
BRDA:121,5,0,0
BRDA:179,6,0,6
BRDA:179,6,1,3
BRF:9
BRH:5
end_of_record
TN:
SF:src\components\voice-assistant\voice-transcription.tsx
FN:8,VoiceTranscription
FN:18,(anonymous_2)
FN:23,(anonymous_3)
FN:40,(anonymous_4)
FN:48,(anonymous_5)
FN:50,(anonymous_6)
FN:51,(anonymous_7)
FN:61,(anonymous_8)
FN:68,(anonymous_9)
FN:100,(anonymous_10)
FN:163,(anonymous_11)
FN:169,(anonymous_12)
FNF:12
FNH:1
FNDA:2,VoiceTranscription
FNDA:0,(anonymous_2)
FNDA:0,(anonymous_3)
FNDA:0,(anonymous_4)
FNDA:0,(anonymous_5)
FNDA:0,(anonymous_6)
FNDA:0,(anonymous_7)
FNDA:0,(anonymous_8)
FNDA:0,(anonymous_9)
FNDA:0,(anonymous_10)
FNDA:0,(anonymous_11)
FNDA:0,(anonymous_12)
DA:3,1
DA:4,1
DA:5,1
DA:6,1
DA:8,2
DA:9,2
DA:10,2
DA:11,2
DA:12,2
DA:13,2
DA:14,2
DA:16,2
DA:18,2
DA:19,0
DA:20,0
DA:21,0
DA:23,0
DA:24,0
DA:27,0
DA:28,0
DA:29,0
DA:30,0
DA:32,0
DA:40,2
DA:41,0
DA:42,0
DA:43,0
DA:44,0
DA:48,2
DA:49,0
DA:50,0
DA:51,0
DA:52,0
DA:53,0
DA:54,0
DA:56,0
DA:61,2
DA:62,0
DA:63,0
DA:64,0
DA:68,2
DA:69,0
DA:70,0
DA:71,0
DA:72,0
DA:74,0
DA:79,0
DA:81,0
DA:82,0
DA:83,0
DA:90,0
DA:92,0
DA:100,2
DA:101,0
DA:102,0
DA:110,0
DA:112,0
DA:114,0
DA:115,0
DA:117,0
DA:118,0
DA:120,0
DA:126,0
DA:164,0
DA:169,0
LF:65
LH:18
BRDA:41,0,0,0
BRDA:52,1,0,0
BRDA:62,2,0,0
BRDA:81,3,0,0
BRDA:112,4,0,0
BRDA:155,5,0,2
BRDA:160,6,0,2
BRF:7
BRH:2
end_of_record
TN:
SF:src\config\site.ts
FNF:0
FNH:0
DA:1,0
LF:1
LH:0
BRF:0
BRH:0
end_of_record
TN:
SF:src\hooks\use-voice-assistant.ts
FN:12,useVoiceAssistant
FN:22,(anonymous_2)
FN:28,(anonymous_3)
FN:35,(anonymous_4)
FN:49,(anonymous_5)
FN:69,(anonymous_6)
FN:72,(anonymous_7)
FN:79,(anonymous_8)
FN:97,(anonymous_9)
FN:116,(anonymous_10)
FN:135,(anonymous_11)
FNF:11
FNH:1
FNDA:6,useVoiceAssistant
FNDA:0,(anonymous_2)
FNDA:0,(anonymous_3)
FNDA:0,(anonymous_4)
FNDA:0,(anonymous_5)
FNDA:0,(anonymous_6)
FNDA:0,(anonymous_7)
FNDA:0,(anonymous_8)
FNDA:0,(anonymous_9)
FNDA:0,(anonymous_10)
FNDA:0,(anonymous_11)
DA:1,1
DA:2,1
DA:3,1
DA:4,1
DA:12,6
DA:13,6
DA:19,6
DA:20,6
DA:22,6
DA:23,0
DA:24,0
DA:25,0
DA:26,0
DA:28,0
DA:29,0
DA:32,0
DA:33,0
DA:35,0
DA:41,0
DA:47,0
DA:49,0
DA:55,0
DA:61,0
DA:69,6
DA:70,0
DA:71,0
DA:72,0
DA:79,6
DA:80,0
DA:81,0
DA:82,0
DA:83,0
DA:85,0
DA:90,0
DA:91,0
DA:94,0
DA:96,0
DA:97,0
DA:102,0
DA:108,0
DA:114,0
DA:116,0
DA:121,0
DA:127,0
DA:135,6
DA:136,0
DA:138,0
DA:139,0
DA:145,0
DA:150,0
DA:153,0
DA:161,0
DA:162,0
DA:165,0
DA:167,0
DA:168,0
DA:175,0
DA:176,0
DA:178,0
DA:184,0
DA:186,0
DA:192,0
DA:200,6
LF:63
LH:13
BRDA:47,0,0,0
BRDA:47,0,1,0
BRDA:70,1,0,0
BRDA:90,2,0,0
BRDA:96,3,0,0
BRDA:114,4,0,0
BRDA:114,4,1,0
BRDA:138,5,0,0
BRDA:161,6,0,0
BRDA:167,7,0,0
BRDA:184,8,0,0
BRDA:184,8,1,0
BRF:12
BRH:0
end_of_record
TN:
SF:src\lib\constants.ts
FNF:0
FNH:0
DA:1,0
LF:1
LH:0
BRF:0
BRH:0
end_of_record
TN:
SF:src\lib\supabase.ts
FNF:0
FNH:0
DA:1,0
DA:3,0
DA:4,0
DA:6,0
LF:4
LH:0
BRF:0
BRH:0
end_of_record
TN:
SF:src\lib\utils.ts
FN:4,cn
FNF:1
FNH:1
FNDA:195,cn
DA:1,3
DA:2,3
DA:4,195
DA:5,195
LF:4
LH:4
BRF:0
BRH:0
end_of_record
TN:
SF:src\lib\agents\agent-repository.ts
FN:8,(anonymous_3)
FN:25,(anonymous_4)
FN:46,(anonymous_5)
FN:51,(anonymous_6)
FN:56,(anonymous_7)
FN:61,(anonymous_8)
FN:66,(anonymous_9)
FNF:7
FNH:0
FNDA:0,(anonymous_3)
FNDA:0,(anonymous_4)
FNDA:0,(anonymous_5)
FNDA:0,(anonymous_6)
FNDA:0,(anonymous_7)
FNDA:0,(anonymous_8)
FNDA:0,(anonymous_9)
DA:1,0
DA:2,0
DA:4,0
DA:5,0
DA:9,0
DA:16,0
DA:17,0
DA:20,0
DA:21,0
DA:26,0
DA:27,0
DA:28,0
DA:31,0
DA:37,0
DA:38,0
DA:41,0
DA:42,0
DA:47,0
DA:52,0
DA:57,0
DA:62,0
DA:67,0
DA:72,0
LF:23
LH:0
BRDA:16,0,0,0
BRDA:27,1,0,0
BRDA:37,2,0,0
BRF:3
BRH:0
end_of_record
TN:
SF:src\lib\agents\agent-service.ts
FN:6,(anonymous_3)
FN:26,(anonymous_4)
FN:27,(anonymous_5)
FN:31,(anonymous_6)
FN:43,(anonymous_7)
FN:55,(anonymous_8)
FN:57,(anonymous_9)
FN:63,(anonymous_10)
FN:64,(anonymous_11)
FNF:9
FNH:0
FNDA:0,(anonymous_3)
FNDA:0,(anonymous_4)
FNDA:0,(anonymous_5)
FNDA:0,(anonymous_6)
FNDA:0,(anonymous_7)
FNDA:0,(anonymous_8)
FNDA:0,(anonymous_9)
FNDA:0,(anonymous_10)
FNDA:0,(anonymous_11)
DA:1,0
DA:2,0
DA:4,0
DA:7,0
DA:27,0
DA:32,0
DA:33,0
DA:34,0
DA:37,0
DA:44,0
DA:45,0
DA:46,0
DA:49,0
DA:56,0
DA:57,0
DA:59,0
DA:64,0
DA:65,0
DA:71,0
LF:19
LH:0
BRDA:33,0,0,0
BRDA:45,1,0,0
BRF:2
BRH:0
end_of_record
TN:
SF:src\lib\llm\openai-service.ts
FN:14,(anonymous_4)
FN:25,(anonymous_5)
FN:45,(anonymous_6)
FN:74,(anonymous_7)
FN:91,(anonymous_8)
FN:103,(anonymous_9)
FN:108,(anonymous_10)
FN:114,(anonymous_11)
FN:143,(anonymous_12)
FNF:9
FNH:6
FNDA:4,(anonymous_4)
FNDA:4,(anonymous_5)
FNDA:1,(anonymous_6)
FNDA:1,(anonymous_7)
FNDA:0,(anonymous_8)
FNDA:1,(anonymous_9)
FNDA:1,(anonymous_10)
FNDA:0,(anonymous_11)
FNDA:0,(anonymous_12)
DA:1,1
DA:10,3
DA:11,4
DA:12,4
DA:15,4
DA:22,4
DA:26,4
DA:28,4
DA:29,4
DA:30,4
DA:33,0
DA:34,0
DA:41,0
DA:46,1
DA:47,1
DA:50,0
DA:51,0
DA:67,0
DA:69,0
DA:70,0
DA:75,1
DA:82,1
DA:83,1
DA:84,0
DA:88,1
DA:92,0
DA:104,1
DA:105,1
DA:109,1
DA:110,1
DA:119,0
DA:120,0
DA:125,0
DA:127,0
DA:129,0
DA:135,0
DA:136,0
DA:145,0
DA:151,0
DA:152,0
DA:156,1
LF:41
LH:21
BRDA:28,0,0,4
BRDA:46,1,0,1
BRDA:67,2,0,0
BRDA:67,2,1,0
BRDA:83,3,0,0
BRDA:83,4,0,1
BRDA:83,4,1,1
BRDA:119,5,0,0
BRDA:143,6,0,0
BRDA:151,7,0,0
BRDA:151,7,1,0
BRF:11
BRH:4
end_of_record
TN:
SF:src\lib\logging\voice-logger.ts
FN:15,(anonymous_1)
FN:17,(anonymous_2)
FN:24,(anonymous_3)
FN:45,(anonymous_4)
FN:49,(anonymous_5)
FN:51,(anonymous_6)
FN:60,(anonymous_7)
FNF:7
FNH:4
FNDA:2,(anonymous_1)
FNDA:2,(anonymous_2)
FNDA:3,(anonymous_3)
FNDA:3,(anonymous_4)
FNDA:0,(anonymous_5)
FNDA:0,(anonymous_6)
FNDA:0,(anonymous_7)
DA:1,2
DA:13,2
DA:18,2
DA:19,2
DA:21,2
DA:25,3
DA:32,3
DA:33,2
DA:35,1
DA:39,3
DA:40,3
DA:41,0
DA:46,3
DA:50,0
DA:51,0
DA:53,0
DA:61,0
DA:65,6
LF:18
LH:13
BRDA:18,0,0,2
BRDA:32,1,0,2
BRDA:32,1,1,1
BRDA:40,2,0,0
BRDA:56,3,0,0
BRDA:56,3,1,0
BRF:6
BRH:3
end_of_record
TN:
SF:src\lib\performance\audio-optimizer.ts
FN:5,(anonymous_1)
FN:6,(anonymous_2)
FN:11,(anonymous_3)
FN:66,(anonymous_4)
FN:111,setUint16
FN:116,setUint32
FN:125,(anonymous_7)
FN:129,(anonymous_8)
FN:133,(anonymous_9)
FNF:9
FNH:0
FNDA:0,(anonymous_1)
FNDA:0,(anonymous_2)
FNDA:0,(anonymous_3)
FNDA:0,(anonymous_4)
FNDA:0,setUint16
FNDA:0,setUint32
FNDA:0,(anonymous_7)
FNDA:0,(anonymous_8)
FNDA:0,(anonymous_9)
DA:1,0
DA:3,0
DA:6,0
DA:7,0
DA:8,0
DA:10,0
DA:11,0
DA:12,0
DA:13,0
DA:14,0
DA:16,0
DA:22,0
DA:23,0
DA:25,0
DA:26,0
DA:27,0
DA:28,0
DA:29,0
DA:30,0
DA:32,0
DA:33,0
DA:35,0
DA:36,0
DA:38,0
DA:39,0
DA:41,0
DA:43,0
DA:50,0
DA:52,0
DA:57,0
DA:61,0
DA:67,0
DA:68,0
DA:69,0
DA:70,0
DA:71,0
DA:73,0
DA:74,0
DA:77,0
DA:78,0
DA:79,0
DA:81,0
DA:82,0
DA:83,0
DA:84,0
DA:85,0
DA:86,0
DA:87,0
DA:88,0
DA:90,0
DA:91,0
DA:94,0
DA:95,0
DA:98,0
DA:99,0
DA:100,0
DA:101,0
DA:102,0
DA:103,0
DA:105,0
DA:109,0
DA:112,0
DA:113,0
DA:117,0
DA:118,0
DA:123,0
DA:126,0
DA:130,0
DA:134,0
LF:69
LH:0
BRDA:5,0,0,0
BRDA:101,1,0,0
BRDA:101,1,1,0
BRF:3
BRH:0
end_of_record
TN:
SF:src\lib\security\voice-validator.ts
FN:3,(anonymous_3)
FN:9,(anonymous_4)
FN:29,(anonymous_5)
FN:47,(anonymous_6)
FN:53,(anonymous_7)
FN:74,(anonymous_8)
FN:93,(anonymous_9)
FN:99,(anonymous_10)
FN:105,processVoiceInput
FNF:9
FNH:3
FNDA:3,(anonymous_3)
FNDA:4,(anonymous_4)
FNDA:6,(anonymous_5)
FNDA:0,(anonymous_6)
FNDA:0,(anonymous_7)
FNDA:0,(anonymous_8)
FNDA:0,(anonymous_9)
FNDA:0,(anonymous_10)
FNDA:0,processVoiceInput
DA:1,9
DA:4,3
DA:5,3
DA:11,4
DA:12,0
DA:16,4
DA:17,0
DA:21,4
DA:24,4
DA:25,4
DA:31,6
DA:34,6
DA:37,6
DA:39,6
DA:48,0
DA:49,0
DA:54,0
DA:55,0
DA:58,0
DA:59,0
DA:60,0
DA:64,0
DA:70,0
DA:75,0
DA:76,0
DA:84,0
DA:85,0
DA:87,0
DA:88,0
DA:94,0
DA:95,0
DA:100,0
DA:105,0
DA:106,0
DA:107,0
DA:110,0
LF:36
LH:12
BRDA:11,0,0,0
BRDA:11,1,0,4
BRDA:11,1,1,4
BRDA:16,2,0,0
BRDA:54,3,0,0
BRDA:54,4,0,0
BRDA:54,4,1,0
BRDA:59,5,0,0
BRDA:93,6,0,0
BRDA:99,7,0,0
BRDA:106,8,0,0
BRF:11
BRH:2
end_of_record
TN:
SF:src\lib\tts\tts-strategy.ts
FN:16,(anonymous_6)
FN:20,(anonymous_7)
FN:27,(anonymous_8)
FN:37,(anonymous_9)
FN:44,(anonymous_11)
FN:51,(anonymous_12)
FN:58,(anonymous_13)
FNF:7
FNH:7
FNDA:10,(anonymous_6)
FNDA:6,(anonymous_7)
FNDA:3,(anonymous_8)
FNDA:3,(anonymous_9)
FNDA:1,(anonymous_11)
FNDA:1,(anonymous_12)
FNDA:1,(anonymous_13)
DA:12,3
DA:13,5
DA:14,5
DA:17,10
DA:21,6
DA:22,1
DA:24,5
DA:28,3
DA:30,3
DA:31,0
DA:34,3
DA:38,3
DA:43,1
DA:46,1
DA:50,1
DA:53,1
DA:57,1
DA:60,1
DA:65,4
DA:68,2
DA:69,2
DA:70,2
LF:22
LH:21
BRDA:21,0,0,1
BRDA:30,1,0,0
BRF:2
BRH:1
end_of_record
TN:
SF:src\types\agent.ts
FN:4,(anonymous_13)
FN:12,(anonymous_14)
FN:18,(anonymous_15)
FN:26,(anonymous_16)
FN:84,validateAgent
FNF:5
FNH:4
FNDA:1,(anonymous_13)
FNDA:1,(anonymous_14)
FNDA:1,(anonymous_15)
FNDA:1,(anonymous_16)
FNDA:0,validateAgent
DA:1,1
DA:4,1
DA:12,1
DA:18,1
DA:26,1
DA:34,1
DA:35,1
DA:36,1
DA:37,1
DA:40,1
DA:47,1
DA:54,1
DA:84,0
DA:85,0
DA:86,0
DA:87,0
DA:89,0
LF:17
LH:12
BRDA:4,0,0,1
BRDA:4,0,1,1
BRDA:12,1,0,1
BRDA:12,1,1,1
BRDA:18,2,0,1
BRDA:18,2,1,1
BRDA:26,3,0,1
BRDA:26,3,1,1
BRF:8
BRH:8
end_of_record
